#
# There is insufficient memory for the Java Runtime Environment to continue.
# Native memory allocation (malloc) failed to allocate 1187056 bytes for Chunk::new
# Possible reasons:
#   The system is out of physical RAM or swap space
#   The process is running with CompressedOops enabled, and the Java Heap may be blocking the growth of the native heap
# Possible solutions:
#   Reduce memory load on the system
#   Increase physical memory or swap space
#   Check if swap backing store is full
#   Decrease Java heap size (-Xmx/-Xms)
#   Decrease number of Java threads
#   Decrease Java thread stack sizes (-Xss)
#   Set larger code cache with -XX:ReservedCodeCacheSize=
#   JVM is running with Unscaled Compressed Oops mode in which the Java heap is
#     placed in the first 4GB address space. The Java Heap base address is the
#     maximum limit for the native heap growth. Please use -XX:HeapBaseMinAddress
#     to set the Java Heap base and to place the Java Heap above 4GB virtual address.
# This output file may be truncated or incomplete.
#
#  Out of Memory Error (arena.cpp:184), pid=3916, tid=1700
#
# JRE version: Java(TM) SE Runtime Environment (20.0.2+9) (build 20.0.2+9-78)
# Java VM: Java HotSpot(TM) 64-Bit Server VM (20.0.2+9-78, mixed mode, sharing, tiered, compressed oops, compressed class ptrs, g1 gc, windows-amd64)
# No core dump will be written. Minidumps are not enabled by default on client versions of Windows
#

---------------  S U M M A R Y ------------

Command Line: -Dfile.encoding=UTF-8 --module-path=D:\uni java projects\BookShop\build\classes interfaces.Employee_Accounts

Host: Intel(R) Core(TM) i3-1005G1 CPU @ 1.20GHz, 4 cores, 3G,  Windows 11 , 64 bit Build 22621 (10.0.22621.2506)
Time: Sat Dec  9 03:02:30 2023 Sri Lanka Standard Time elapsed time: 2.516851 seconds (0d 0h 0m 2s)

---------------  T H R E A D  ---------------

Current thread (0x0000024c79ecb5d0):  JavaThread "C2 CompilerThread0" daemon [_thread_in_native, id=1700, stack(0x0000007d7da00000,0x0000007d7db00000)]


Current CompileTask:
C2:   2516 1624       4       sun.security.ec.ECOperations::setDouble (463 bytes)

Stack: [0x0000007d7da00000,0x0000007d7db00000]
Native frames: (J=compiled Java code, j=interpreted, Vv=VM code, C=native code)
V  [jvm.dll+0x6bc25a]
V  [jvm.dll+0x84971a]
V  [jvm.dll+0x84b315]
V  [jvm.dll+0x84ba13]
V  [jvm.dll+0x280e4f]
V  [jvm.dll+0xc2ab1]
V  [jvm.dll+0xc2dd5]
V  [jvm.dll+0x3bb612]
V  [jvm.dll+0x385b75]
V  [jvm.dll+0x384fea]
V  [jvm.dll+0x24b529]
V  [jvm.dll+0x24a921]
V  [jvm.dll+0x1ce761]
V  [jvm.dll+0x25a0eb]
V  [jvm.dll+0x2587c0]
V  [jvm.dll+0x3f2dd5]
V  [jvm.dll+0x7f5c76]
V  [jvm.dll+0x6baecb]
C  [ucrtbase.dll+0x29363]
C  [KERNEL32.DLL+0x1257d]
C  [ntdll.dll+0x5aa58]


---------------  P R O C E S S  ---------------

Threads class SMR info:
_java_thread_list=0x0000024c5041ff80, length=16, elements={
0x0000024c79ec1be0, 0x0000024c79ec2b20, 0x0000024c79ec49a0, 0x0000024c79ec74e0,
0x0000024c79ec8f20, 0x0000024c79ec9950, 0x0000024c79ecb5d0, 0x0000024c79ed3560,
0x0000024c79eac190, 0x0000024c7e1ef150, 0x0000024c7e3e00e0, 0x0000024c7e3e2040,
0x0000024c7e3e7680, 0x0000024c7e461990, 0x0000024c6c576920, 0x0000024c50521760
}

Java Threads: ( => current thread )
  0x0000024c79ec1be0 JavaThread "Reference Handler" daemon [_thread_blocked, id=6032, stack(0x0000007d7d400000,0x0000007d7d500000)]
  0x0000024c79ec2b20 JavaThread "Finalizer" daemon [_thread_blocked, id=6632, stack(0x0000007d7d500000,0x0000007d7d600000)]
  0x0000024c79ec49a0 JavaThread "Signal Dispatcher" daemon [_thread_blocked, id=18660, stack(0x0000007d7d600000,0x0000007d7d700000)]
  0x0000024c79ec74e0 JavaThread "Attach Listener" daemon [_thread_blocked, id=14392, stack(0x0000007d7d700000,0x0000007d7d800000)]
  0x0000024c79ec8f20 JavaThread "Service Thread" daemon [_thread_blocked, id=4952, stack(0x0000007d7d800000,0x0000007d7d900000)]
  0x0000024c79ec9950 JavaThread "Monitor Deflation Thread" daemon [_thread_blocked, id=8672, stack(0x0000007d7d900000,0x0000007d7da00000)]
=>0x0000024c79ecb5d0 JavaThread "C2 CompilerThread0" daemon [_thread_in_native, id=1700, stack(0x0000007d7da00000,0x0000007d7db00000)]
  0x0000024c79ed3560 JavaThread "C1 CompilerThread0" daemon [_thread_blocked, id=16472, stack(0x0000007d7db00000,0x0000007d7dc00000)]
  0x0000024c79eac190 JavaThread "Common-Cleaner" daemon [_thread_blocked, id=23760, stack(0x0000007d7dc00000,0x0000007d7dd00000)]
  0x0000024c7e1ef150 JavaThread "Notification Thread" daemon [_thread_blocked, id=24572, stack(0x0000007d7dd00000,0x0000007d7de00000)]
  0x0000024c7e3e00e0 JavaThread "Java2D Disposer" daemon [_thread_blocked, id=12960, stack(0x0000007d7df00000,0x0000007d7e000000)]
  0x0000024c7e3e2040 JavaThread "AWT-Shutdown" [_thread_blocked, id=1152, stack(0x0000007d7e000000,0x0000007d7e100000)]
  0x0000024c7e3e7680 JavaThread "AWT-Windows" daemon [_thread_in_native, id=18320, stack(0x0000007d7e100000,0x0000007d7e200000)]
  0x0000024c7e461990 JavaThread "AWT-EventQueue-0" [_thread_in_vm, id=18892, stack(0x0000007d7e200000,0x0000007d7e300000)]
  0x0000024c6c576920 JavaThread "DestroyJavaVM" [_thread_blocked, id=15388, stack(0x0000007d7cd00000,0x0000007d7ce00000)]
  0x0000024c50521760 JavaThread "mysql-cj-abandoned-connection-cleanup" daemon [_thread_blocked, id=23036, stack(0x0000007d7e600000,0x0000007d7e700000)]

Other Threads:
  0x0000024c6c636880 VMThread "VM Thread" [stack: 0x0000007d7d300000,0x0000007d7d400000] [id=3556]
  0x0000024c7e1ef6a0 WatcherThread "VM Periodic Task Thread" [stack: 0x0000007d7de00000,0x0000007d7df00000] [id=18176]
  0x0000024c6c5b8340 WorkerThread "GC Thread#0" [stack: 0x0000007d7ce00000,0x0000007d7cf00000] [id=22784]
  0x0000024c501ad570 WorkerThread "GC Thread#1" [stack: 0x0000007d7e700000,0x0000007d7e800000] [id=6788]
  0x0000024c505c7090 WorkerThread "GC Thread#2" [stack: 0x0000007d7e800000,0x0000007d7e900000] [id=23368]
  0x0000024c505c6820 WorkerThread "GC Thread#3" [stack: 0x0000007d7e900000,0x0000007d7ea00000] [id=7148]
  0x0000024c6c5c0a50 ConcurrentGCThread "G1 Main Marker" [stack: 0x0000007d7cf00000,0x0000007d7d000000] [id=17996]
  0x0000024c6c5c1480 WorkerThread "G1 Conc#0" [stack: 0x0000007d7d000000,0x0000007d7d100000] [id=14536]
  0x0000024c6c611c30 ConcurrentGCThread "G1 Refine#0" [stack: 0x0000007d7d100000,0x0000007d7d200000] [id=3316]
  0x0000024c6c6126d0 ConcurrentGCThread "G1 Service" [stack: 0x0000007d7d200000,0x0000007d7d300000] [id=5608]

Threads with active compile tasks:
C2 CompilerThread0     2550 1624       4       sun.security.ec.ECOperations::setDouble (463 bytes)

VM state: not at safepoint (normal execution)

VM Mutex/Monitor currently owned by a thread: None

Heap address: 0x00000000c4000000, size: 960 MB, Compressed Oops mode: 32-bit

CDS archive(s) mapped at: [0x0000024c0f000000-0x0000024c0fc60000-0x0000024c0fc60000), size 12976128, SharedBaseAddress: 0x0000024c0f000000, ArchiveRelocationMode: 1.
Compressed class space mapped at: 0x0000024c10000000-0x0000024c50000000, reserved size: 1073741824
Narrow klass base: 0x0000024c0f000000, Narrow klass shift: 0, Narrow klass range: 0x100000000

GC Precious Log:
 CardTable entry size: 512
 Card Set container configuration: InlinePtr #cards 5 size 8 Array Of Cards #cards 12 size 40 Howl #buckets 4 coarsen threshold 1843 Howl Bitmap #cards 512 size 80 coarsen threshold 460 Card regions per heap region 1 cards per card region 2048
 CPUs: 4 total, 4 available
 Memory: 3836M
 Large Page Support: Disabled
 NUMA Support: Disabled
 Compressed Oops: Enabled (32-bit)
 Heap Region Size: 1M
 Heap Min Capacity: 8M
 Heap Initial Capacity: 60M
 Heap Max Capacity: 960M
 Pre-touch: Disabled
 Parallel Workers: 4
 Concurrent Workers: 1
 Concurrent Refinement Workers: 4
 Periodic GC: Disabled

Heap:
 garbage-first heap   total 61440K, used 10512K [0x00000000c4000000, 0x0000000100000000)
  region size 1024K, 11 young (11264K), 2 survivors (2048K)
 Metaspace       used 19325K, committed 19584K, reserved 1114112K
  class space    used 2253K, committed 2368K, reserved 1048576K

Heap Regions: E=young(eden), S=young(survivor), O=old, HS=humongous(starts), HC=humongous(continues), CS=collection set, F=free, OA=open archive, CA=closed archive, TAMS=top-at-mark-start, PB=parsable bottom
|   0|0x00000000c4000000, 0x00000000c4100000, 0x00000000c4100000|100%| O|  |TAMS 0x00000000c4000000| PB 0x00000000c4000000| Untracked 
|   1|0x00000000c4100000, 0x00000000c4144200, 0x00000000c4200000| 26%| O|  |TAMS 0x00000000c4100000| PB 0x00000000c4100000| Untracked 
|   2|0x00000000c4200000, 0x00000000c4200000, 0x00000000c4300000|  0%| F|  |TAMS 0x00000000c4200000| PB 0x00000000c4200000| Untracked 
|   3|0x00000000c4300000, 0x00000000c4300000, 0x00000000c4400000|  0%| F|  |TAMS 0x00000000c4300000| PB 0x00000000c4300000| Untracked 
|   4|0x00000000c4400000, 0x00000000c4400000, 0x00000000c4500000|  0%| F|  |TAMS 0x00000000c4400000| PB 0x00000000c4400000| Untracked 
|   5|0x00000000c4500000, 0x00000000c4500000, 0x00000000c4600000|  0%| F|  |TAMS 0x00000000c4500000| PB 0x00000000c4500000| Untracked 
|   6|0x00000000c4600000, 0x00000000c4600000, 0x00000000c4700000|  0%| F|  |TAMS 0x00000000c4600000| PB 0x00000000c4600000| Untracked 
|   7|0x00000000c4700000, 0x00000000c4700000, 0x00000000c4800000|  0%| F|  |TAMS 0x00000000c4700000| PB 0x00000000c4700000| Untracked 
|   8|0x00000000c4800000, 0x00000000c4800000, 0x00000000c4900000|  0%| F|  |TAMS 0x00000000c4800000| PB 0x00000000c4800000| Untracked 
|   9|0x00000000c4900000, 0x00000000c4900000, 0x00000000c4a00000|  0%| F|  |TAMS 0x00000000c4900000| PB 0x00000000c4900000| Untracked 
|  10|0x00000000c4a00000, 0x00000000c4a00000, 0x00000000c4b00000|  0%| F|  |TAMS 0x00000000c4a00000| PB 0x00000000c4a00000| Untracked 
|  11|0x00000000c4b00000, 0x00000000c4b00000, 0x00000000c4c00000|  0%| F|  |TAMS 0x00000000c4b00000| PB 0x00000000c4b00000| Untracked 
|  12|0x00000000c4c00000, 0x00000000c4c00000, 0x00000000c4d00000|  0%| F|  |TAMS 0x00000000c4c00000| PB 0x00000000c4c00000| Untracked 
|  13|0x00000000c4d00000, 0x00000000c4d00000, 0x00000000c4e00000|  0%| F|  |TAMS 0x00000000c4d00000| PB 0x00000000c4d00000| Untracked 
|  14|0x00000000c4e00000, 0x00000000c4e00000, 0x00000000c4f00000|  0%| F|  |TAMS 0x00000000c4e00000| PB 0x00000000c4e00000| Untracked 
|  15|0x00000000c4f00000, 0x00000000c4f00000, 0x00000000c5000000|  0%| F|  |TAMS 0x00000000c4f00000| PB 0x00000000c4f00000| Untracked 
|  16|0x00000000c5000000, 0x00000000c5000000, 0x00000000c5100000|  0%| F|  |TAMS 0x00000000c5000000| PB 0x00000000c5000000| Untracked 
|  17|0x00000000c5100000, 0x00000000c5100000, 0x00000000c5200000|  0%| F|  |TAMS 0x00000000c5100000| PB 0x00000000c5100000| Untracked 
|  18|0x00000000c5200000, 0x00000000c5200000, 0x00000000c5300000|  0%| F|  |TAMS 0x00000000c5200000| PB 0x00000000c5200000| Untracked 
|  19|0x00000000c5300000, 0x00000000c5300000, 0x00000000c5400000|  0%| F|  |TAMS 0x00000000c5300000| PB 0x00000000c5300000| Untracked 
|  20|0x00000000c5400000, 0x00000000c5400000, 0x00000000c5500000|  0%| F|  |TAMS 0x00000000c5400000| PB 0x00000000c5400000| Untracked 
|  21|0x00000000c5500000, 0x00000000c5500000, 0x00000000c5600000|  0%| F|  |TAMS 0x00000000c5500000| PB 0x00000000c5500000| Untracked 
|  22|0x00000000c5600000, 0x00000000c5600000, 0x00000000c5700000|  0%| F|  |TAMS 0x00000000c5600000| PB 0x00000000c5600000| Untracked 
|  23|0x00000000c5700000, 0x00000000c5700000, 0x00000000c5800000|  0%| F|  |TAMS 0x00000000c5700000| PB 0x00000000c5700000| Untracked 
|  24|0x00000000c5800000, 0x00000000c5800000, 0x00000000c5900000|  0%| F|  |TAMS 0x00000000c5800000| PB 0x00000000c5800000| Untracked 
|  25|0x00000000c5900000, 0x00000000c5900000, 0x00000000c5a00000|  0%| F|  |TAMS 0x00000000c5900000| PB 0x00000000c5900000| Untracked 
|  26|0x00000000c5a00000, 0x00000000c5a00000, 0x00000000c5b00000|  0%| F|  |TAMS 0x00000000c5a00000| PB 0x00000000c5a00000| Untracked 
|  27|0x00000000c5b00000, 0x00000000c5b00000, 0x00000000c5c00000|  0%| F|  |TAMS 0x00000000c5b00000| PB 0x00000000c5b00000| Untracked 
|  28|0x00000000c5c00000, 0x00000000c5c00000, 0x00000000c5d00000|  0%| F|  |TAMS 0x00000000c5c00000| PB 0x00000000c5c00000| Untracked 
|  29|0x00000000c5d00000, 0x00000000c5d00000, 0x00000000c5e00000|  0%| F|  |TAMS 0x00000000c5d00000| PB 0x00000000c5d00000| Untracked 
|  30|0x00000000c5e00000, 0x00000000c5e00000, 0x00000000c5f00000|  0%| F|  |TAMS 0x00000000c5e00000| PB 0x00000000c5e00000| Untracked 
|  31|0x00000000c5f00000, 0x00000000c5f00000, 0x00000000c6000000|  0%| F|  |TAMS 0x00000000c5f00000| PB 0x00000000c5f00000| Untracked 
|  32|0x00000000c6000000, 0x00000000c6000000, 0x00000000c6100000|  0%| F|  |TAMS 0x00000000c6000000| PB 0x00000000c6000000| Untracked 
|  33|0x00000000c6100000, 0x00000000c6100000, 0x00000000c6200000|  0%| F|  |TAMS 0x00000000c6100000| PB 0x00000000c6100000| Untracked 
|  34|0x00000000c6200000, 0x00000000c6200000, 0x00000000c6300000|  0%| F|  |TAMS 0x00000000c6200000| PB 0x00000000c6200000| Untracked 
|  35|0x00000000c6300000, 0x00000000c6300000, 0x00000000c6400000|  0%| F|  |TAMS 0x00000000c6300000| PB 0x00000000c6300000| Untracked 
|  36|0x00000000c6400000, 0x00000000c6400000, 0x00000000c6500000|  0%| F|  |TAMS 0x00000000c6400000| PB 0x00000000c6400000| Untracked 
|  37|0x00000000c6500000, 0x00000000c6500000, 0x00000000c6600000|  0%| F|  |TAMS 0x00000000c6500000| PB 0x00000000c6500000| Untracked 
|  38|0x00000000c6600000, 0x00000000c6600000, 0x00000000c6700000|  0%| F|  |TAMS 0x00000000c6600000| PB 0x00000000c6600000| Untracked 
|  39|0x00000000c6700000, 0x00000000c6700000, 0x00000000c6800000|  0%| F|  |TAMS 0x00000000c6700000| PB 0x00000000c6700000| Untracked 
|  40|0x00000000c6800000, 0x00000000c6800000, 0x00000000c6900000|  0%| F|  |TAMS 0x00000000c6800000| PB 0x00000000c6800000| Untracked 
|  41|0x00000000c6900000, 0x00000000c6900000, 0x00000000c6a00000|  0%| F|  |TAMS 0x00000000c6900000| PB 0x00000000c6900000| Untracked 
|  42|0x00000000c6a00000, 0x00000000c6a00000, 0x00000000c6b00000|  0%| F|  |TAMS 0x00000000c6a00000| PB 0x00000000c6a00000| Untracked 
|  43|0x00000000c6b00000, 0x00000000c6b00000, 0x00000000c6c00000|  0%| F|  |TAMS 0x00000000c6b00000| PB 0x00000000c6b00000| Untracked 
|  44|0x00000000c6c00000, 0x00000000c6c00000, 0x00000000c6d00000|  0%| F|  |TAMS 0x00000000c6c00000| PB 0x00000000c6c00000| Untracked 
|  45|0x00000000c6d00000, 0x00000000c6e00000, 0x00000000c6e00000|100%| S|CS|TAMS 0x00000000c6d00000| PB 0x00000000c6d00000| Complete 
|  46|0x00000000c6e00000, 0x00000000c6f00000, 0x00000000c6f00000|100%| S|CS|TAMS 0x00000000c6e00000| PB 0x00000000c6e00000| Complete 
|  47|0x00000000c6f00000, 0x00000000c6f00000, 0x00000000c7000000|  0%| F|  |TAMS 0x00000000c6f00000| PB 0x00000000c6f00000| Untracked 
|  48|0x00000000c7000000, 0x00000000c7000000, 0x00000000c7100000|  0%| F|  |TAMS 0x00000000c7000000| PB 0x00000000c7000000| Untracked 
|  49|0x00000000c7100000, 0x00000000c7100000, 0x00000000c7200000|  0%| F|  |TAMS 0x00000000c7100000| PB 0x00000000c7100000| Untracked 
|  50|0x00000000c7200000, 0x00000000c7200000, 0x00000000c7300000|  0%| F|  |TAMS 0x00000000c7200000| PB 0x00000000c7200000| Untracked 
|  51|0x00000000c7300000, 0x00000000c7394748, 0x00000000c7400000| 57%| E|  |TAMS 0x00000000c7300000| PB 0x00000000c7300000| Complete 
|  52|0x00000000c7400000, 0x00000000c7500000, 0x00000000c7500000|100%| E|  |TAMS 0x00000000c7400000| PB 0x00000000c7400000| Complete 
|  53|0x00000000c7500000, 0x00000000c7600000, 0x00000000c7600000|100%| E|CS|TAMS 0x00000000c7500000| PB 0x00000000c7500000| Complete 
|  54|0x00000000c7600000, 0x00000000c7700000, 0x00000000c7700000|100%| E|CS|TAMS 0x00000000c7600000| PB 0x00000000c7600000| Complete 
|  55|0x00000000c7700000, 0x00000000c7800000, 0x00000000c7800000|100%| E|CS|TAMS 0x00000000c7700000| PB 0x00000000c7700000| Complete 
|  56|0x00000000c7800000, 0x00000000c7900000, 0x00000000c7900000|100%| E|CS|TAMS 0x00000000c7800000| PB 0x00000000c7800000| Complete 
|  57|0x00000000c7900000, 0x00000000c7a00000, 0x00000000c7a00000|100%| E|CS|TAMS 0x00000000c7900000| PB 0x00000000c7900000| Complete 
|  58|0x00000000c7a00000, 0x00000000c7b00000, 0x00000000c7b00000|100%| E|CS|TAMS 0x00000000c7a00000| PB 0x00000000c7a00000| Complete 
|  59|0x00000000c7b00000, 0x00000000c7c00000, 0x00000000c7c00000|100%| E|CS|TAMS 0x00000000c7b00000| PB 0x00000000c7b00000| Complete 

Card table byte_map: [0x0000024c76630000,0x0000024c76810000] _byte_map_base: 0x0000024c76010000

Marking Bits: (CMBitMap*) 0x0000024c6c5b8970
 Bits: [0x0000024c769f0000, 0x0000024c778f0000)

Polling page: 0x0000024c6c640000

Metaspace:

Usage:
  Non-class:     16.67 MB used.
      Class:      2.20 MB used.
       Both:     18.88 MB used.

Virtual space:
  Non-class space:       64.00 MB reserved,      16.81 MB ( 26%) committed,  1 nodes.
      Class space:        1.00 GB reserved,       2.31 MB ( <1%) committed,  1 nodes.
             Both:        1.06 GB reserved,      19.12 MB (  2%) committed. 

Chunk freelists:
   Non-Class:  2.47 MB
       Class:  1.66 MB
        Both:  4.12 MB

MaxMetaspaceSize: unlimited
CompressedClassSpaceSize: 1.00 GB
Initial GC threshold: 21.00 MB
Current GC threshold: 21.00 MB
CDS: on
MetaspaceReclaimPolicy: balanced
 - commit_granule_bytes: 65536.
 - commit_granule_words: 8192.
 - virtual_space_node_default_size: 8388608.
 - enlarge_chunks_in_place: 1.
 - new_chunks_are_fully_committed: 0.
 - uncommit_free_chunks: 1.
 - use_allocation_guard: 0.


Internal statistics:

num_allocs_failed_limit: 0.
num_arena_births: 196.
num_arena_deaths: 0.
num_vsnodes_births: 2.
num_vsnodes_deaths: 0.
num_space_committed: 306.
num_space_uncommitted: 0.
num_chunks_returned_to_freelist: 0.
num_chunks_taken_from_freelist: 401.
num_chunk_merges: 0.
num_chunk_splits: 249.
num_chunks_enlarged: 154.
num_inconsistent_stats: 0.

CodeHeap 'non-profiled nmethods': size=120000Kb used=572Kb max_used=572Kb free=119428Kb
 bounds [0x0000024c07ad0000, 0x0000024c07d40000, 0x0000024c0f000000]
CodeHeap 'profiled nmethods': size=120000Kb used=3157Kb max_used=3157Kb free=116842Kb
 bounds [0x0000024c00000000, 0x0000024c00320000, 0x0000024c07530000]
CodeHeap 'non-nmethods': size=5760Kb used=1903Kb max_used=1903Kb free=3856Kb
 bounds [0x0000024c07530000, 0x0000024c077a0000, 0x0000024c07ad0000]
 total_blobs=2494 nmethods=1782 adapters=622
 compilation: enabled
              stopped_count=0, restarted_count=0
 full_count=0

Compilation events (20 events):
Event: 2.505 Thread 0x0000024c79ed3560 1764       2       java.lang.AbstractStringBuilder::putStringAt (19 bytes)
Event: 2.505 Thread 0x0000024c79ed3560 nmethod 1764 0x0000024c00300710 code [0x0000024c003008a0, 0x0000024c00300a28]
Event: 2.505 Thread 0x0000024c79ed3560 1765       2       java.lang.AbstractStringBuilder::inflateIfNeededFor (22 bytes)
Event: 2.505 Thread 0x0000024c79ed3560 nmethod 1765 0x0000024c00300b10 code [0x0000024c00300ca0, 0x0000024c00300dd0]
Event: 2.505 Thread 0x0000024c79ed3560 1763       3       java.util.ImmutableCollections$Set12::<init> (53 bytes)
Event: 2.506 Thread 0x0000024c79ed3560 nmethod 1763 0x0000024c00300e90 code [0x0000024c00301120, 0x0000024c00301d40]
Event: 2.506 Thread 0x0000024c79ed3560 1766       3       java.net.URLStreamHandler::toExternalForm (156 bytes)
Event: 2.507 Thread 0x0000024c79ed3560 nmethod 1766 0x0000024c00302190 code [0x0000024c00302540, 0x0000024c00303a48]
Event: 2.510 Thread 0x0000024c79ed3560 1768       3       java.security.SecureClassLoader$CodeSourceKey::hashCode (21 bytes)
Event: 2.510 Thread 0x0000024c79ed3560 nmethod 1768 0x0000024c00304210 code [0x0000024c003043c0, 0x0000024c003045a8]
Event: 2.510 Thread 0x0000024c79ed3560 1769       3       java.lang.ClassLoader::preDefineClass (118 bytes)
Event: 2.511 Thread 0x0000024c79ed3560 nmethod 1769 0x0000024c00304690 code [0x0000024c003049c0, 0x0000024c00305b48]
Event: 2.511 Thread 0x0000024c79ed3560 1770       3       java.lang.ClassLoader::checkCerts (121 bytes)
Event: 2.512 Thread 0x0000024c79ed3560 nmethod 1770 0x0000024c00306290 code [0x0000024c00306560, 0x0000024c00307310]
Event: 2.512 Thread 0x0000024c79ed3560 1771       3       java.lang.ClassLoader::defineClassSourceLocation (28 bytes)
Event: 2.512 Thread 0x0000024c79ed3560 nmethod 1771 0x0000024c00307890 code [0x0000024c00307a40, 0x0000024c00307dc8]
Event: 2.512 Thread 0x0000024c79ed3560 1772   !   3       java.lang.ClassLoader::addClass (27 bytes)
Event: 2.513 Thread 0x0000024c79ed3560 nmethod 1772 0x0000024c00307f90 code [0x0000024c00308160, 0x0000024c00308790]
Event: 2.513 Thread 0x0000024c79ed3560 1773       3       java.lang.ClassLoader::postDefineClass (39 bytes)
Event: 2.513 Thread 0x0000024c79ed3560 nmethod 1773 0x0000024c00308b10 code [0x0000024c00308ce0, 0x0000024c00309000]

GC Heap History (2 events):
Event: 1.632 GC heap before
{Heap before GC invocations=0 (full 0):
 garbage-first heap   total 61440K, used 12288K [0x00000000c4000000, 0x0000000100000000)
  region size 1024K, 13 young (13312K), 0 survivors (0K)
 Metaspace       used 12478K, committed 12672K, reserved 1114112K
  class space    used 1463K, committed 1536K, reserved 1048576K
}
Event: 1.641 GC heap after
{Heap after GC invocations=1 (full 0):
 garbage-first heap   total 61440K, used 3344K [0x00000000c4000000, 0x0000000100000000)
  region size 1024K, 2 young (2048K), 2 survivors (2048K)
 Metaspace       used 12478K, committed 12672K, reserved 1114112K
  class space    used 1463K, committed 1536K, reserved 1048576K
}

Dll operation events (11 events):
Event: 0.057 Loaded shared library C:\Program Files\Java\jdk-20\bin\java.dll
Event: 0.139 Loaded shared library C:\Program Files\Java\jdk-20\bin\jsvml.dll
Event: 0.435 Loaded shared library C:\Program Files\Java\jdk-20\bin\net.dll
Event: 0.440 Loaded shared library C:\Program Files\Java\jdk-20\bin\nio.dll
Event: 0.514 Loaded shared library C:\Program Files\Java\jdk-20\bin\zip.dll
Event: 0.581 Loaded shared library C:\Program Files\Java\jdk-20\bin\jimage.dll
Event: 0.631 Loaded shared library C:\Program Files\Java\jdk-20\bin\awt.dll
Event: 0.907 Loaded shared library C:\Program Files\Java\jdk-20\bin\freetype.dll
Event: 0.908 Loaded shared library C:\Program Files\Java\jdk-20\bin\fontmanager.dll
Event: 1.614 Loaded shared library C:\Program Files\Java\jdk-20\bin\extnet.dll
Event: 2.070 Loaded shared library C:\Program Files\Java\jdk-20\bin\sunmscapi.dll

Deoptimization events (20 events):
Event: 2.321 Thread 0x0000024c7e461990 DEOPT PACKING pc=0x0000024c07b3134c sp=0x0000007d7e2fdeb0
Event: 2.321 Thread 0x0000024c7e461990 DEOPT UNPACKING pc=0x0000024c0754d2a2 sp=0x0000007d7e2fde50 mode 2
Event: 2.412 Thread 0x0000024c7e461990 Uncommon trap: trap_request=0xffffffde fr.pc=0x0000024c07afd28c relative=0x0000000000000b6c
Event: 2.412 Thread 0x0000024c7e461990 Uncommon trap: reason=class_check action=maybe_recompile pc=0x0000024c07afd28c method=java.util.HashMap.putVal(ILjava/lang/Object;Ljava/lang/Object;ZZ)Ljava/lang/Object; @ 253 c2
Event: 2.412 Thread 0x0000024c7e461990 DEOPT PACKING pc=0x0000024c07afd28c sp=0x0000007d7e2fddb0
Event: 2.412 Thread 0x0000024c7e461990 DEOPT UNPACKING pc=0x0000024c0754d2a2 sp=0x0000007d7e2fdce8 mode 2
Event: 2.414 Thread 0x0000024c7e461990 Uncommon trap: trap_request=0xffffffde fr.pc=0x0000024c07afd28c relative=0x0000000000000b6c
Event: 2.414 Thread 0x0000024c7e461990 Uncommon trap: reason=class_check action=maybe_recompile pc=0x0000024c07afd28c method=java.util.HashMap.putVal(ILjava/lang/Object;Ljava/lang/Object;ZZ)Ljava/lang/Object; @ 253 c2
Event: 2.415 Thread 0x0000024c7e461990 DEOPT PACKING pc=0x0000024c07afd28c sp=0x0000007d7e2fddb0
Event: 2.415 Thread 0x0000024c7e461990 DEOPT UNPACKING pc=0x0000024c0754d2a2 sp=0x0000007d7e2fdce8 mode 2
Event: 2.499 Thread 0x0000024c7e461990 Uncommon trap: trap_request=0xffffff45 fr.pc=0x0000024c07b378d4 relative=0x00000000000005b4
Event: 2.499 Thread 0x0000024c7e461990 Uncommon trap: reason=unstable_if action=reinterpret pc=0x0000024c07b378d4 method=java.lang.AbstractStringBuilder.append(Ljava/lang/String;)Ljava/lang/AbstractStringBuilder; @ 1 c2
Event: 2.499 Thread 0x0000024c7e461990 DEOPT PACKING pc=0x0000024c07b378d4 sp=0x0000007d7e2fe350
Event: 2.499 Thread 0x0000024c7e461990 DEOPT UNPACKING pc=0x0000024c0754d2a2 sp=0x0000007d7e2fe2d0 mode 2
Event: 2.499 Thread 0x0000024c7e461990 Uncommon trap: trap_request=0xffffff45 fr.pc=0x0000024c07b3454c relative=0x00000000000005ac
Event: 2.499 Thread 0x0000024c7e461990 Uncommon trap: reason=unstable_if action=reinterpret pc=0x0000024c07b3454c method=java.lang.AbstractStringBuilder.append(Ljava/lang/String;)Ljava/lang/AbstractStringBuilder; @ 1 c2
Event: 2.499 Thread 0x0000024c7e461990 DEOPT PACKING pc=0x0000024c07b3454c sp=0x0000007d7e2fe2f0
Event: 2.499 Thread 0x0000024c7e461990 DEOPT UNPACKING pc=0x0000024c0754d2a2 sp=0x0000007d7e2fe2d8 mode 2
Event: 2.509 Thread 0x0000024c7e461990 DEOPT PACKING pc=0x0000024c000c092e sp=0x0000007d7e2fe080
Event: 2.509 Thread 0x0000024c7e461990 DEOPT UNPACKING pc=0x0000024c0759e462 sp=0x0000007d7e2fd520 mode 0

Classes loaded (20 events):
Event: 2.386 Loading class java/security/DigestException
Event: 2.386 Loading class java/security/DigestException done
Event: 2.391 Loading class javax/security/sasl/SaslException
Event: 2.392 Loading class javax/security/sasl/SaslException done
Event: 2.394 Loading class javax/security/auth/callback/UnsupportedCallbackException
Event: 2.394 Loading class javax/security/auth/callback/UnsupportedCallbackException done
Event: 2.394 Loading class javax/security/auth/login/Configuration
Event: 2.395 Loading class javax/security/auth/login/Configuration done
Event: 2.397 Loading class javax/security/auth/callback/Callback
Event: 2.397 Loading class javax/security/auth/callback/Callback done
Event: 2.397 Loading class sun/invoke/util/VerifyAccess$1
Event: 2.398 Loading class sun/invoke/util/VerifyAccess$1 done
Event: 2.410 Loading class sun/security/ssl/PostHandshakeContext
Event: 2.410 Loading class sun/security/ssl/PostHandshakeContext done
Event: 2.410 Loading class sun/security/ssl/NewSessionTicket$T13NewSessionTicketMessage
Event: 2.410 Loading class sun/security/ssl/NewSessionTicket$NewSessionTicketMessage
Event: 2.410 Loading class sun/security/ssl/NewSessionTicket$NewSessionTicketMessage done
Event: 2.410 Loading class sun/security/ssl/NewSessionTicket$T13NewSessionTicketMessage done
Event: 2.510 Loading class java/util/NoSuchElementException
Event: 2.510 Loading class java/util/NoSuchElementException done

Classes unloaded (0 events):
No events

Classes redefined (0 events):
No events

Internal exceptions (20 events):
Event: 0.981 Thread 0x0000024c6c576920 Exception <a 'java/lang/ClassNotFoundException'{0x00000000c764e8d0}: com/sun/swing/internal/plaf/metal/resources/spi/metalProvider> (0x00000000c764e8d0) 
thrown [s\open\src\hotspot\share\classfile\systemDictionary.cpp, line 305]
Event: 0.982 Thread 0x0000024c6c576920 Exception <a 'java/lang/ClassNotFoundException'{0x00000000c7652580}: com/sun/swing/internal/plaf/basic/resources/spi/basicProvider> (0x00000000c7652580) 
thrown [s\open\src\hotspot\share\classfile\systemDictionary.cpp, line 305]
Event: 1.013 Thread 0x0000024c7e461990 Exception <a 'java/lang/ClassNotFoundException'{0x00000000c7557288}: com/sun/swing/internal/plaf/synth/resources/spi/synthProvider> (0x00000000c7557288) 
thrown [s\open\src\hotspot\share\classfile\systemDictionary.cpp, line 305]
Event: 1.040 Thread 0x0000024c7e461990 Exception <a 'java/lang/NoSuchMethodError'{0x00000000c759a4d8}: 'int java.lang.invoke.Invokers$Holder.invokeExact_MT(java.lang.Object, java.lang.Object)'> (0x00000000c759a4d8) 
thrown [s\open\src\hotspot\share\interpreter\linkResolver.cpp, line 773]
Event: 1.049 Thread 0x0000024c7e461990 Exception <a 'java/lang/NoSuchMethodError'{0x00000000c75a44a8}: 'java.lang.Object java.lang.invoke.DirectMethodHandle$Holder.newInvokeSpecial(java.lang.Object, java.lang.Object, int)'> (0x00000000c75a44a8) 
thrown [s\open\src\hotspot\share\interpreter\linkResolver.cpp, line 773]
Event: 1.050 Thread 0x0000024c7e461990 Exception <a 'java/lang/NoSuchMethodError'{0x00000000c75a9358}: 'int java.lang.invoke.DirectMethodHandle$Holder.invokeSpecial(java.lang.Object, java.lang.Object, java.lang.Object, int)'> (0x00000000c75a9358) 
thrown [s\open\src\hotspot\share\interpreter\linkResolver.cpp, line 773]
Event: 1.053 Thread 0x0000024c7e461990 Exception <a 'java/lang/NoSuchMethodError'{0x00000000c75bb978}: 'java.lang.Object java.lang.invoke.DirectMethodHandle$Holder.invokeStatic(java.lang.Object, java.lang.Object, java.lang.Object, java.lang.Object, int)'> (0x00000000c75bb978) 
thrown [s\open\src\hotspot\share\interpreter\linkResolver.cpp, line 773]
Event: 1.055 Thread 0x0000024c7e461990 Exception <a 'java/lang/NoSuchMethodError'{0x00000000c75c70c8}: 'int java.lang.invoke.DirectMethodHandle$Holder.invokeSpecial(java.lang.Object, java.lang.Object, java.lang.Object)'> (0x00000000c75c70c8) 
thrown [s\open\src\hotspot\share\interpreter\linkResolver.cpp, line 773]
Event: 1.180 Thread 0x0000024c7e3e7680 Exception <a 'java/lang/NoSuchMethodError'{0x00000000c78d7ab8}: 'void java.lang.invoke.DirectMethodHandle$Holder.invokeVirtual(java.lang.Object, java.lang.Object)'> (0x00000000c78d7ab8) 
thrown [s\open\src\hotspot\share\interpreter\linkResolver.cpp, line 773]
Event: 1.204 Thread 0x0000024c7e461990 Exception <a 'java/lang/NoSuchMethodError'{0x00000000c749dea0}: 'void java.lang.invoke.DirectMethodHandle$Holder.invokeStaticInit(java.lang.Object)'> (0x00000000c749dea0) 
thrown [s\open\src\hotspot\share\interpreter\linkResolver.cpp, line 773]
Event: 1.452 Thread 0x0000024c7e461990 Exception <a 'java/lang/NoSuchMethodError'{0x00000000c7229ca8}: 'java.lang.Object java.lang.invoke.DirectMethodHandle$Holder.invokeInterface(java.lang.Object, java.lang.Object)'> (0x00000000c7229ca8) 
thrown [s\open\src\hotspot\share\interpreter\linkResolver.cpp, line 773]
Event: 1.492 Thread 0x0000024c7e461990 Exception <a 'java/lang/NoSuchMethodError'{0x00000000c72a5550}: 'void java.lang.invoke.DirectMethodHandle$Holder.invokeStatic(java.lang.Object, java.lang.Object, java.lang.Object)'> (0x00000000c72a5550) 
thrown [s\open\src\hotspot\share\interpreter\linkResolver.cpp, line 773]
Event: 1.497 Thread 0x0000024c7e461990 Exception <a 'java/lang/NoSuchMethodError'{0x00000000c72af060}: 'java.lang.Object java.lang.invoke.DirectMethodHandle$Holder.invokeVirtual(java.lang.Object, java.lang.Object, java.lang.Object)'> (0x00000000c72af060) 
thrown [s\open\src\hotspot\share\interpreter\linkResolver.cpp, line 773]
Event: 1.616 Thread 0x0000024c7e461990 Exception <a 'java/lang/NoSuchMethodError'{0x00000000c6fbb830}: 'void java.lang.invoke.DirectMethodHandle$Holder.invokeStatic(java.lang.Object, java.lang.Object)'> (0x00000000c6fbb830) 
thrown [s\open\src\hotspot\share\interpreter\linkResolver.cpp, line 773]
Event: 1.758 Thread 0x0000024c7e461990 Exception <a 'java/lang/NoSuchMethodError'{0x00000000c79b7520}: 'void java.lang.invoke.DirectMethodHandle$Holder.invokeStaticInit(java.lang.Object, java.lang.Object)'> (0x00000000c79b7520) 
thrown [s\open\src\hotspot\share\interpreter\linkResolver.cpp, line 773]
Event: 1.844 Thread 0x0000024c7e461990 Exception <a 'sun/nio/fs/WindowsException'{0x00000000c78f2f48}> (0x00000000c78f2f48) 
thrown [s\open\src\hotspot\share\prims\jni.cpp, line 519]
Event: 1.962 Thread 0x0000024c7e461990 Exception <a 'java/lang/NoSuchMethodError'{0x00000000c77a6100}: 'java.lang.Object java.lang.invoke.DirectMethodHandle$Holder.invokeStaticInit(java.lang.Object, int, int, int, int)'> (0x00000000c77a6100) 
thrown [s\open\src\hotspot\share\interpreter\linkResolver.cpp, line 773]
Event: 2.032 Thread 0x0000024c7e461990 Exception <a 'java/lang/NoSuchMethodError'{0x00000000c77f6668}: 'java.lang.Object java.lang.invoke.DirectMethodHandle$Holder.invokeStaticInit(java.lang.Object, java.lang.Object, int, int, int, int)'> (0x00000000c77f6668) 
thrown [s\open\src\hotspot\share\interpreter\linkResolver.cpp, line 773]
Event: 2.499 Thread 0x0000024c7e461990 Implicit null exception at 0x0000024c07b37360 to 0x0000024c07b378bc
Event: 2.499 Thread 0x0000024c7e461990 Implicit null exception at 0x0000024c07b33fe0 to 0x0000024c07b34534

VM Operations (20 events):
Event: 0.462 Executing VM operation: HandshakeAllThreads
Event: 0.462 Executing VM operation: HandshakeAllThreads done
Event: 0.696 Executing VM operation: HandshakeAllThreads
Event: 0.696 Executing VM operation: HandshakeAllThreads done
Event: 1.158 Executing VM operation: HandshakeAllThreads
Event: 1.158 Executing VM operation: HandshakeAllThreads done
Event: 1.158 Executing VM operation: Cleanup
Event: 1.158 Executing VM operation: Cleanup done
Event: 1.428 Executing VM operation: HandshakeAllThreads
Event: 1.428 Executing VM operation: HandshakeAllThreads done
Event: 1.596 Executing VM operation: HandshakeAllThreads
Event: 1.596 Executing VM operation: HandshakeAllThreads done
Event: 1.632 Executing VM operation: G1CollectForAllocation
Event: 1.641 Executing VM operation: G1CollectForAllocation done
Event: 1.771 Executing VM operation: HandshakeAllThreads
Event: 1.771 Executing VM operation: HandshakeAllThreads done
Event: 1.863 Executing VM operation: HandshakeAllThreads
Event: 1.863 Executing VM operation: HandshakeAllThreads done
Event: 2.329 Executing VM operation: HandshakeAllThreads
Event: 2.329 Executing VM operation: HandshakeAllThreads done

Events (18 events):
Event: 0.140 Thread 0x0000024c6c576920 Thread added: 0x0000024c6c576920
Event: 0.164 Thread 0x0000024c79ec1be0 Thread added: 0x0000024c79ec1be0
Event: 0.164 Thread 0x0000024c79ec2b20 Thread added: 0x0000024c79ec2b20
Event: 0.165 Thread 0x0000024c79ec49a0 Thread added: 0x0000024c79ec49a0
Event: 0.165 Thread 0x0000024c79ec74e0 Thread added: 0x0000024c79ec74e0
Event: 0.166 Thread 0x0000024c79ec8f20 Thread added: 0x0000024c79ec8f20
Event: 0.166 Thread 0x0000024c79ec9950 Thread added: 0x0000024c79ec9950
Event: 0.166 Thread 0x0000024c79ecb5d0 Thread added: 0x0000024c79ecb5d0
Event: 0.228 Thread 0x0000024c79ed3560 Thread added: 0x0000024c79ed3560
Event: 0.408 Thread 0x0000024c79eac190 Thread added: 0x0000024c79eac190
Event: 0.501 Thread 0x0000024c7e1ef150 Thread added: 0x0000024c7e1ef150
Event: 0.757 Thread 0x0000024c7e3e00e0 Thread added: 0x0000024c7e3e00e0
Event: 0.759 Thread 0x0000024c7e3e2040 Thread added: 0x0000024c7e3e2040
Event: 0.762 Thread 0x0000024c7e3e7680 Thread added: 0x0000024c7e3e7680
Event: 0.998 Thread 0x0000024c7e461990 Thread added: 0x0000024c7e461990
Event: 0.999 Thread 0x0000024c6c576920 Thread exited: 0x0000024c6c576920
Event: 0.999 Thread 0x0000024c6c576920 Thread added: 0x0000024c6c576920
Event: 1.395 Thread 0x0000024c50521760 Thread added: 0x0000024c50521760


Dynamic libraries:
0x00007ff7b59e0000 - 0x00007ff7b59f0000 	C:\Program Files\Java\jdk-20\bin\java.exe
0x00007ffba9d70000 - 0x00007ffba9f87000 	C:\WINDOWS\SYSTEM32\ntdll.dll
0x00007ffba8ec0000 - 0x00007ffba8f84000 	C:\WINDOWS\System32\KERNEL32.DLL
0x00007ffba7530000 - 0x00007ffba78d5000 	C:\WINDOWS\System32\KERNELBASE.dll
0x00007ffba7160000 - 0x00007ffba7271000 	C:\WINDOWS\System32\ucrtbase.dll
0x00007ffb98130000 - 0x00007ffb98149000 	C:\Program Files\Java\jdk-20\bin\jli.dll
0x00007ffb811c0000 - 0x00007ffb811db000 	C:\Program Files\Java\jdk-20\bin\VCRUNTIME140.dll
0x00007ffba7bd0000 - 0x00007ffba7c81000 	C:\WINDOWS\System32\ADVAPI32.dll
0x00007ffba9a20000 - 0x00007ffba9ac7000 	C:\WINDOWS\System32\msvcrt.dll
0x00007ffba8370000 - 0x00007ffba8416000 	C:\WINDOWS\System32\sechost.dll
0x00007ffba8f90000 - 0x00007ffba90a7000 	C:\WINDOWS\System32\RPCRT4.dll
0x00007ffba84a0000 - 0x00007ffba864e000 	C:\WINDOWS\System32\USER32.dll
0x00007ffba7280000 - 0x00007ffba72a6000 	C:\WINDOWS\System32\win32u.dll
0x00007ffba9ad0000 - 0x00007ffba9af9000 	C:\WINDOWS\System32\GDI32.dll
0x00007ffba79a0000 - 0x00007ffba7ab9000 	C:\WINDOWS\System32\gdi32full.dll
0x00007ffba72b0000 - 0x00007ffba734a000 	C:\WINDOWS\System32\msvcp_win.dll
0x00007ffb9ce00000 - 0x00007ffb9ce0a000 	C:\WINDOWS\SYSTEM32\VERSION.dll
0x00007ffb8d0c0000 - 0x00007ffb8d353000 	C:\WINDOWS\WinSxS\amd64_microsoft.windows.common-controls_6595b64144ccf1df_6.0.22621.2506_none_270c5ae97388e100\COMCTL32.dll
0x00007ffba7b20000 - 0x00007ffba7b51000 	C:\WINDOWS\System32\IMM32.DLL
0x00007ffb9aea0000 - 0x00007ffb9aeac000 	C:\Program Files\Java\jdk-20\bin\vcruntime140_1.dll
0x00007ffb734e0000 - 0x00007ffb7356e000 	C:\Program Files\Java\jdk-20\bin\msvcp140.dll
0x00007ffb57000000 - 0x00007ffb57c98000 	C:\Program Files\Java\jdk-20\bin\server\jvm.dll
0x00007ffb9bd80000 - 0x00007ffb9bd89000 	C:\WINDOWS\SYSTEM32\WSOCK32.dll
0x00007ffba9210000 - 0x00007ffba9281000 	C:\WINDOWS\System32\WS2_32.dll
0x00007ffb9d5b0000 - 0x00007ffb9d5e4000 	C:\WINDOWS\SYSTEM32\WINMM.dll
0x00007ffba6080000 - 0x00007ffba6098000 	C:\WINDOWS\SYSTEM32\kernel.appcore.dll
0x00007ffb985f0000 - 0x00007ffb985fa000 	C:\Program Files\Java\jdk-20\bin\jimage.dll
0x00007ffba1960000 - 0x00007ffba1b93000 	C:\WINDOWS\SYSTEM32\DBGHELP.DLL
0x00007ffba7fe0000 - 0x00007ffba8369000 	C:\WINDOWS\System32\combase.dll
0x00007ffba9940000 - 0x00007ffba9a17000 	C:\WINDOWS\System32\OLEAUT32.dll
0x00007ffb9c250000 - 0x00007ffb9c282000 	C:\WINDOWS\SYSTEM32\dbgcore.DLL
0x00007ffba70e0000 - 0x00007ffba715a000 	C:\WINDOWS\System32\bcryptPrimitives.dll
0x00007ffb79910000 - 0x00007ffb79936000 	C:\Program Files\Java\jdk-20\bin\java.dll
0x00007ffb79830000 - 0x00007ffb79907000 	C:\Program Files\Java\jdk-20\bin\jsvml.dll
0x00007ffba8650000 - 0x00007ffba8ea9000 	C:\WINDOWS\System32\SHELL32.dll
0x00007ffba5000000 - 0x00007ffba58f4000 	C:\WINDOWS\SYSTEM32\windows.storage.dll
0x00007ffba4ec0000 - 0x00007ffba4ffe000 	C:\WINDOWS\SYSTEM32\wintypes.dll
0x00007ffba7e30000 - 0x00007ffba7f23000 	C:\WINDOWS\System32\SHCORE.dll
0x00007ffba9740000 - 0x00007ffba979e000 	C:\WINDOWS\System32\shlwapi.dll
0x00007ffba7010000 - 0x00007ffba7036000 	C:\WINDOWS\SYSTEM32\profapi.dll
0x00007ffb7aa70000 - 0x00007ffb7aa83000 	C:\Program Files\Java\jdk-20\bin\net.dll
0x00007ffb9cb60000 - 0x00007ffb9cc97000 	C:\WINDOWS\SYSTEM32\WINHTTP.dll
0x00007ffba6560000 - 0x00007ffba65c9000 	C:\WINDOWS\system32\mswsock.dll
0x00007ffb78340000 - 0x00007ffb78356000 	C:\Program Files\Java\jdk-20\bin\nio.dll
0x00007ffb78320000 - 0x00007ffb78338000 	C:\Program Files\Java\jdk-20\bin\zip.dll
0x00007ffb73570000 - 0x00007ffb73701000 	C:\Program Files\Java\jdk-20\bin\awt.dll
0x00007ffba0c80000 - 0x00007ffba0d17000 	C:\WINDOWS\SYSTEM32\apphelp.dll
0x00007ffba1110000 - 0x00007ffba11bb000 	C:\WINDOWS\system32\uxtheme.dll
0x00007ffba90b0000 - 0x00007ffba91ff000 	C:\WINDOWS\System32\MSCTF.dll
0x00007ffba97a0000 - 0x00007ffba9940000 	C:\WINDOWS\System32\ole32.dll
0x00007ffba1620000 - 0x00007ffba164b000 	C:\WINDOWS\system32\DWMAPI.DLL
0x00007ffb6aac0000 - 0x00007ffb6ab46000 	C:\Program Files\Java\jdk-20\bin\freetype.dll
0x00007ffb62640000 - 0x00007ffb62713000 	C:\Program Files\Java\jdk-20\bin\fontmanager.dll
0x00007ffb79f90000 - 0x00007ffb7a090000 	C:\WINDOWS\system32\opengl32.dll
0x00007ffb8e3b0000 - 0x00007ffb8e3dd000 	C:\WINDOWS\SYSTEM32\GLU32.dll
0x00007ffba11f0000 - 0x00007ffba1226000 	C:\WINDOWS\SYSTEM32\dxcore.dll
0x00007ffba7f30000 - 0x00007ffba7fe0000 	C:\WINDOWS\System32\clbcatq.dll
0x00007ffba0f60000 - 0x00007ffba1110000 	C:\WINDOWS\SYSTEM32\WindowsCodecs.dll
0x00007ffb88be0000 - 0x00007ffb88c3e000 	C:\WINDOWS\system32\dataexchange.dll
0x00007ffb95e70000 - 0x00007ffb960f5000 	C:\WINDOWS\system32\twinapi.appcore.dll
0x00007ffba5bd0000 - 0x00007ffba5cc9000 	C:\WINDOWS\SYSTEM32\DNSAPI.dll
0x00007ffba5b60000 - 0x00007ffba5b8d000 	C:\WINDOWS\SYSTEM32\IPHLPAPI.DLL
0x00007ffba8eb0000 - 0x00007ffba8eb9000 	C:\WINDOWS\System32\NSI.dll
0x00007ffb99bc0000 - 0x00007ffb99bca000 	C:\Windows\System32\rasadhlp.dll
0x00007ffb9c450000 - 0x00007ffb9c4d3000 	C:\WINDOWS\System32\fwpuclnt.dll
0x00007ffb8bb20000 - 0x00007ffb8bb27000 	C:\Program Files\Java\jdk-20\bin\extnet.dll
0x00007ffba67b0000 - 0x00007ffba67cb000 	C:\WINDOWS\SYSTEM32\CRYPTSP.dll
0x00007ffba6040000 - 0x00007ffba6075000 	C:\WINDOWS\system32\rsaenh.dll
0x00007ffba6650000 - 0x00007ffba667c000 	C:\WINDOWS\SYSTEM32\USERENV.dll
0x00007ffba69a0000 - 0x00007ffba69c8000 	C:\WINDOWS\SYSTEM32\bcrypt.dll
0x00007ffba67d0000 - 0x00007ffba67dc000 	C:\WINDOWS\SYSTEM32\CRYPTBASE.dll
0x00007ffb9cb00000 - 0x00007ffb9cb19000 	C:\WINDOWS\SYSTEM32\dhcpcsvc6.DLL
0x00007ffb9ca40000 - 0x00007ffb9ca5f000 	C:\WINDOWS\SYSTEM32\dhcpcsvc.DLL
0x00007ffb9af40000 - 0x00007ffb9af4e000 	C:\Program Files\Java\jdk-20\bin\sunmscapi.dll
0x00007ffba73c0000 - 0x00007ffba7526000 	C:\WINDOWS\System32\CRYPT32.dll
0x00007ffba6970000 - 0x00007ffba699d000 	C:\WINDOWS\SYSTEM32\ncrypt.dll
0x00007ffba6930000 - 0x00007ffba6967000 	C:\WINDOWS\SYSTEM32\NTASN1.dll

dbghelp: loaded successfully - version: 4.0.5 - missing functions: none
symbol engine: initialized successfully - sym options: 0x614 - pdb path: .;C:\Program Files\Java\jdk-20\bin;C:\WINDOWS\SYSTEM32;C:\WINDOWS\WinSxS\amd64_microsoft.windows.common-controls_6595b64144ccf1df_6.0.22621.2506_none_270c5ae97388e100;C:\Program Files\Java\jdk-20\bin\server

VM Arguments:
jvm_args: -Dfile.encoding=UTF-8 --module-path=D:\uni java projects\BookShop\build\classes 
java_command: interfaces.Employee_Accounts
java_class_path (initial): C:\Program Files\NetBeans-15\netbeans\java\modules\ext\AbsoluteLayout.jar;D:\uni java projects\mysql-connector-j-8.1.0\mysql-connector-j-8.1.0\mysql-connector-j-8.1.0.jar;C:\Users\ASUS\Desktop\jcalendar-1.4U\lib\jcalendar-1.4.jar;D:\uni java projects\flatlaf-3.2.5.jar;D:\uni java projects\BookShop\build\classes
Launcher Type: SUN_STANDARD

[Global flags]
     intx CICompilerCount                          = 3                                         {product} {ergonomic}
     uint ConcGCThreads                            = 1                                         {product} {ergonomic}
     uint G1ConcRefinementThreads                  = 4                                         {product} {ergonomic}
   size_t G1HeapRegionSize                         = 1048576                                   {product} {ergonomic}
    uintx GCDrainStackTargetSize                   = 64                                        {product} {ergonomic}
   size_t InitialHeapSize                          = 62914560                                  {product} {ergonomic}
   size_t MarkStackSize                            = 4194304                                   {product} {ergonomic}
   size_t MaxHeapSize                              = 1006632960                                {product} {ergonomic}
   size_t MaxNewSize                               = 603979776                                 {product} {ergonomic}
   size_t MinHeapDeltaBytes                        = 1048576                                   {product} {ergonomic}
   size_t MinHeapSize                              = 8388608                                   {product} {ergonomic}
    uintx NonNMethodCodeHeapSize                   = 5832780                                {pd product} {ergonomic}
    uintx NonProfiledCodeHeapSize                  = 122912730                              {pd product} {ergonomic}
    uintx ProfiledCodeHeapSize                     = 122912730                              {pd product} {ergonomic}
    uintx ReservedCodeCacheSize                    = 251658240                              {pd product} {ergonomic}
     bool SegmentedCodeCache                       = true                                      {product} {ergonomic}
   size_t SoftMaxHeapSize                          = 1006632960                             {manageable} {ergonomic}
     bool UseCompressedClassPointers               = true                           {product lp64_product} {ergonomic}
     bool UseCompressedOops                        = true                           {product lp64_product} {ergonomic}
     bool UseG1GC                                  = true                                      {product} {ergonomic}
     bool UseLargePagesIndividualAllocation        = false                                  {pd product} {ergonomic}

Logging:
Log output configuration:
 #0: stdout all=warning uptime,level,tags foldmultilines=false
 #1: stderr all=off uptime,level,tags foldmultilines=false

Environment Variables:
JAVA_HOME=C:\Program Files\Java\jdk-20
PATH=C:\Program Files\Java\jdk-20\bin;C:\Program Files\CodeBlocks\MinGW\bin;C:\Program Files (x86)\Common Files\Intel\Shared Libraries\redist\intel64\compiler;C:\Program Files\Common Files\Oracle\Java\javapath;C:\WINDOWS\system32;C:\WINDOWS;C:\WINDOWS\System32\Wbem;C:\WINDOWS\System32\WindowsPowerShell\v1.0\;C:\WINDOWS\System32\OpenSSH\;C:\Program Files (x86)\Microsoft SQL Server\160\DTS\Binn\;C:\Program Files\Azure Data Studio\bin;C:\Program Files (x86)\Microsoft SQL Server\160\Tools\Binn\;C:\Program Files\Microsoft SQL Server\160\Tools\Binn\;C:\Program Files\Microsoft SQL Server\Client SDK\ODBC\170\Tools\Binn\;C:\Program Files\Microsoft SQL Server\160\DTS\Binn\;C:\Program Files\Java\jdk-20\bin;C:\Users\ASUS\AppData\Local\Programs\Python\Python310\Scripts\;C:\Users\ASUS\AppData\Local\Programs\Python\Python310\;C:\Users\ASUS\AppData\Local\Microsoft\WindowsApps;;C:\Program Files\Azure Data Studio\bin
USERNAME=ASUS
OS=Windows_NT
PROCESSOR_IDENTIFIER=Intel64 Family 6 Model 126 Stepping 5, GenuineIntel
TMP=C:\Users\ASUS\AppData\Local\Temp
TEMP=C:\Users\ASUS\AppData\Local\Temp




---------------  S Y S T E M  ---------------

OS:
 Windows 11 , 64 bit Build 22621 (10.0.22621.2506)
OS uptime: 4 days 4:35 hours

CPU: total 4 (initial active 4) (2 cores per cpu, 2 threads per core) family 6 model 126 stepping 5 microcode 0x96, cx8, cmov, fxsr, ht, mmx, 3dnowpref, sse, sse2, sse3, ssse3, sse4.1, sse4.2, popcnt, lzcnt, tsc, tscinvbit, avx, avx2, aes, erms, clmul, bmi1, bmi2, adx, avx512f, avx512dq, avx512cd, avx512bw, avx512vl, sha, fma, vzeroupper, avx512_vpopcntdq, avx512_vpclmulqdq, avx512_vaes, avx512_vnni, clflush, clflushopt, avx512_vbmi2, avx512_vbmi, rdtscp, rdpid, fsrm, gfni, avx512_bitalg, f16c, pku, avx512_ifma

Memory: 4k page, system-wide physical 3836M (225M free)
TotalPageFile size 15612M (AvailPageFile size 4M)
current process WorkingSet (physical memory assigned to process): 100M, peak: 101M
current process commit charge ("private bytes"): 172M, peak: 173M

vm_info: Java HotSpot(TM) 64-Bit Server VM (20.0.2+9-78) for windows-amd64 JRE (20.0.2+9-78), built on 2023-06-14T10:08:48Z by "mach5one" with MS VC++ 17.1 (VS2022)

END.
