#
# There is insufficient memory for the Java Runtime Environment to continue.
# Native memory allocation (malloc) failed to allocate 1072560 bytes for Chunk::new
# Possible reasons:
#   The system is out of physical RAM or swap space
#   The process is running with CompressedOops enabled, and the Java Heap may be blocking the growth of the native heap
# Possible solutions:
#   Reduce memory load on the system
#   Increase physical memory or swap space
#   Check if swap backing store is full
#   Decrease Java heap size (-Xmx/-Xms)
#   Decrease number of Java threads
#   Decrease Java thread stack sizes (-Xss)
#   Set larger code cache with -XX:ReservedCodeCacheSize=
#   JVM is running with Unscaled Compressed Oops mode in which the Java heap is
#     placed in the first 4GB address space. The Java Heap base address is the
#     maximum limit for the native heap growth. Please use -XX:HeapBaseMinAddress
#     to set the Java Heap base and to place the Java Heap above 4GB virtual address.
# This output file may be truncated or incomplete.
#
#  Out of Memory Error (arena.cpp:184), pid=5712, tid=11856
#
# JRE version: Java(TM) SE Runtime Environment (20.0.2+9) (build 20.0.2+9-78)
# Java VM: Java HotSpot(TM) 64-Bit Server VM (20.0.2+9-78, mixed mode, sharing, tiered, compressed oops, compressed class ptrs, g1 gc, windows-amd64)
# No core dump will be written. Minidumps are not enabled by default on client versions of Windows
#

---------------  S U M M A R Y ------------

Command Line: -Dfile.encoding=UTF-8 --module-path=D:\uni java projects\BookShop\build\classes interfaces.StoreManagerDashBoard

Host: Intel(R) Core(TM) i3-1005G1 CPU @ 1.20GHz, 4 cores, 3G,  Windows 11 , 64 bit Build 22621 (10.0.22621.2506)
Time: Mon Dec 11 22:43:02 2023 Sri Lanka Standard Time elapsed time: 7.907482 seconds (0d 0h 0m 7s)

---------------  T H R E A D  ---------------

Current thread (0x0000025e329905f0):  JavaThread "C2 CompilerThread0" daemon [_thread_in_native, id=11856, stack(0x000000a02ae00000,0x000000a02af00000)]


Current CompileTask:
C2:   7907 2203       4       sun.security.ec.ECOperations::setDouble (463 bytes)

Stack: [0x000000a02ae00000,0x000000a02af00000]
Native frames: (J=compiled Java code, j=interpreted, Vv=VM code, C=native code)
V  [jvm.dll+0x6bc25a]
V  [jvm.dll+0x84971a]
V  [jvm.dll+0x84b315]
V  [jvm.dll+0x84ba13]
V  [jvm.dll+0x280e4f]
V  [jvm.dll+0xc2ab1]
V  [jvm.dll+0xc2dd5]
V  [jvm.dll+0x3bb64c]
V  [jvm.dll+0x1e7109]
V  [jvm.dll+0x24b67b]
V  [jvm.dll+0x24a921]
V  [jvm.dll+0x1ce761]
V  [jvm.dll+0x25a0eb]
V  [jvm.dll+0x2587c0]
V  [jvm.dll+0x3f2dd5]
V  [jvm.dll+0x7f5c76]
V  [jvm.dll+0x6baecb]
C  [ucrtbase.dll+0x29363]
C  [KERNEL32.DLL+0x1257d]
C  [ntdll.dll+0x5aa58]


---------------  P R O C E S S  ---------------

Threads class SMR info:
_java_thread_list=0x0000025e79b015c0, length=18, elements={
0x0000025e32981420, 0x0000025e32982b60, 0x0000025e32988330, 0x0000025e32989170,
0x0000025e3298bf50, 0x0000025e32992040, 0x0000025e329905f0, 0x0000025e329c6060,
0x0000025e77c55090, 0x0000025e77dc2820, 0x0000025e77ef4bf0, 0x0000025e77ef5140,
0x0000025e77ef5690, 0x0000025e77f02c10, 0x0000025e17fa8aa0, 0x0000025e799636a0,
0x0000025e79972160, 0x0000025e79c5e140
}

Java Threads: ( => current thread )
  0x0000025e32981420 JavaThread "Reference Handler" daemon [_thread_blocked, id=16696, stack(0x000000a02a800000,0x000000a02a900000)]
  0x0000025e32982b60 JavaThread "Finalizer" daemon [_thread_blocked, id=20748, stack(0x000000a02a900000,0x000000a02aa00000)]
  0x0000025e32988330 JavaThread "Signal Dispatcher" daemon [_thread_blocked, id=19944, stack(0x000000a02aa00000,0x000000a02ab00000)]
  0x0000025e32989170 JavaThread "Attach Listener" daemon [_thread_blocked, id=14352, stack(0x000000a02ab00000,0x000000a02ac00000)]
  0x0000025e3298bf50 JavaThread "Service Thread" daemon [_thread_blocked, id=3524, stack(0x000000a02ac00000,0x000000a02ad00000)]
  0x0000025e32992040 JavaThread "Monitor Deflation Thread" daemon [_thread_blocked, id=6948, stack(0x000000a02ad00000,0x000000a02ae00000)]
=>0x0000025e329905f0 JavaThread "C2 CompilerThread0" daemon [_thread_in_native, id=11856, stack(0x000000a02ae00000,0x000000a02af00000)]
  0x0000025e329c6060 JavaThread "C1 CompilerThread0" daemon [_thread_blocked, id=12592, stack(0x000000a02af00000,0x000000a02b000000)]
  0x0000025e77c55090 JavaThread "Common-Cleaner" daemon [_thread_blocked, id=13668, stack(0x000000a02b000000,0x000000a02b100000)]
  0x0000025e77dc2820 JavaThread "Notification Thread" daemon [_thread_blocked, id=22680, stack(0x000000a02b100000,0x000000a02b200000)]
  0x0000025e77ef4bf0 JavaThread "Java2D Disposer" daemon [_thread_blocked, id=16496, stack(0x000000a02b300000,0x000000a02b400000)]
  0x0000025e77ef5140 JavaThread "AWT-Shutdown" [_thread_blocked, id=16420, stack(0x000000a02b400000,0x000000a02b500000)]
  0x0000025e77ef5690 JavaThread "AWT-Windows" daemon [_thread_in_native, id=15272, stack(0x000000a02b500000,0x000000a02b600000)]
  0x0000025e77f02c10 JavaThread "AWT-EventQueue-0" [_thread_in_Java, id=23460, stack(0x000000a02b600000,0x000000a02b700000)]
  0x0000025e17fa8aa0 JavaThread "DestroyJavaVM" [_thread_blocked, id=22536, stack(0x000000a02a100000,0x000000a02a200000)]
  0x0000025e799636a0 JavaThread "TimerQueue" daemon [_thread_blocked, id=14932, stack(0x000000a02b700000,0x000000a02b800000)]
  0x0000025e79972160 JavaThread "Image Fetcher 0" daemon [_thread_blocked, id=8124, stack(0x000000a02b800000,0x000000a02b900000)]
  0x0000025e79c5e140 JavaThread "mysql-cj-abandoned-connection-cleanup" daemon [_thread_blocked, id=19372, stack(0x000000a02bf00000,0x000000a02c000000)]

Other Threads:
  0x0000025e180662b0 VMThread "VM Thread" [stack: 0x000000a02a700000,0x000000a02a800000] [id=8912]
  0x0000025e77d85370 WatcherThread "VM Periodic Task Thread" [stack: 0x000000a02b200000,0x000000a02b300000] [id=11024]
  0x0000025e17fea0c0 WorkerThread "GC Thread#0" [stack: 0x000000a02a200000,0x000000a02a300000] [id=21520]
  0x0000025e7995bfb0 WorkerThread "GC Thread#1" [stack: 0x000000a02b900000,0x000000a02ba00000] [id=19128]
  0x0000025e7995c280 WorkerThread "GC Thread#2" [stack: 0x000000a02ba00000,0x000000a02bb00000] [id=16392]
  0x0000025e7967ec60 WorkerThread "GC Thread#3" [stack: 0x000000a02bb00000,0x000000a02bc00000] [id=17044]
  0x0000025e17ff3110 ConcurrentGCThread "G1 Main Marker" [stack: 0x000000a02a300000,0x000000a02a400000] [id=15240]
  0x0000025e17ff3ce0 WorkerThread "G1 Conc#0" [stack: 0x000000a02a400000,0x000000a02a500000] [id=15440]
  0x0000025e180453d0 ConcurrentGCThread "G1 Refine#0" [stack: 0x000000a02a500000,0x000000a02a600000] [id=6728]
  0x0000025e18045e70 ConcurrentGCThread "G1 Service" [stack: 0x000000a02a600000,0x000000a02a700000] [id=7892]

Threads with active compile tasks:
C2 CompilerThread0     7992 2203       4       sun.security.ec.ECOperations::setDouble (463 bytes)

VM state: not at safepoint (normal execution)

VM Mutex/Monitor currently owned by a thread: None

Heap address: 0x00000000c4000000, size: 960 MB, Compressed Oops mode: 32-bit

CDS archive(s) mapped at: [0x0000025e32c00000-0x0000025e33860000-0x0000025e33860000), size 12976128, SharedBaseAddress: 0x0000025e32c00000, ArchiveRelocationMode: 1.
Compressed class space mapped at: 0x0000025e33c00000-0x0000025e73c00000, reserved size: 1073741824
Narrow klass base: 0x0000025e32c00000, Narrow klass shift: 0, Narrow klass range: 0x100000000

GC Precious Log:
 CardTable entry size: 512
 Card Set container configuration: InlinePtr #cards 5 size 8 Array Of Cards #cards 12 size 40 Howl #buckets 4 coarsen threshold 1843 Howl Bitmap #cards 512 size 80 coarsen threshold 460 Card regions per heap region 1 cards per card region 2048
 CPUs: 4 total, 4 available
 Memory: 3836M
 Large Page Support: Disabled
 NUMA Support: Disabled
 Compressed Oops: Enabled (32-bit)
 Heap Region Size: 1M
 Heap Min Capacity: 8M
 Heap Initial Capacity: 60M
 Heap Max Capacity: 960M
 Pre-touch: Disabled
 Parallel Workers: 4
 Concurrent Workers: 1
 Concurrent Refinement Workers: 4
 Periodic GC: Disabled

Heap:
 garbage-first heap   total 75776K, used 60352K [0x00000000c4000000, 0x0000000100000000)
  region size 1024K, 20 young (20480K), 1 survivors (1024K)
 Metaspace       used 19965K, committed 20160K, reserved 1114112K
  class space    used 2266K, committed 2368K, reserved 1048576K

Heap Regions: E=young(eden), S=young(survivor), O=old, HS=humongous(starts), HC=humongous(continues), CS=collection set, F=free, OA=open archive, CA=closed archive, TAMS=top-at-mark-start, PB=parsable bottom
|   0|0x00000000c4000000, 0x00000000c4100000, 0x00000000c4100000|100%|HS|  |TAMS 0x00000000c4000000| PB 0x00000000c4000000| Complete 
|   1|0x00000000c4100000, 0x00000000c4200000, 0x00000000c4200000|100%|HC|  |TAMS 0x00000000c4100000| PB 0x00000000c4100000| Complete 
|   2|0x00000000c4200000, 0x00000000c4300000, 0x00000000c4300000|100%| O|  |TAMS 0x00000000c4200000| PB 0x00000000c4200000| Untracked 
|   3|0x00000000c4300000, 0x00000000c4400000, 0x00000000c4400000|100%| O|  |TAMS 0x00000000c4300000| PB 0x00000000c4300000| Untracked 
|   4|0x00000000c4400000, 0x00000000c4500000, 0x00000000c4500000|100%|HS|  |TAMS 0x00000000c4400000| PB 0x00000000c4400000| Complete 
|   5|0x00000000c4500000, 0x00000000c4600000, 0x00000000c4600000|100%|HC|  |TAMS 0x00000000c4500000| PB 0x00000000c4500000| Complete 
|   6|0x00000000c4600000, 0x00000000c4700000, 0x00000000c4700000|100%|HC|  |TAMS 0x00000000c4600000| PB 0x00000000c4600000| Complete 
|   7|0x00000000c4700000, 0x00000000c4800000, 0x00000000c4800000|100%|HC|  |TAMS 0x00000000c4700000| PB 0x00000000c4700000| Complete 
|   8|0x00000000c4800000, 0x00000000c4900000, 0x00000000c4900000|100%|HC|  |TAMS 0x00000000c4800000| PB 0x00000000c4800000| Complete 
|   9|0x00000000c4900000, 0x00000000c4a00000, 0x00000000c4a00000|100%|HC|  |TAMS 0x00000000c4900000| PB 0x00000000c4900000| Complete 
|  10|0x00000000c4a00000, 0x00000000c4b00000, 0x00000000c4b00000|100%|HC|  |TAMS 0x00000000c4a00000| PB 0x00000000c4a00000| Complete 
|  11|0x00000000c4b00000, 0x00000000c4c00000, 0x00000000c4c00000|100%|HC|  |TAMS 0x00000000c4b00000| PB 0x00000000c4b00000| Complete 
|  12|0x00000000c4c00000, 0x00000000c4d00000, 0x00000000c4d00000|100%|HC|  |TAMS 0x00000000c4c00000| PB 0x00000000c4c00000| Complete 
|  13|0x00000000c4d00000, 0x00000000c4e00000, 0x00000000c4e00000|100%|HC|  |TAMS 0x00000000c4d00000| PB 0x00000000c4d00000| Complete 
|  14|0x00000000c4e00000, 0x00000000c4f00000, 0x00000000c4f00000|100%|HC|  |TAMS 0x00000000c4e00000| PB 0x00000000c4e00000| Complete 
|  15|0x00000000c4f00000, 0x00000000c5000000, 0x00000000c5000000|100%|HC|  |TAMS 0x00000000c4f00000| PB 0x00000000c4f00000| Complete 
|  16|0x00000000c5000000, 0x00000000c5100000, 0x00000000c5100000|100%|HC|  |TAMS 0x00000000c5000000| PB 0x00000000c5000000| Complete 
|  17|0x00000000c5100000, 0x00000000c5200000, 0x00000000c5200000|100%|HC|  |TAMS 0x00000000c5100000| PB 0x00000000c5100000| Complete 
|  18|0x00000000c5200000, 0x00000000c5300000, 0x00000000c5300000|100%|HC|  |TAMS 0x00000000c5200000| PB 0x00000000c5200000| Complete 
|  19|0x00000000c5300000, 0x00000000c5400000, 0x00000000c5400000|100%|HC|  |TAMS 0x00000000c5300000| PB 0x00000000c5300000| Complete 
|  20|0x00000000c5400000, 0x00000000c5500000, 0x00000000c5500000|100%|HC|  |TAMS 0x00000000c5400000| PB 0x00000000c5400000| Complete 
|  21|0x00000000c5500000, 0x00000000c5600000, 0x00000000c5600000|100%|HC|  |TAMS 0x00000000c5500000| PB 0x00000000c5500000| Complete 
|  22|0x00000000c5600000, 0x00000000c5700000, 0x00000000c5700000|100%|HC|  |TAMS 0x00000000c5600000| PB 0x00000000c5600000| Complete 
|  23|0x00000000c5700000, 0x00000000c5800000, 0x00000000c5800000|100%|HC|  |TAMS 0x00000000c5700000| PB 0x00000000c5700000| Complete 
|  24|0x00000000c5800000, 0x00000000c5900000, 0x00000000c5900000|100%|HC|  |TAMS 0x00000000c5800000| PB 0x00000000c5800000| Complete 
|  25|0x00000000c5900000, 0x00000000c5a00000, 0x00000000c5a00000|100%|HC|  |TAMS 0x00000000c5900000| PB 0x00000000c5900000| Complete 
|  26|0x00000000c5a00000, 0x00000000c5b00000, 0x00000000c5b00000|100%|HC|  |TAMS 0x00000000c5a00000| PB 0x00000000c5a00000| Complete 
|  27|0x00000000c5b00000, 0x00000000c5c00000, 0x00000000c5c00000|100%|HC|  |TAMS 0x00000000c5b00000| PB 0x00000000c5b00000| Complete 
|  28|0x00000000c5c00000, 0x00000000c5d00000, 0x00000000c5d00000|100%|HC|  |TAMS 0x00000000c5c00000| PB 0x00000000c5c00000| Complete 
|  29|0x00000000c5d00000, 0x00000000c5e00000, 0x00000000c5e00000|100%|HC|  |TAMS 0x00000000c5d00000| PB 0x00000000c5d00000| Complete 
|  30|0x00000000c5e00000, 0x00000000c5f00000, 0x00000000c5f00000|100%|HC|  |TAMS 0x00000000c5e00000| PB 0x00000000c5e00000| Complete 
|  31|0x00000000c5f00000, 0x00000000c6000000, 0x00000000c6000000|100%|HC|  |TAMS 0x00000000c5f00000| PB 0x00000000c5f00000| Complete 
|  32|0x00000000c6000000, 0x00000000c6100000, 0x00000000c6100000|100%|HC|  |TAMS 0x00000000c6000000| PB 0x00000000c6000000| Complete 
|  33|0x00000000c6100000, 0x00000000c6200000, 0x00000000c6200000|100%|HC|  |TAMS 0x00000000c6100000| PB 0x00000000c6100000| Complete 
|  34|0x00000000c6200000, 0x00000000c6300000, 0x00000000c6300000|100%|HC|  |TAMS 0x00000000c6200000| PB 0x00000000c6200000| Complete 
|  35|0x00000000c6300000, 0x00000000c6400000, 0x00000000c6400000|100%|HC|  |TAMS 0x00000000c6300000| PB 0x00000000c6300000| Complete 
|  36|0x00000000c6400000, 0x00000000c6500000, 0x00000000c6500000|100%|HC|  |TAMS 0x00000000c6400000| PB 0x00000000c6400000| Complete 
|  37|0x00000000c6500000, 0x00000000c6600000, 0x00000000c6600000|100%|HC|  |TAMS 0x00000000c6500000| PB 0x00000000c6500000| Complete 
|  38|0x00000000c6600000, 0x00000000c6700000, 0x00000000c6700000|100%|HC|  |TAMS 0x00000000c6600000| PB 0x00000000c6600000| Complete 
|  39|0x00000000c6700000, 0x00000000c6800000, 0x00000000c6800000|100%|HC|  |TAMS 0x00000000c6700000| PB 0x00000000c6700000| Complete 
|  40|0x00000000c6800000, 0x00000000c6900000, 0x00000000c6900000|100%| O|  |TAMS 0x00000000c6800000| PB 0x00000000c6800000| Untracked 
|  41|0x00000000c6900000, 0x00000000c69ebe00, 0x00000000c6a00000| 92%| O|  |TAMS 0x00000000c6900000| PB 0x00000000c6900000| Untracked 
|  42|0x00000000c6a00000, 0x00000000c6a00000, 0x00000000c6b00000|  0%| F|  |TAMS 0x00000000c6a00000| PB 0x00000000c6a00000| Untracked 
|  43|0x00000000c6b00000, 0x00000000c6b00000, 0x00000000c6c00000|  0%| F|  |TAMS 0x00000000c6b00000| PB 0x00000000c6b00000| Untracked 
|  44|0x00000000c6c00000, 0x00000000c6c00000, 0x00000000c6d00000|  0%| F|  |TAMS 0x00000000c6c00000| PB 0x00000000c6c00000| Untracked 
|  45|0x00000000c6d00000, 0x00000000c6d00000, 0x00000000c6e00000|  0%| F|  |TAMS 0x00000000c6d00000| PB 0x00000000c6d00000| Untracked 
|  46|0x00000000c6e00000, 0x00000000c6e00000, 0x00000000c6f00000|  0%| F|  |TAMS 0x00000000c6e00000| PB 0x00000000c6e00000| Untracked 
|  47|0x00000000c6f00000, 0x00000000c6f00000, 0x00000000c7000000|  0%| F|  |TAMS 0x00000000c6f00000| PB 0x00000000c6f00000| Untracked 
|  48|0x00000000c7000000, 0x00000000c7000000, 0x00000000c7100000|  0%| F|  |TAMS 0x00000000c7000000| PB 0x00000000c7000000| Untracked 
|  49|0x00000000c7100000, 0x00000000c7100000, 0x00000000c7200000|  0%| F|  |TAMS 0x00000000c7100000| PB 0x00000000c7100000| Untracked 
|  50|0x00000000c7200000, 0x00000000c7200000, 0x00000000c7300000|  0%| F|  |TAMS 0x00000000c7200000| PB 0x00000000c7200000| Untracked 
|  51|0x00000000c7300000, 0x00000000c7300000, 0x00000000c7400000|  0%| F|  |TAMS 0x00000000c7300000| PB 0x00000000c7300000| Untracked 
|  52|0x00000000c7400000, 0x00000000c7400000, 0x00000000c7500000|  0%| F|  |TAMS 0x00000000c7400000| PB 0x00000000c7400000| Untracked 
|  53|0x00000000c7500000, 0x00000000c7500000, 0x00000000c7600000|  0%| F|  |TAMS 0x00000000c7500000| PB 0x00000000c7500000| Untracked 
|  54|0x00000000c7600000, 0x00000000c768fdc8, 0x00000000c7700000| 56%| E|  |TAMS 0x00000000c7600000| PB 0x00000000c7600000| Complete 
|  55|0x00000000c7700000, 0x00000000c7800000, 0x00000000c7800000|100%| E|CS|TAMS 0x00000000c7700000| PB 0x00000000c7700000| Complete 
|  56|0x00000000c7800000, 0x00000000c7900000, 0x00000000c7900000|100%| E|CS|TAMS 0x00000000c7800000| PB 0x00000000c7800000| Complete 
|  57|0x00000000c7900000, 0x00000000c7a00000, 0x00000000c7a00000|100%| E|CS|TAMS 0x00000000c7900000| PB 0x00000000c7900000| Complete 
|  58|0x00000000c7a00000, 0x00000000c7b00000, 0x00000000c7b00000|100%| E|CS|TAMS 0x00000000c7a00000| PB 0x00000000c7a00000| Complete 
|  59|0x00000000c7b00000, 0x00000000c7c00000, 0x00000000c7c00000|100%| E|CS|TAMS 0x00000000c7b00000| PB 0x00000000c7b00000| Complete 
|  60|0x00000000c7c00000, 0x00000000c7d00000, 0x00000000c7d00000|100%| E|CS|TAMS 0x00000000c7c00000| PB 0x00000000c7c00000| Complete 
|  61|0x00000000c7d00000, 0x00000000c7e00000, 0x00000000c7e00000|100%| E|CS|TAMS 0x00000000c7d00000| PB 0x00000000c7d00000| Complete 
|  62|0x00000000c7e00000, 0x00000000c7f00000, 0x00000000c7f00000|100%| E|CS|TAMS 0x00000000c7e00000| PB 0x00000000c7e00000| Complete 
|  63|0x00000000c7f00000, 0x00000000c8000000, 0x00000000c8000000|100%| E|CS|TAMS 0x00000000c7f00000| PB 0x00000000c7f00000| Complete 
|  64|0x00000000c8000000, 0x00000000c8004518, 0x00000000c8100000|  1%| S|CS|TAMS 0x00000000c8000000| PB 0x00000000c8000000| Complete 
|  65|0x00000000c8100000, 0x00000000c8200000, 0x00000000c8200000|100%| E|CS|TAMS 0x00000000c8100000| PB 0x00000000c8100000| Complete 
|  66|0x00000000c8200000, 0x00000000c8300000, 0x00000000c8300000|100%| E|CS|TAMS 0x00000000c8200000| PB 0x00000000c8200000| Complete 
|  67|0x00000000c8300000, 0x00000000c8400000, 0x00000000c8400000|100%| E|CS|TAMS 0x00000000c8300000| PB 0x00000000c8300000| Complete 
|  68|0x00000000c8400000, 0x00000000c8500000, 0x00000000c8500000|100%| E|CS|TAMS 0x00000000c8400000| PB 0x00000000c8400000| Complete 
|  69|0x00000000c8500000, 0x00000000c8600000, 0x00000000c8600000|100%| E|  |TAMS 0x00000000c8500000| PB 0x00000000c8500000| Complete 
|  70|0x00000000c8600000, 0x00000000c8700000, 0x00000000c8700000|100%| E|CS|TAMS 0x00000000c8600000| PB 0x00000000c8600000| Complete 
|  71|0x00000000c8700000, 0x00000000c8800000, 0x00000000c8800000|100%| E|CS|TAMS 0x00000000c8700000| PB 0x00000000c8700000| Complete 
|  72|0x00000000c8800000, 0x00000000c8900000, 0x00000000c8900000|100%| E|CS|TAMS 0x00000000c8800000| PB 0x00000000c8800000| Complete 
|  73|0x00000000c8900000, 0x00000000c8a00000, 0x00000000c8a00000|100%| E|CS|TAMS 0x00000000c8900000| PB 0x00000000c8900000| Complete 

Card table byte_map: [0x0000025e2f260000,0x0000025e2f440000] _byte_map_base: 0x0000025e2ec40000

Marking Bits: (CMBitMap*) 0x0000025e17fea6f0
 Bits: [0x0000025e2f620000, 0x0000025e30520000)

Polling page: 0x0000025e17770000

Metaspace:

Usage:
  Non-class:     17.28 MB used.
      Class:      2.21 MB used.
       Both:     19.50 MB used.

Virtual space:
  Non-class space:       64.00 MB reserved,      17.38 MB ( 27%) committed,  1 nodes.
      Class space:        1.00 GB reserved,       2.31 MB ( <1%) committed,  1 nodes.
             Both:        1.06 GB reserved,      19.69 MB (  2%) committed. 

Chunk freelists:
   Non-Class:  2.38 MB
       Class:  1.72 MB
        Both:  4.10 MB

MaxMetaspaceSize: unlimited
CompressedClassSpaceSize: 1.00 GB
Initial GC threshold: 21.00 MB
Current GC threshold: 21.00 MB
CDS: on
MetaspaceReclaimPolicy: balanced
 - commit_granule_bytes: 65536.
 - commit_granule_words: 8192.
 - virtual_space_node_default_size: 8388608.
 - enlarge_chunks_in_place: 1.
 - new_chunks_are_fully_committed: 0.
 - uncommit_free_chunks: 1.
 - use_allocation_guard: 0.


Internal statistics:

num_allocs_failed_limit: 0.
num_arena_births: 206.
num_arena_deaths: 0.
num_vsnodes_births: 2.
num_vsnodes_deaths: 0.
num_space_committed: 315.
num_space_uncommitted: 0.
num_chunks_returned_to_freelist: 0.
num_chunks_taken_from_freelist: 413.
num_chunk_merges: 0.
num_chunk_splits: 243.
num_chunks_enlarged: 142.
num_inconsistent_stats: 0.

CodeHeap 'non-profiled nmethods': size=120000Kb used=747Kb max_used=747Kb free=119252Kb
 bounds [0x0000025e27b50000, 0x0000025e27dc0000, 0x0000025e2f080000]
CodeHeap 'profiled nmethods': size=120000Kb used=4360Kb max_used=4360Kb free=115639Kb
 bounds [0x0000025e20080000, 0x0000025e204d0000, 0x0000025e275b0000]
CodeHeap 'non-nmethods': size=5760Kb used=1930Kb max_used=1940Kb free=3829Kb
 bounds [0x0000025e275b0000, 0x0000025e27820000, 0x0000025e27b50000]
 total_blobs=3000 nmethods=2266 adapters=644
 compilation: enabled
              stopped_count=0, restarted_count=0
 full_count=0

Compilation events (20 events):
Event: 7.881 Thread 0x0000025e329c6060 nmethod 2228 0x0000025e204a6710 code [0x0000025e204a68a0, 0x0000025e204a6990]
Event: 7.881 Thread 0x0000025e329c6060 2229       3       java.lang.reflect.AccessibleObject::verifyAccess (55 bytes)
Event: 7.882 Thread 0x0000025e329c6060 nmethod 2229 0x0000025e204a6a10 code [0x0000025e204a6c40, 0x0000025e204a7810]
Event: 7.882 Thread 0x0000025e329c6060 2230       3       sun.security.provider.SHA5::lf_ch (13 bytes)
Event: 7.882 Thread 0x0000025e329c6060 nmethod 2230 0x0000025e204a7b10 code [0x0000025e204a7ca0, 0x0000025e204a7da8]
Event: 7.882 Thread 0x0000025e329c6060 2231       3       sun.security.provider.SHA5::lf_sigma0 (21 bytes)
Event: 7.882 Thread 0x0000025e329c6060 nmethod 2231 0x0000025e204a7e10 code [0x0000025e204a7fc0, 0x0000025e204a8268]
Event: 7.882 Thread 0x0000025e329c6060 2232       3       sun.security.provider.SHA5::lf_maj (14 bytes)
Event: 7.882 Thread 0x0000025e329c6060 nmethod 2232 0x0000025e204a8410 code [0x0000025e204a85a0, 0x0000025e204a86a0]
Event: 7.884 Thread 0x0000025e329c6060 2234       3       jdk.internal.misc.VM::isJavaLangInvokeInited (4 bytes)
Event: 7.884 Thread 0x0000025e329c6060 nmethod 2234 0x0000025e204a8710 code [0x0000025e204a88a0, 0x0000025e204a8990]
Event: 7.884 Thread 0x0000025e329c6060 2235       3       java.lang.invoke.VarHandleByteArrayAsLongs$ArrayHandle::index (13 bytes)
Event: 7.885 Thread 0x0000025e329c6060 nmethod 2235 0x0000025e204a8a10 code [0x0000025e204a8ba0, 0x0000025e204a8ce8]
Event: 7.885 Thread 0x0000025e329c6060 2236       3       jdk.internal.misc.Unsafe::convEndian (16 bytes)
Event: 7.885 Thread 0x0000025e329c6060 nmethod 2236 0x0000025e204a8e10 code [0x0000025e204a8fa0, 0x0000025e204a9108]
Event: 7.885 Thread 0x0000025e329c6060 2237       3       java.lang.Long::reverseBytes (46 bytes)
Event: 7.885 Thread 0x0000025e329c6060 nmethod 2237 0x0000025e204a9190 code [0x0000025e204a9320, 0x0000025e204a9478]
Event: 7.887 Thread 0x0000025e329c6060 2240       3       jdk.internal.reflect.ReflectionFactory::config (28 bytes)
Event: 7.887 Thread 0x0000025e329c6060 nmethod 2240 0x0000025e204a9510 code [0x0000025e204a96a0, 0x0000025e204a97a8]
Event: 7.887 Thread 0x0000025e329c6060 2241       3       java.lang.invoke.VarHandleGuards::guard_LI_J (78 bytes)

GC Heap History (8 events):
Event: 3.340 GC heap before
{Heap before GC invocations=0 (full 0):
 garbage-first heap   total 61440K, used 13312K [0x00000000c4000000, 0x0000000100000000)
  region size 1024K, 12 young (12288K), 0 survivors (0K)
 Metaspace       used 10437K, committed 10624K, reserved 1114112K
  class space    used 1236K, committed 1344K, reserved 1048576K
}
Event: 3.353 GC heap after
{Heap after GC invocations=1 (full 0):
 garbage-first heap   total 61440K, used 5908K [0x00000000c4000000, 0x0000000100000000)
  region size 1024K, 2 young (2048K), 2 survivors (2048K)
 Metaspace       used 10437K, committed 10624K, reserved 1114112K
  class space    used 1236K, committed 1344K, reserved 1048576K
}
Event: 3.883 GC heap before
{Heap before GC invocations=1 (full 0):
 garbage-first heap   total 61440K, used 54036K [0x00000000c4000000, 0x0000000100000000)
  region size 1024K, 14 young (14336K), 2 survivors (2048K)
 Metaspace       used 10513K, committed 10688K, reserved 1114112K
  class space    used 1238K, committed 1344K, reserved 1048576K
}
Event: 3.886 GC heap after
{Heap after GC invocations=2 (full 0):
 garbage-first heap   total 61440K, used 43201K [0x00000000c4000000, 0x0000000100000000)
  region size 1024K, 1 young (1024K), 1 survivors (1024K)
 Metaspace       used 10513K, committed 10688K, reserved 1114112K
  class space    used 1238K, committed 1344K, reserved 1048576K
}
Event: 4.042 GC heap before
{Heap before GC invocations=2 (full 0):
 garbage-first heap   total 61440K, used 50369K [0x00000000c4000000, 0x0000000100000000)
  region size 1024K, 9 young (9216K), 1 survivors (1024K)
 Metaspace       used 10513K, committed 10688K, reserved 1114112K
  class space    used 1238K, committed 1344K, reserved 1048576K
}
Event: 4.043 GC heap after
{Heap after GC invocations=3 (full 0):
 garbage-first heap   total 61440K, used 42996K [0x00000000c4000000, 0x0000000100000000)
  region size 1024K, 1 young (1024K), 1 survivors (1024K)
 Metaspace       used 10513K, committed 10688K, reserved 1114112K
  class space    used 1238K, committed 1344K, reserved 1048576K
}
Event: 4.263 GC heap before
{Heap before GC invocations=4 (full 0):
 garbage-first heap   total 75776K, used 52212K [0x00000000c4000000, 0x0000000100000000)
  region size 1024K, 11 young (11264K), 1 survivors (1024K)
 Metaspace       used 10513K, committed 10688K, reserved 1114112K
  class space    used 1238K, committed 1344K, reserved 1048576K
}
Event: 4.263 GC heap after
{Heap after GC invocations=5 (full 0):
 garbage-first heap   total 75776K, used 42944K [0x00000000c4000000, 0x0000000100000000)
  region size 1024K, 1 young (1024K), 1 survivors (1024K)
 Metaspace       used 10513K, committed 10688K, reserved 1114112K
  class space    used 1238K, committed 1344K, reserved 1048576K
}

Dll operation events (12 events):
Event: 0.148 Loaded shared library C:\Program Files\Java\jdk-20\bin\java.dll
Event: 0.256 Loaded shared library C:\Program Files\Java\jdk-20\bin\jsvml.dll
Event: 0.716 Loaded shared library C:\Program Files\Java\jdk-20\bin\net.dll
Event: 0.822 Loaded shared library C:\Program Files\Java\jdk-20\bin\nio.dll
Event: 0.908 Loaded shared library C:\Program Files\Java\jdk-20\bin\zip.dll
Event: 1.052 Loaded shared library C:\Program Files\Java\jdk-20\bin\jimage.dll
Event: 1.106 Loaded shared library C:\Program Files\Java\jdk-20\bin\awt.dll
Event: 1.658 Loaded shared library C:\Program Files\Java\jdk-20\bin\freetype.dll
Event: 1.664 Loaded shared library C:\Program Files\Java\jdk-20\bin\fontmanager.dll
Event: 2.008 Loaded shared library C:\Program Files\Java\jdk-20\bin\verify.dll
Event: 5.920 Loaded shared library C:\Program Files\Java\jdk-20\bin\extnet.dll
Event: 6.621 Loaded shared library C:\Program Files\Java\jdk-20\bin\sunmscapi.dll

Deoptimization events (20 events):
Event: 6.902 Thread 0x0000025e77f02c10 Uncommon trap: trap_request=0xffffffc6 fr.pc=0x0000025e27bbc1ec relative=0x000000000000068c
Event: 6.902 Thread 0x0000025e77f02c10 Uncommon trap: reason=bimorphic_or_optimized_type_check action=maybe_recompile pc=0x0000025e27bbc1ec method=java.io.BufferedInputStream.read1([BII)I @ 40 c2
Event: 6.902 Thread 0x0000025e77f02c10 DEOPT PACKING pc=0x0000025e27bbc1ec sp=0x000000a02b6fa1b0
Event: 6.902 Thread 0x0000025e77f02c10 DEOPT UNPACKING pc=0x0000025e275cd2a2 sp=0x000000a02b6fa168 mode 2
Event: 7.874 Thread 0x0000025e77f02c10 Uncommon trap: trap_request=0xffffff66 fr.pc=0x0000025e27c05f80 relative=0x0000000000000240
Event: 7.875 Thread 0x0000025e77f02c10 Uncommon trap: reason=speculate_class_check action=maybe_recompile pc=0x0000025e27c05f80 method=sun.security.util.math.intpoly.IntegerPolynomial.multByInt([JJ)V @ 26 c2
Event: 7.875 Thread 0x0000025e77f02c10 DEOPT PACKING pc=0x0000025e27c05f80 sp=0x000000a02b6fda00
Event: 7.875 Thread 0x0000025e77f02c10 DEOPT UNPACKING pc=0x0000025e275cd2a2 sp=0x000000a02b6fd940 mode 2
Event: 7.875 Thread 0x0000025e77f02c10 Uncommon trap: trap_request=0xffffff66 fr.pc=0x0000025e27c05f80 relative=0x0000000000000240
Event: 7.875 Thread 0x0000025e77f02c10 Uncommon trap: reason=speculate_class_check action=maybe_recompile pc=0x0000025e27c05f80 method=sun.security.util.math.intpoly.IntegerPolynomial.multByInt([JJ)V @ 26 c2
Event: 7.875 Thread 0x0000025e77f02c10 DEOPT PACKING pc=0x0000025e27c05f80 sp=0x000000a02b6fda00
Event: 7.875 Thread 0x0000025e77f02c10 DEOPT UNPACKING pc=0x0000025e275cd2a2 sp=0x000000a02b6fd940 mode 2
Event: 7.875 Thread 0x0000025e77f02c10 Uncommon trap: trap_request=0xffffff66 fr.pc=0x0000025e27c05f80 relative=0x0000000000000240
Event: 7.875 Thread 0x0000025e77f02c10 Uncommon trap: reason=speculate_class_check action=maybe_recompile pc=0x0000025e27c05f80 method=sun.security.util.math.intpoly.IntegerPolynomial.multByInt([JJ)V @ 26 c2
Event: 7.875 Thread 0x0000025e77f02c10 DEOPT PACKING pc=0x0000025e27c05f80 sp=0x000000a02b6fda00
Event: 7.875 Thread 0x0000025e77f02c10 DEOPT UNPACKING pc=0x0000025e275cd2a2 sp=0x000000a02b6fd940 mode 2
Event: 7.875 Thread 0x0000025e77f02c10 Uncommon trap: trap_request=0xffffff66 fr.pc=0x0000025e27c05f80 relative=0x0000000000000240
Event: 7.875 Thread 0x0000025e77f02c10 Uncommon trap: reason=speculate_class_check action=maybe_recompile pc=0x0000025e27c05f80 method=sun.security.util.math.intpoly.IntegerPolynomial.multByInt([JJ)V @ 26 c2
Event: 7.875 Thread 0x0000025e77f02c10 DEOPT PACKING pc=0x0000025e27c05f80 sp=0x000000a02b6fda00
Event: 7.875 Thread 0x0000025e77f02c10 DEOPT UNPACKING pc=0x0000025e275cd2a2 sp=0x000000a02b6fd940 mode 2

Classes loaded (20 events):
Event: 7.883 Loading class sun/security/ssl/SSLSecretDerivation$SecretSchedule done
Event: 7.885 Loading class sun/security/ssl/SSLTrafficKeyDerivation
Event: 7.885 Loading class sun/security/ssl/SSLKeyDerivationGenerator
Event: 7.885 Loading class sun/security/ssl/SSLKeyDerivationGenerator done
Event: 7.885 Loading class sun/security/ssl/SSLTrafficKeyDerivation done
Event: 7.885 Loading class sun/security/ssl/SSLTrafficKeyDerivation$S30TrafficKeyDerivationGenerator
Event: 7.885 Loading class sun/security/ssl/SSLTrafficKeyDerivation$S30TrafficKeyDerivationGenerator done
Event: 7.886 Loading class sun/security/ssl/SSLTrafficKeyDerivation$T10TrafficKeyDerivationGenerator
Event: 7.886 Loading class sun/security/ssl/SSLTrafficKeyDerivation$T10TrafficKeyDerivationGenerator done
Event: 7.886 Loading class sun/security/ssl/SSLTrafficKeyDerivation$T12TrafficKeyDerivationGenerator
Event: 7.886 Loading class sun/security/ssl/SSLTrafficKeyDerivation$T12TrafficKeyDerivationGenerator done
Event: 7.886 Loading class sun/security/ssl/SSLTrafficKeyDerivation$T13TrafficKeyDerivationGenerator
Event: 7.886 Loading class sun/security/ssl/SSLTrafficKeyDerivation$T13TrafficKeyDerivationGenerator done
Event: 7.886 Loading class sun/security/ssl/SSLTrafficKeyDerivation$1
Event: 7.886 Loading class sun/security/ssl/SSLTrafficKeyDerivation$1 done
Event: 7.886 Loading class sun/security/ssl/SSLTrafficKeyDerivation$T13TrafficKeyDerivation
Event: 7.887 Loading class sun/security/ssl/SSLTrafficKeyDerivation$T13TrafficKeyDerivation done
Event: 7.887 Loading class sun/security/ssl/SSLTrafficKeyDerivation$KeySchedule
Event: 7.887 Loading class sun/security/ssl/SSLTrafficKeyDerivation$KeySchedule done
Event: 7.888 Loading class javax/crypto/spec/IvParameterSpec

Classes unloaded (0 events):
No events

Classes redefined (0 events):
No events

Internal exceptions (20 events):
Event: 1.896 Thread 0x0000025e17fa8aa0 Exception <a 'java/lang/ClassNotFoundException'{0x00000000c7692630}: RootPane> (0x00000000c7692630) 
thrown [s\open\src\hotspot\share\classfile\systemDictionary.cpp, line 305]
Event: 1.900 Thread 0x0000025e17fa8aa0 Exception <a 'java/lang/ClassNotFoundException'{0x00000000c7695370}: com/sun/swing/internal/plaf/metal/resources/spi/metalProvider> (0x00000000c7695370) 
thrown [s\open\src\hotspot\share\classfile\systemDictionary.cpp, line 305]
Event: 1.902 Thread 0x0000025e17fa8aa0 Exception <a 'java/lang/ClassNotFoundException'{0x00000000c7699020}: com/sun/swing/internal/plaf/basic/resources/spi/basicProvider> (0x00000000c7699020) 
thrown [s\open\src\hotspot\share\classfile\systemDictionary.cpp, line 305]
Event: 1.967 Thread 0x0000025e77f02c10 Exception <a 'java/lang/ClassNotFoundException'{0x00000000c7557988}: com/sun/swing/internal/plaf/synth/resources/spi/synthProvider> (0x00000000c7557988) 
thrown [s\open\src\hotspot\share\classfile\systemDictionary.cpp, line 305]
Event: 2.002 Thread 0x0000025e77f02c10 Exception <a 'java/lang/NoSuchMethodError'{0x00000000c759ac00}: 'int java.lang.invoke.Invokers$Holder.invokeExact_MT(java.lang.Object, java.lang.Object)'> (0x00000000c759ac00) 
thrown [s\open\src\hotspot\share\interpreter\linkResolver.cpp, line 773]
Event: 2.037 Thread 0x0000025e77f02c10 Exception <a 'java/lang/NoSuchMethodError'{0x00000000c75b9438}: 'java.lang.Object java.lang.invoke.DirectMethodHandle$Holder.newInvokeSpecial(java.lang.Object, java.lang.Object, int)'> (0x00000000c75b9438) 
thrown [s\open\src\hotspot\share\interpreter\linkResolver.cpp, line 773]
Event: 2.038 Thread 0x0000025e77f02c10 Exception <a 'java/lang/NoSuchMethodError'{0x00000000c75be2e8}: 'int java.lang.invoke.DirectMethodHandle$Holder.invokeSpecial(java.lang.Object, java.lang.Object, java.lang.Object, int)'> (0x00000000c75be2e8) 
thrown [s\open\src\hotspot\share\interpreter\linkResolver.cpp, line 773]
Event: 2.043 Thread 0x0000025e77f02c10 Exception <a 'java/lang/NoSuchMethodError'{0x00000000c75d0b70}: 'java.lang.Object java.lang.invoke.DirectMethodHandle$Holder.invokeStatic(java.lang.Object, java.lang.Object, java.lang.Object, java.lang.Object, int)'> (0x00000000c75d0b70) 
thrown [s\open\src\hotspot\share\interpreter\linkResolver.cpp, line 773]
Event: 2.049 Thread 0x0000025e77f02c10 Exception <a 'java/lang/NoSuchMethodError'{0x00000000c75dc2c0}: 'int java.lang.invoke.DirectMethodHandle$Holder.invokeSpecial(java.lang.Object, java.lang.Object, java.lang.Object)'> (0x00000000c75dc2c0) 
thrown [s\open\src\hotspot\share\interpreter\linkResolver.cpp, line 773]
Event: 2.907 Thread 0x0000025e79972160 Exception <a 'java/lang/NoSuchMethodError'{0x00000000c7013848}: 'java.lang.Object java.lang.invoke.DirectMethodHandle$Holder.newInvokeSpecial(java.lang.Object, java.lang.Object, java.lang.Object, int, int, int, int, int)'> (0x00000000c7013848) 
thrown [s\open\src\hotspot\share\interpreter\linkResolver.cpp, line 773]
Event: 4.356 Thread 0x0000025e77ef5690 Exception <a 'java/lang/NoSuchMethodError'{0x00000000c84e5878}: 'void java.lang.invoke.DirectMethodHandle$Holder.invokeVirtual(java.lang.Object, java.lang.Object)'> (0x00000000c84e5878) 
thrown [s\open\src\hotspot\share\interpreter\linkResolver.cpp, line 773]
Event: 4.430 Thread 0x0000025e77f02c10 Exception <a 'java/lang/NoSuchMethodError'{0x00000000c8317ad0}: 'void java.lang.invoke.DirectMethodHandle$Holder.invokeStaticInit(java.lang.Object)'> (0x00000000c8317ad0) 
thrown [s\open\src\hotspot\share\interpreter\linkResolver.cpp, line 773]
Event: 5.257 Thread 0x0000025e77f02c10 Exception <a 'java/lang/NoSuchMethodError'{0x00000000c811ecc8}: 'java.lang.Object java.lang.invoke.DirectMethodHandle$Holder.invokeInterface(java.lang.Object, java.lang.Object)'> (0x00000000c811ecc8) 
thrown [s\open\src\hotspot\share\interpreter\linkResolver.cpp, line 773]
Event: 5.386 Thread 0x0000025e77f02c10 Exception <a 'java/lang/NoSuchMethodError'{0x00000000c8199070}: 'void java.lang.invoke.DirectMethodHandle$Holder.invokeStatic(java.lang.Object, java.lang.Object, java.lang.Object)'> (0x00000000c8199070) 
thrown [s\open\src\hotspot\share\interpreter\linkResolver.cpp, line 773]
Event: 5.388 Thread 0x0000025e77f02c10 Exception <a 'java/lang/NoSuchMethodError'{0x00000000c81a2b80}: 'java.lang.Object java.lang.invoke.DirectMethodHandle$Holder.invokeVirtual(java.lang.Object, java.lang.Object, java.lang.Object)'> (0x00000000c81a2b80) 
thrown [s\open\src\hotspot\share\interpreter\linkResolver.cpp, line 773]
Event: 5.925 Thread 0x0000025e77f02c10 Exception <a 'java/lang/NoSuchMethodError'{0x00000000c7dab698}: 'void java.lang.invoke.DirectMethodHandle$Holder.invokeStatic(java.lang.Object, java.lang.Object)'> (0x00000000c7dab698) 
thrown [s\open\src\hotspot\share\interpreter\linkResolver.cpp, line 773]
Event: 6.570 Thread 0x0000025e77f02c10 Exception <a 'java/lang/NoSuchMethodError'{0x00000000c7a33d78}: 'void java.lang.invoke.DirectMethodHandle$Holder.invokeStaticInit(java.lang.Object, java.lang.Object)'> (0x00000000c7a33d78) 
thrown [s\open\src\hotspot\share\interpreter\linkResolver.cpp, line 773]
Event: 6.841 Thread 0x0000025e77f02c10 Exception <a 'sun/nio/fs/WindowsException'{0x00000000c798e2e8}> (0x00000000c798e2e8) 
thrown [s\open\src\hotspot\share\prims\jni.cpp, line 519]
Event: 7.033 Thread 0x0000025e77f02c10 Exception <a 'java/lang/NoSuchMethodError'{0x00000000c7841410}: 'java.lang.Object java.lang.invoke.DirectMethodHandle$Holder.invokeStaticInit(java.lang.Object, int, int, int, int)'> (0x00000000c7841410) 
thrown [s\open\src\hotspot\share\interpreter\linkResolver.cpp, line 773]
Event: 7.392 Thread 0x0000025e77f02c10 Exception <a 'java/lang/NoSuchMethodError'{0x00000000c789d790}: 'java.lang.Object java.lang.invoke.DirectMethodHandle$Holder.invokeStaticInit(java.lang.Object, java.lang.Object, int, int, int, int)'> (0x00000000c789d790) 
thrown [s\open\src\hotspot\share\interpreter\linkResolver.cpp, line 773]

VM Operations (20 events):
Event: 4.263 Executing VM operation: G1CollectForAllocation
Event: 4.263 Executing VM operation: G1CollectForAllocation done
Event: 4.341 Executing VM operation: HandshakeAllThreads
Event: 4.341 Executing VM operation: HandshakeAllThreads done
Event: 4.369 Executing VM operation: HandshakeAllThreads
Event: 4.369 Executing VM operation: HandshakeAllThreads done
Event: 5.105 Executing VM operation: HandshakeAllThreads
Event: 5.105 Executing VM operation: HandshakeAllThreads done
Event: 5.622 Executing VM operation: HandshakeAllThreads
Event: 5.623 Executing VM operation: HandshakeAllThreads done
Event: 5.623 Executing VM operation: Cleanup
Event: 5.623 Executing VM operation: Cleanup done
Event: 6.105 Executing VM operation: HandshakeAllThreads
Event: 6.105 Executing VM operation: HandshakeAllThreads done
Event: 6.581 Executing VM operation: HandshakeAllThreads
Event: 6.581 Executing VM operation: HandshakeAllThreads done
Event: 6.909 Executing VM operation: HandshakeAllThreads
Event: 6.909 Executing VM operation: HandshakeAllThreads done
Event: 6.909 Executing VM operation: Cleanup
Event: 6.909 Executing VM operation: Cleanup done

Events (20 events):
Event: 0.261 Thread 0x0000025e17fa8aa0 Thread added: 0x0000025e17fa8aa0
Event: 0.507 Thread 0x0000025e32981420 Thread added: 0x0000025e32981420
Event: 0.507 Thread 0x0000025e32982b60 Thread added: 0x0000025e32982b60
Event: 0.508 Thread 0x0000025e32988330 Thread added: 0x0000025e32988330
Event: 0.508 Thread 0x0000025e32989170 Thread added: 0x0000025e32989170
Event: 0.508 Thread 0x0000025e3298bf50 Thread added: 0x0000025e3298bf50
Event: 0.508 Thread 0x0000025e32992040 Thread added: 0x0000025e32992040
Event: 0.516 Thread 0x0000025e329905f0 Thread added: 0x0000025e329905f0
Event: 0.520 Thread 0x0000025e329c6060 Thread added: 0x0000025e329c6060
Event: 0.601 Thread 0x0000025e77c55090 Thread added: 0x0000025e77c55090
Event: 0.891 Thread 0x0000025e77dc2820 Thread added: 0x0000025e77dc2820
Event: 1.283 Thread 0x0000025e77ef4bf0 Thread added: 0x0000025e77ef4bf0
Event: 1.286 Thread 0x0000025e77ef5140 Thread added: 0x0000025e77ef5140
Event: 1.290 Thread 0x0000025e77ef5690 Thread added: 0x0000025e77ef5690
Event: 1.939 Thread 0x0000025e77f02c10 Thread added: 0x0000025e77f02c10
Event: 1.940 Thread 0x0000025e17fa8aa0 Thread exited: 0x0000025e17fa8aa0
Event: 1.941 Thread 0x0000025e17fa8aa0 Thread added: 0x0000025e17fa8aa0
Event: 2.348 Thread 0x0000025e799636a0 Thread added: 0x0000025e799636a0
Event: 2.883 Thread 0x0000025e79972160 Thread added: 0x0000025e79972160
Event: 5.080 Thread 0x0000025e79c5e140 Thread added: 0x0000025e79c5e140


Dynamic libraries:
0x00007ff642e20000 - 0x00007ff642e30000 	C:\Program Files\Java\jdk-20\bin\java.exe
0x00007ffba9d70000 - 0x00007ffba9f87000 	C:\WINDOWS\SYSTEM32\ntdll.dll
0x00007ffba8ec0000 - 0x00007ffba8f84000 	C:\WINDOWS\System32\KERNEL32.DLL
0x00007ffba7530000 - 0x00007ffba78d5000 	C:\WINDOWS\System32\KERNELBASE.dll
0x00007ffba7160000 - 0x00007ffba7271000 	C:\WINDOWS\System32\ucrtbase.dll
0x00007ffb9de50000 - 0x00007ffb9de69000 	C:\Program Files\Java\jdk-20\bin\jli.dll
0x00007ffba7bd0000 - 0x00007ffba7c81000 	C:\WINDOWS\System32\ADVAPI32.dll
0x00007ffba9a20000 - 0x00007ffba9ac7000 	C:\WINDOWS\System32\msvcrt.dll
0x00007ffba8370000 - 0x00007ffba8416000 	C:\WINDOWS\System32\sechost.dll
0x00007ffba8f90000 - 0x00007ffba90a7000 	C:\WINDOWS\System32\RPCRT4.dll
0x00007ffb9b6b0000 - 0x00007ffb9b6cb000 	C:\Program Files\Java\jdk-20\bin\VCRUNTIME140.dll
0x00007ffba84a0000 - 0x00007ffba864e000 	C:\WINDOWS\System32\USER32.dll
0x00007ffba7280000 - 0x00007ffba72a6000 	C:\WINDOWS\System32\win32u.dll
0x00007ffba9ad0000 - 0x00007ffba9af9000 	C:\WINDOWS\System32\GDI32.dll
0x00007ffba79a0000 - 0x00007ffba7ab9000 	C:\WINDOWS\System32\gdi32full.dll
0x00007ffba72b0000 - 0x00007ffba734a000 	C:\WINDOWS\System32\msvcp_win.dll
0x00007ffb8d0c0000 - 0x00007ffb8d353000 	C:\WINDOWS\WinSxS\amd64_microsoft.windows.common-controls_6595b64144ccf1df_6.0.22621.2506_none_270c5ae97388e100\COMCTL32.dll
0x00007ffb9ce00000 - 0x00007ffb9ce0a000 	C:\WINDOWS\SYSTEM32\VERSION.dll
0x00007ffba7b20000 - 0x00007ffba7b51000 	C:\WINDOWS\System32\IMM32.DLL
0x00007ffb9c530000 - 0x00007ffb9c53c000 	C:\Program Files\Java\jdk-20\bin\vcruntime140_1.dll
0x00007ffb37570000 - 0x00007ffb375fe000 	C:\Program Files\Java\jdk-20\bin\msvcp140.dll
0x00007ffb2f0e0000 - 0x00007ffb2fd78000 	C:\Program Files\Java\jdk-20\bin\server\jvm.dll
0x00007ffb9c540000 - 0x00007ffb9c549000 	C:\WINDOWS\SYSTEM32\WSOCK32.dll
0x00007ffba9210000 - 0x00007ffba9281000 	C:\WINDOWS\System32\WS2_32.dll
0x00007ffb9d5b0000 - 0x00007ffb9d5e4000 	C:\WINDOWS\SYSTEM32\WINMM.dll
0x00007ffba6080000 - 0x00007ffba6098000 	C:\WINDOWS\SYSTEM32\kernel.appcore.dll
0x00007ffb88c70000 - 0x00007ffb88c7a000 	C:\Program Files\Java\jdk-20\bin\jimage.dll
0x00007ffba1960000 - 0x00007ffba1b93000 	C:\WINDOWS\SYSTEM32\DBGHELP.DLL
0x00007ffba7fe0000 - 0x00007ffba8369000 	C:\WINDOWS\System32\combase.dll
0x00007ffba9940000 - 0x00007ffba9a17000 	C:\WINDOWS\System32\OLEAUT32.dll
0x00007ffb9c250000 - 0x00007ffb9c282000 	C:\WINDOWS\SYSTEM32\dbgcore.DLL
0x00007ffba70e0000 - 0x00007ffba715a000 	C:\WINDOWS\System32\bcryptPrimitives.dll
0x00007ffb6d7e0000 - 0x00007ffb6d806000 	C:\Program Files\Java\jdk-20\bin\java.dll
0x00007ffb32ff0000 - 0x00007ffb330c7000 	C:\Program Files\Java\jdk-20\bin\jsvml.dll
0x00007ffba8650000 - 0x00007ffba8ea9000 	C:\WINDOWS\System32\SHELL32.dll
0x00007ffba5000000 - 0x00007ffba58f4000 	C:\WINDOWS\SYSTEM32\windows.storage.dll
0x00007ffba4ec0000 - 0x00007ffba4ffe000 	C:\WINDOWS\SYSTEM32\wintypes.dll
0x00007ffba7e30000 - 0x00007ffba7f23000 	C:\WINDOWS\System32\SHCORE.dll
0x00007ffba9740000 - 0x00007ffba979e000 	C:\WINDOWS\System32\shlwapi.dll
0x00007ffba7010000 - 0x00007ffba7036000 	C:\WINDOWS\SYSTEM32\profapi.dll
0x00007ffb76530000 - 0x00007ffb76543000 	C:\Program Files\Java\jdk-20\bin\net.dll
0x00007ffb9cb60000 - 0x00007ffb9cc97000 	C:\WINDOWS\SYSTEM32\WINHTTP.dll
0x00007ffba6560000 - 0x00007ffba65c9000 	C:\WINDOWS\system32\mswsock.dll
0x00007ffb6cf20000 - 0x00007ffb6cf36000 	C:\Program Files\Java\jdk-20\bin\nio.dll
0x00007ffb6aa10000 - 0x00007ffb6aa28000 	C:\Program Files\Java\jdk-20\bin\zip.dll
0x00007ffb2ef40000 - 0x00007ffb2f0d1000 	C:\Program Files\Java\jdk-20\bin\awt.dll
0x00007ffba0c80000 - 0x00007ffba0d17000 	C:\WINDOWS\SYSTEM32\apphelp.dll
0x00007ffba1110000 - 0x00007ffba11bb000 	C:\WINDOWS\system32\uxtheme.dll
0x00007ffba90b0000 - 0x00007ffba91ff000 	C:\WINDOWS\System32\MSCTF.dll
0x00007ffba97a0000 - 0x00007ffba9940000 	C:\WINDOWS\System32\ole32.dll
0x00007ffba1620000 - 0x00007ffba164b000 	C:\WINDOWS\system32\DWMAPI.DLL
0x00007ffb2eeb0000 - 0x00007ffb2ef36000 	C:\Program Files\Java\jdk-20\bin\freetype.dll
0x00007ffb2edd0000 - 0x00007ffb2eea3000 	C:\Program Files\Java\jdk-20\bin\fontmanager.dll
0x00007ffb868d0000 - 0x00007ffb869d0000 	C:\WINDOWS\system32\opengl32.dll
0x00007ffb966c0000 - 0x00007ffb966ed000 	C:\WINDOWS\SYSTEM32\GLU32.dll
0x00007ffba11f0000 - 0x00007ffba1226000 	C:\WINDOWS\SYSTEM32\dxcore.dll
0x00007ffb88970000 - 0x00007ffb88980000 	C:\Program Files\Java\jdk-20\bin\verify.dll
0x00007ffba7f30000 - 0x00007ffba7fe0000 	C:\WINDOWS\System32\clbcatq.dll
0x00007ffba0f60000 - 0x00007ffba1110000 	C:\WINDOWS\SYSTEM32\WindowsCodecs.dll
0x00007ffb97d70000 - 0x00007ffb97dce000 	C:\WINDOWS\system32\dataexchange.dll
0x00007ffb95e70000 - 0x00007ffb960f5000 	C:\WINDOWS\system32\twinapi.appcore.dll
0x00007ffba5bd0000 - 0x00007ffba5cc9000 	C:\WINDOWS\SYSTEM32\DNSAPI.dll
0x00007ffba5b60000 - 0x00007ffba5b8d000 	C:\WINDOWS\SYSTEM32\IPHLPAPI.DLL
0x00007ffba8eb0000 - 0x00007ffba8eb9000 	C:\WINDOWS\System32\NSI.dll
0x00007ffb99bc0000 - 0x00007ffb99bca000 	C:\Windows\System32\rasadhlp.dll
0x00007ffb9c450000 - 0x00007ffb9c4d3000 	C:\WINDOWS\System32\fwpuclnt.dll
0x00007ffb888b0000 - 0x00007ffb888b7000 	C:\Program Files\Java\jdk-20\bin\extnet.dll
0x00007ffb9bc50000 - 0x00007ffb9bc5e000 	C:\Program Files\Java\jdk-20\bin\sunmscapi.dll
0x00007ffba73c0000 - 0x00007ffba7526000 	C:\WINDOWS\System32\CRYPT32.dll
0x00007ffba6970000 - 0x00007ffba699d000 	C:\WINDOWS\SYSTEM32\ncrypt.dll
0x00007ffba6930000 - 0x00007ffba6967000 	C:\WINDOWS\SYSTEM32\NTASN1.dll
0x00007ffba67b0000 - 0x00007ffba67cb000 	C:\WINDOWS\SYSTEM32\CRYPTSP.dll
0x00007ffba6040000 - 0x00007ffba6075000 	C:\WINDOWS\system32\rsaenh.dll
0x00007ffba6650000 - 0x00007ffba667c000 	C:\WINDOWS\SYSTEM32\USERENV.dll
0x00007ffba69a0000 - 0x00007ffba69c8000 	C:\WINDOWS\SYSTEM32\bcrypt.dll
0x00007ffba67d0000 - 0x00007ffba67dc000 	C:\WINDOWS\SYSTEM32\CRYPTBASE.dll
0x00007ffb9cb00000 - 0x00007ffb9cb19000 	C:\WINDOWS\SYSTEM32\dhcpcsvc6.DLL
0x00007ffb9ca40000 - 0x00007ffb9ca5f000 	C:\WINDOWS\SYSTEM32\dhcpcsvc.DLL

dbghelp: loaded successfully - version: 4.0.5 - missing functions: none
symbol engine: initialized successfully - sym options: 0x614 - pdb path: .;C:\Program Files\Java\jdk-20\bin;C:\WINDOWS\SYSTEM32;C:\WINDOWS\WinSxS\amd64_microsoft.windows.common-controls_6595b64144ccf1df_6.0.22621.2506_none_270c5ae97388e100;C:\Program Files\Java\jdk-20\bin\server

VM Arguments:
jvm_args: -Dfile.encoding=UTF-8 --module-path=D:\uni java projects\BookShop\build\classes 
java_command: interfaces.StoreManagerDashBoard
java_class_path (initial): C:\Program Files\NetBeans-15\netbeans\java\modules\ext\AbsoluteLayout.jar;D:\uni java projects\mysql-connector-j-8.1.0\mysql-connector-j-8.1.0\mysql-connector-j-8.1.0.jar;C:\Users\ASUS\Desktop\jcalendar-1.4U\lib\jcalendar-1.4.jar;D:\uni java projects\flatlaf-3.2.5.jar;D:\uni java projects\BookShop\build\classes
Launcher Type: SUN_STANDARD

[Global flags]
     intx CICompilerCount                          = 3                                         {product} {ergonomic}
     uint ConcGCThreads                            = 1                                         {product} {ergonomic}
     uint G1ConcRefinementThreads                  = 4                                         {product} {ergonomic}
   size_t G1HeapRegionSize                         = 1048576                                   {product} {ergonomic}
    uintx GCDrainStackTargetSize                   = 64                                        {product} {ergonomic}
   size_t InitialHeapSize                          = 62914560                                  {product} {ergonomic}
   size_t MarkStackSize                            = 4194304                                   {product} {ergonomic}
   size_t MaxHeapSize                              = 1006632960                                {product} {ergonomic}
   size_t MaxNewSize                               = 603979776                                 {product} {ergonomic}
   size_t MinHeapDeltaBytes                        = 1048576                                   {product} {ergonomic}
   size_t MinHeapSize                              = 8388608                                   {product} {ergonomic}
    uintx NonNMethodCodeHeapSize                   = 5832780                                {pd product} {ergonomic}
    uintx NonProfiledCodeHeapSize                  = 122912730                              {pd product} {ergonomic}
    uintx ProfiledCodeHeapSize                     = 122912730                              {pd product} {ergonomic}
    uintx ReservedCodeCacheSize                    = 251658240                              {pd product} {ergonomic}
     bool SegmentedCodeCache                       = true                                      {product} {ergonomic}
   size_t SoftMaxHeapSize                          = 1006632960                             {manageable} {ergonomic}
     bool UseCompressedClassPointers               = true                           {product lp64_product} {ergonomic}
     bool UseCompressedOops                        = true                           {product lp64_product} {ergonomic}
     bool UseG1GC                                  = true                                      {product} {ergonomic}
     bool UseLargePagesIndividualAllocation        = false                                  {pd product} {ergonomic}

Logging:
Log output configuration:
 #0: stdout all=warning uptime,level,tags foldmultilines=false
 #1: stderr all=off uptime,level,tags foldmultilines=false

Environment Variables:
JAVA_HOME=C:\Program Files\Java\jdk-20
PATH=C:\Program Files\Java\jdk-20\bin;C:\Program Files\CodeBlocks\MinGW\bin;C:\Program Files (x86)\Common Files\Intel\Shared Libraries\redist\intel64\compiler;C:\Program Files\Common Files\Oracle\Java\javapath;C:\WINDOWS\system32;C:\WINDOWS;C:\WINDOWS\System32\Wbem;C:\WINDOWS\System32\WindowsPowerShell\v1.0\;C:\WINDOWS\System32\OpenSSH\;C:\Program Files (x86)\Microsoft SQL Server\160\DTS\Binn\;C:\Program Files\Azure Data Studio\bin;C:\Program Files (x86)\Microsoft SQL Server\160\Tools\Binn\;C:\Program Files\Microsoft SQL Server\160\Tools\Binn\;C:\Program Files\Microsoft SQL Server\Client SDK\ODBC\170\Tools\Binn\;C:\Program Files\Microsoft SQL Server\160\DTS\Binn\;C:\Program Files\Java\jdk-20\bin;C:\Users\ASUS\AppData\Local\Programs\Python\Python310\Scripts\;C:\Users\ASUS\AppData\Local\Programs\Python\Python310\;C:\Users\ASUS\AppData\Local\Microsoft\WindowsApps;;C:\Program Files\Azure Data Studio\bin
USERNAME=ASUS
OS=Windows_NT
PROCESSOR_IDENTIFIER=Intel64 Family 6 Model 126 Stepping 5, GenuineIntel
TMP=C:\Users\ASUS\AppData\Local\Temp
TEMP=C:\Users\ASUS\AppData\Local\Temp




---------------  S Y S T E M  ---------------

OS:
 Windows 11 , 64 bit Build 22621 (10.0.22621.2506)
OS uptime: 7 days 0:16 hours

CPU: total 4 (initial active 4) (2 cores per cpu, 2 threads per core) family 6 model 126 stepping 5 microcode 0x96, cx8, cmov, fxsr, ht, mmx, 3dnowpref, sse, sse2, sse3, ssse3, sse4.1, sse4.2, popcnt, lzcnt, tsc, tscinvbit, avx, avx2, aes, erms, clmul, bmi1, bmi2, adx, avx512f, avx512dq, avx512cd, avx512bw, avx512vl, sha, fma, vzeroupper, avx512_vpopcntdq, avx512_vpclmulqdq, avx512_vaes, avx512_vnni, clflush, clflushopt, avx512_vbmi2, avx512_vbmi, rdtscp, rdpid, fsrm, gfni, avx512_bitalg, f16c, pku, avx512_ifma

Memory: 4k page, system-wide physical 3836M (239M free)
TotalPageFile size 15612M (AvailPageFile size 14M)
current process WorkingSet (physical memory assigned to process): 156M, peak: 156M
current process commit charge ("private bytes"): 190M, peak: 192M

vm_info: Java HotSpot(TM) 64-Bit Server VM (20.0.2+9-78) for windows-amd64 JRE (20.0.2+9-78), built on 2023-06-14T10:08:48Z by "mach5one" with MS VC++ 17.1 (VS2022)

END.
