#
# There is insufficient memory for the Java Runtime Environment to continue.
# Native memory allocation (malloc) failed to allocate 829616 bytes for Chunk::new
# Possible reasons:
#   The system is out of physical RAM or swap space
#   The process is running with CompressedOops enabled, and the Java Heap may be blocking the growth of the native heap
# Possible solutions:
#   Reduce memory load on the system
#   Increase physical memory or swap space
#   Check if swap backing store is full
#   Decrease Java heap size (-Xmx/-Xms)
#   Decrease number of Java threads
#   Decrease Java thread stack sizes (-Xss)
#   Set larger code cache with -XX:ReservedCodeCacheSize=
#   JVM is running with Unscaled Compressed Oops mode in which the Java heap is
#     placed in the first 4GB address space. The Java Heap base address is the
#     maximum limit for the native heap growth. Please use -XX:HeapBaseMinAddress
#     to set the Java Heap base and to place the Java Heap above 4GB virtual address.
# This output file may be truncated or incomplete.
#
#  Out of Memory Error (arena.cpp:184), pid=10828, tid=20076
#
# JRE version: Java(TM) SE Runtime Environment (20.0.2+9) (build 20.0.2+9-78)
# Java VM: Java HotSpot(TM) 64-Bit Server VM (20.0.2+9-78, mixed mode, sharing, tiered, compressed oops, compressed class ptrs, g1 gc, windows-amd64)
# No core dump will be written. Minidumps are not enabled by default on client versions of Windows
#

---------------  S U M M A R Y ------------

Command Line: -Dfile.encoding=UTF-8 --module-path=D:\uni java projects\BookShop\build\classes interfaces.Employee_Accounts

Host: Intel(R) Core(TM) i3-1005G1 CPU @ 1.20GHz, 4 cores, 3G,  Windows 11 , 64 bit Build 22621 (10.0.22621.2506)
Time: Sat Dec  9 03:00:26 2023 Sri Lanka Standard Time elapsed time: 1.945081 seconds (0d 0h 0m 1s)

---------------  T H R E A D  ---------------

Current thread (0x00000279a7290510):  JavaThread "C2 CompilerThread0" daemon [_thread_in_native, id=20076, stack(0x000000ac1b000000,0x000000ac1b100000)]


Current CompileTask:
C2:   1945 1619       4       sun.security.ec.ECOperations::setDouble (463 bytes)

Stack: [0x000000ac1b000000,0x000000ac1b100000]
Native frames: (J=compiled Java code, j=interpreted, Vv=VM code, C=native code)
V  [jvm.dll+0x6bc25a]
V  [jvm.dll+0x84971a]
V  [jvm.dll+0x84b315]
V  [jvm.dll+0x84ba13]
V  [jvm.dll+0x280e4f]
V  [jvm.dll+0xc2ab1]
V  [jvm.dll+0xc2dd5]
V  [jvm.dll+0x2f611f]
V  [jvm.dll+0x5e3b0b]
V  [jvm.dll+0x254684]
V  [jvm.dll+0x254a4f]
V  [jvm.dll+0x24d23d]
V  [jvm.dll+0x24a819]
V  [jvm.dll+0x1ce761]
V  [jvm.dll+0x25a0eb]
V  [jvm.dll+0x2587c0]
V  [jvm.dll+0x3f2dd5]
V  [jvm.dll+0x7f5c76]
V  [jvm.dll+0x6baecb]
C  [ucrtbase.dll+0x29363]
C  [KERNEL32.DLL+0x1257d]
C  [ntdll.dll+0x5aa58]


---------------  P R O C E S S  ---------------

Threads class SMR info:
_java_thread_list=0x00000279ee0f48a0, length=16, elements={
0x00000279a7284100, 0x00000279a7284fa0, 0x00000279a72897c0, 0x00000279a728a3f0,
0x00000279a728cf50, 0x00000279a728f8a0, 0x00000279a7290510, 0x00000279a72fcd30,
0x00000279a726c6f0, 0x00000279ec6c0d50, 0x00000279ec7b1be0, 0x00000279ec7e8580,
0x00000279ec7e9100, 0x00000279ec8a5020, 0x000002798c8970a0, 0x00000279ee157210
}

Java Threads: ( => current thread )
  0x00000279a7284100 JavaThread "Reference Handler" daemon [_thread_blocked, id=24252, stack(0x000000ac1aa00000,0x000000ac1ab00000)]
  0x00000279a7284fa0 JavaThread "Finalizer" daemon [_thread_blocked, id=19064, stack(0x000000ac1ab00000,0x000000ac1ac00000)]
  0x00000279a72897c0 JavaThread "Signal Dispatcher" daemon [_thread_blocked, id=15440, stack(0x000000ac1ac00000,0x000000ac1ad00000)]
  0x00000279a728a3f0 JavaThread "Attach Listener" daemon [_thread_blocked, id=21912, stack(0x000000ac1ad00000,0x000000ac1ae00000)]
  0x00000279a728cf50 JavaThread "Service Thread" daemon [_thread_blocked, id=20340, stack(0x000000ac1ae00000,0x000000ac1af00000)]
  0x00000279a728f8a0 JavaThread "Monitor Deflation Thread" daemon [_thread_blocked, id=12116, stack(0x000000ac1af00000,0x000000ac1b000000)]
=>0x00000279a7290510 JavaThread "C2 CompilerThread0" daemon [_thread_in_native, id=20076, stack(0x000000ac1b000000,0x000000ac1b100000)]
  0x00000279a72fcd30 JavaThread "C1 CompilerThread0" daemon [_thread_in_native, id=10916, stack(0x000000ac1b100000,0x000000ac1b200000)]
  0x00000279a726c6f0 JavaThread "Common-Cleaner" daemon [_thread_blocked, id=22952, stack(0x000000ac1b200000,0x000000ac1b300000)]
  0x00000279ec6c0d50 JavaThread "Notification Thread" daemon [_thread_blocked, id=7100, stack(0x000000ac1b300000,0x000000ac1b400000)]
  0x00000279ec7b1be0 JavaThread "Java2D Disposer" daemon [_thread_blocked, id=12280, stack(0x000000ac1b500000,0x000000ac1b600000)]
  0x00000279ec7e8580 JavaThread "AWT-Shutdown" [_thread_blocked, id=7244, stack(0x000000ac1b600000,0x000000ac1b700000)]
  0x00000279ec7e9100 JavaThread "AWT-Windows" daemon [_thread_in_native, id=20588, stack(0x000000ac1b700000,0x000000ac1b800000)]
  0x00000279ec8a5020 JavaThread "AWT-EventQueue-0" [_thread_in_Java, id=12072, stack(0x000000ac1b800000,0x000000ac1b900000)]
  0x000002798c8970a0 JavaThread "DestroyJavaVM" [_thread_blocked, id=15848, stack(0x000000ac1a300000,0x000000ac1a400000)]
  0x00000279ee157210 JavaThread "mysql-cj-abandoned-connection-cleanup" daemon [_thread_blocked, id=18604, stack(0x000000ac1bc00000,0x000000ac1bd00000)]

Other Threads:
  0x000002798c959230 VMThread "VM Thread" [stack: 0x000000ac1a900000,0x000000ac1aa00000] [id=19740]
  0x00000279ec6c12a0 WatcherThread "VM Periodic Task Thread" [stack: 0x000000ac1b400000,0x000000ac1b500000] [id=10688]
  0x000002798c8d9b50 WorkerThread "GC Thread#0" [stack: 0x000000ac1a400000,0x000000ac1a500000] [id=11792]
  0x00000279ee232020 WorkerThread "GC Thread#1" [stack: 0x000000ac1bd00000,0x000000ac1be00000] [id=19576]
  0x00000279ee200820 WorkerThread "GC Thread#2" [stack: 0x000000ac1be00000,0x000000ac1bf00000] [id=23088]
  0x00000279ee200af0 WorkerThread "GC Thread#3" [stack: 0x000000ac1bf00000,0x000000ac1c000000] [id=9576]
  0x000002798c8e2260 ConcurrentGCThread "G1 Main Marker" [stack: 0x000000ac1a500000,0x000000ac1a600000] [id=18212]
  0x000002798c8e2e30 WorkerThread "G1 Conc#0" [stack: 0x000000ac1a600000,0x000000ac1a700000] [id=1804]
  0x000002798c934e60 ConcurrentGCThread "G1 Refine#0" [stack: 0x000000ac1a700000,0x000000ac1a800000] [id=23600]
  0x000002798c935900 ConcurrentGCThread "G1 Service" [stack: 0x000000ac1a800000,0x000000ac1a900000] [id=21196]

Threads with active compile tasks:
C2 CompilerThread0     1984 1619       4       sun.security.ec.ECOperations::setDouble (463 bytes)

VM state: not at safepoint (normal execution)

VM Mutex/Monitor currently owned by a thread: None

Heap address: 0x00000000c4000000, size: 960 MB, Compressed Oops mode: 32-bit

CDS archive(s) mapped at: [0x00000279a7400000-0x00000279a8060000-0x00000279a8060000), size 12976128, SharedBaseAddress: 0x00000279a7400000, ArchiveRelocationMode: 1.
Compressed class space mapped at: 0x00000279a8400000-0x00000279e8400000, reserved size: 1073741824
Narrow klass base: 0x00000279a7400000, Narrow klass shift: 0, Narrow klass range: 0x100000000

GC Precious Log:
 CardTable entry size: 512
 Card Set container configuration: InlinePtr #cards 5 size 8 Array Of Cards #cards 12 size 40 Howl #buckets 4 coarsen threshold 1843 Howl Bitmap #cards 512 size 80 coarsen threshold 460 Card regions per heap region 1 cards per card region 2048
 CPUs: 4 total, 4 available
 Memory: 3836M
 Large Page Support: Disabled
 NUMA Support: Disabled
 Compressed Oops: Enabled (32-bit)
 Heap Region Size: 1M
 Heap Min Capacity: 8M
 Heap Initial Capacity: 60M
 Heap Max Capacity: 960M
 Pre-touch: Disabled
 Parallel Workers: 4
 Concurrent Workers: 1
 Concurrent Refinement Workers: 4
 Periodic GC: Disabled

Heap:
 garbage-first heap   total 61440K, used 9408K [0x00000000c4000000, 0x0000000100000000)
  region size 1024K, 9 young (9216K), 2 survivors (2048K)
 Metaspace       used 18855K, committed 19136K, reserved 1114112K
  class space    used 2197K, committed 2304K, reserved 1048576K

Heap Regions: E=young(eden), S=young(survivor), O=old, HS=humongous(starts), HC=humongous(continues), CS=collection set, F=free, OA=open archive, CA=closed archive, TAMS=top-at-mark-start, PB=parsable bottom
|   0|0x00000000c4000000, 0x00000000c4100000, 0x00000000c4100000|100%| O|  |TAMS 0x00000000c4000000| PB 0x00000000c4000000| Untracked 
|   1|0x00000000c4100000, 0x00000000c4130000, 0x00000000c4200000| 18%| O|  |TAMS 0x00000000c4100000| PB 0x00000000c4100000| Untracked 
|   2|0x00000000c4200000, 0x00000000c4200000, 0x00000000c4300000|  0%| F|  |TAMS 0x00000000c4200000| PB 0x00000000c4200000| Untracked 
|   3|0x00000000c4300000, 0x00000000c4300000, 0x00000000c4400000|  0%| F|  |TAMS 0x00000000c4300000| PB 0x00000000c4300000| Untracked 
|   4|0x00000000c4400000, 0x00000000c4400000, 0x00000000c4500000|  0%| F|  |TAMS 0x00000000c4400000| PB 0x00000000c4400000| Untracked 
|   5|0x00000000c4500000, 0x00000000c4500000, 0x00000000c4600000|  0%| F|  |TAMS 0x00000000c4500000| PB 0x00000000c4500000| Untracked 
|   6|0x00000000c4600000, 0x00000000c4600000, 0x00000000c4700000|  0%| F|  |TAMS 0x00000000c4600000| PB 0x00000000c4600000| Untracked 
|   7|0x00000000c4700000, 0x00000000c4700000, 0x00000000c4800000|  0%| F|  |TAMS 0x00000000c4700000| PB 0x00000000c4700000| Untracked 
|   8|0x00000000c4800000, 0x00000000c4800000, 0x00000000c4900000|  0%| F|  |TAMS 0x00000000c4800000| PB 0x00000000c4800000| Untracked 
|   9|0x00000000c4900000, 0x00000000c4900000, 0x00000000c4a00000|  0%| F|  |TAMS 0x00000000c4900000| PB 0x00000000c4900000| Untracked 
|  10|0x00000000c4a00000, 0x00000000c4a00000, 0x00000000c4b00000|  0%| F|  |TAMS 0x00000000c4a00000| PB 0x00000000c4a00000| Untracked 
|  11|0x00000000c4b00000, 0x00000000c4b00000, 0x00000000c4c00000|  0%| F|  |TAMS 0x00000000c4b00000| PB 0x00000000c4b00000| Untracked 
|  12|0x00000000c4c00000, 0x00000000c4c00000, 0x00000000c4d00000|  0%| F|  |TAMS 0x00000000c4c00000| PB 0x00000000c4c00000| Untracked 
|  13|0x00000000c4d00000, 0x00000000c4d00000, 0x00000000c4e00000|  0%| F|  |TAMS 0x00000000c4d00000| PB 0x00000000c4d00000| Untracked 
|  14|0x00000000c4e00000, 0x00000000c4e00000, 0x00000000c4f00000|  0%| F|  |TAMS 0x00000000c4e00000| PB 0x00000000c4e00000| Untracked 
|  15|0x00000000c4f00000, 0x00000000c4f00000, 0x00000000c5000000|  0%| F|  |TAMS 0x00000000c4f00000| PB 0x00000000c4f00000| Untracked 
|  16|0x00000000c5000000, 0x00000000c5000000, 0x00000000c5100000|  0%| F|  |TAMS 0x00000000c5000000| PB 0x00000000c5000000| Untracked 
|  17|0x00000000c5100000, 0x00000000c5100000, 0x00000000c5200000|  0%| F|  |TAMS 0x00000000c5100000| PB 0x00000000c5100000| Untracked 
|  18|0x00000000c5200000, 0x00000000c5200000, 0x00000000c5300000|  0%| F|  |TAMS 0x00000000c5200000| PB 0x00000000c5200000| Untracked 
|  19|0x00000000c5300000, 0x00000000c5300000, 0x00000000c5400000|  0%| F|  |TAMS 0x00000000c5300000| PB 0x00000000c5300000| Untracked 
|  20|0x00000000c5400000, 0x00000000c5400000, 0x00000000c5500000|  0%| F|  |TAMS 0x00000000c5400000| PB 0x00000000c5400000| Untracked 
|  21|0x00000000c5500000, 0x00000000c5500000, 0x00000000c5600000|  0%| F|  |TAMS 0x00000000c5500000| PB 0x00000000c5500000| Untracked 
|  22|0x00000000c5600000, 0x00000000c5600000, 0x00000000c5700000|  0%| F|  |TAMS 0x00000000c5600000| PB 0x00000000c5600000| Untracked 
|  23|0x00000000c5700000, 0x00000000c5700000, 0x00000000c5800000|  0%| F|  |TAMS 0x00000000c5700000| PB 0x00000000c5700000| Untracked 
|  24|0x00000000c5800000, 0x00000000c5800000, 0x00000000c5900000|  0%| F|  |TAMS 0x00000000c5800000| PB 0x00000000c5800000| Untracked 
|  25|0x00000000c5900000, 0x00000000c5900000, 0x00000000c5a00000|  0%| F|  |TAMS 0x00000000c5900000| PB 0x00000000c5900000| Untracked 
|  26|0x00000000c5a00000, 0x00000000c5a00000, 0x00000000c5b00000|  0%| F|  |TAMS 0x00000000c5a00000| PB 0x00000000c5a00000| Untracked 
|  27|0x00000000c5b00000, 0x00000000c5b00000, 0x00000000c5c00000|  0%| F|  |TAMS 0x00000000c5b00000| PB 0x00000000c5b00000| Untracked 
|  28|0x00000000c5c00000, 0x00000000c5c00000, 0x00000000c5d00000|  0%| F|  |TAMS 0x00000000c5c00000| PB 0x00000000c5c00000| Untracked 
|  29|0x00000000c5d00000, 0x00000000c5d00000, 0x00000000c5e00000|  0%| F|  |TAMS 0x00000000c5d00000| PB 0x00000000c5d00000| Untracked 
|  30|0x00000000c5e00000, 0x00000000c5e00000, 0x00000000c5f00000|  0%| F|  |TAMS 0x00000000c5e00000| PB 0x00000000c5e00000| Untracked 
|  31|0x00000000c5f00000, 0x00000000c5f00000, 0x00000000c6000000|  0%| F|  |TAMS 0x00000000c5f00000| PB 0x00000000c5f00000| Untracked 
|  32|0x00000000c6000000, 0x00000000c6000000, 0x00000000c6100000|  0%| F|  |TAMS 0x00000000c6000000| PB 0x00000000c6000000| Untracked 
|  33|0x00000000c6100000, 0x00000000c6100000, 0x00000000c6200000|  0%| F|  |TAMS 0x00000000c6100000| PB 0x00000000c6100000| Untracked 
|  34|0x00000000c6200000, 0x00000000c6200000, 0x00000000c6300000|  0%| F|  |TAMS 0x00000000c6200000| PB 0x00000000c6200000| Untracked 
|  35|0x00000000c6300000, 0x00000000c6300000, 0x00000000c6400000|  0%| F|  |TAMS 0x00000000c6300000| PB 0x00000000c6300000| Untracked 
|  36|0x00000000c6400000, 0x00000000c6400000, 0x00000000c6500000|  0%| F|  |TAMS 0x00000000c6400000| PB 0x00000000c6400000| Untracked 
|  37|0x00000000c6500000, 0x00000000c6500000, 0x00000000c6600000|  0%| F|  |TAMS 0x00000000c6500000| PB 0x00000000c6500000| Untracked 
|  38|0x00000000c6600000, 0x00000000c6600000, 0x00000000c6700000|  0%| F|  |TAMS 0x00000000c6600000| PB 0x00000000c6600000| Untracked 
|  39|0x00000000c6700000, 0x00000000c6700000, 0x00000000c6800000|  0%| F|  |TAMS 0x00000000c6700000| PB 0x00000000c6700000| Untracked 
|  40|0x00000000c6800000, 0x00000000c6800000, 0x00000000c6900000|  0%| F|  |TAMS 0x00000000c6800000| PB 0x00000000c6800000| Untracked 
|  41|0x00000000c6900000, 0x00000000c6900000, 0x00000000c6a00000|  0%| F|  |TAMS 0x00000000c6900000| PB 0x00000000c6900000| Untracked 
|  42|0x00000000c6a00000, 0x00000000c6a00000, 0x00000000c6b00000|  0%| F|  |TAMS 0x00000000c6a00000| PB 0x00000000c6a00000| Untracked 
|  43|0x00000000c6b00000, 0x00000000c6b00000, 0x00000000c6c00000|  0%| F|  |TAMS 0x00000000c6b00000| PB 0x00000000c6b00000| Untracked 
|  44|0x00000000c6c00000, 0x00000000c6c00000, 0x00000000c6d00000|  0%| F|  |TAMS 0x00000000c6c00000| PB 0x00000000c6c00000| Untracked 
|  45|0x00000000c6d00000, 0x00000000c6e00000, 0x00000000c6e00000|100%| S|CS|TAMS 0x00000000c6d00000| PB 0x00000000c6d00000| Complete 
|  46|0x00000000c6e00000, 0x00000000c6f00000, 0x00000000c6f00000|100%| S|CS|TAMS 0x00000000c6e00000| PB 0x00000000c6e00000| Complete 
|  47|0x00000000c6f00000, 0x00000000c6f00000, 0x00000000c7000000|  0%| F|  |TAMS 0x00000000c6f00000| PB 0x00000000c6f00000| Untracked 
|  48|0x00000000c7000000, 0x00000000c7000000, 0x00000000c7100000|  0%| F|  |TAMS 0x00000000c7000000| PB 0x00000000c7000000| Untracked 
|  49|0x00000000c7100000, 0x00000000c7100000, 0x00000000c7200000|  0%| F|  |TAMS 0x00000000c7100000| PB 0x00000000c7100000| Untracked 
|  50|0x00000000c7200000, 0x00000000c7200000, 0x00000000c7300000|  0%| F|  |TAMS 0x00000000c7200000| PB 0x00000000c7200000| Untracked 
|  51|0x00000000c7300000, 0x00000000c7300000, 0x00000000c7400000|  0%| F|  |TAMS 0x00000000c7300000| PB 0x00000000c7300000| Untracked 
|  52|0x00000000c7400000, 0x00000000c7400000, 0x00000000c7500000|  0%| F|  |TAMS 0x00000000c7400000| PB 0x00000000c7400000| Untracked 
|  53|0x00000000c7500000, 0x00000000c7600000, 0x00000000c7600000|100%| E|  |TAMS 0x00000000c7500000| PB 0x00000000c7500000| Complete 
|  54|0x00000000c7600000, 0x00000000c7700000, 0x00000000c7700000|100%| E|CS|TAMS 0x00000000c7600000| PB 0x00000000c7600000| Complete 
|  55|0x00000000c7700000, 0x00000000c7800000, 0x00000000c7800000|100%| E|CS|TAMS 0x00000000c7700000| PB 0x00000000c7700000| Complete 
|  56|0x00000000c7800000, 0x00000000c7900000, 0x00000000c7900000|100%| E|CS|TAMS 0x00000000c7800000| PB 0x00000000c7800000| Complete 
|  57|0x00000000c7900000, 0x00000000c7a00000, 0x00000000c7a00000|100%| E|CS|TAMS 0x00000000c7900000| PB 0x00000000c7900000| Complete 
|  58|0x00000000c7a00000, 0x00000000c7b00000, 0x00000000c7b00000|100%| E|CS|TAMS 0x00000000c7a00000| PB 0x00000000c7a00000| Complete 
|  59|0x00000000c7b00000, 0x00000000c7c00000, 0x00000000c7c00000|100%| E|CS|TAMS 0x00000000c7b00000| PB 0x00000000c7b00000| Complete 

Card table byte_map: [0x00000279a3b50000,0x00000279a3d30000] _byte_map_base: 0x00000279a3530000

Marking Bits: (CMBitMap*) 0x000002798c8da180
 Bits: [0x00000279a3f10000, 0x00000279a4e10000)

Polling page: 0x000002798c060000

Metaspace:

Usage:
  Non-class:     16.29 MB used.
      Class:      2.15 MB used.
       Both:     18.44 MB used.

Virtual space:
  Non-class space:       64.00 MB reserved,      16.44 MB ( 26%) committed,  1 nodes.
      Class space:        1.00 GB reserved,       2.25 MB ( <1%) committed,  1 nodes.
             Both:        1.06 GB reserved,      18.69 MB (  2%) committed. 

Chunk freelists:
   Non-Class:  2.78 MB
       Class:  1.70 MB
        Both:  4.48 MB

MaxMetaspaceSize: unlimited
CompressedClassSpaceSize: 1.00 GB
Initial GC threshold: 21.00 MB
Current GC threshold: 21.00 MB
CDS: on
MetaspaceReclaimPolicy: balanced
 - commit_granule_bytes: 65536.
 - commit_granule_words: 8192.
 - virtual_space_node_default_size: 8388608.
 - enlarge_chunks_in_place: 1.
 - new_chunks_are_fully_committed: 0.
 - uncommit_free_chunks: 1.
 - use_allocation_guard: 0.


Internal statistics:

num_allocs_failed_limit: 0.
num_arena_births: 196.
num_arena_deaths: 0.
num_vsnodes_births: 2.
num_vsnodes_deaths: 0.
num_space_committed: 299.
num_space_uncommitted: 0.
num_chunks_returned_to_freelist: 0.
num_chunks_taken_from_freelist: 396.
num_chunk_merges: 0.
num_chunk_splits: 242.
num_chunks_enlarged: 145.
num_inconsistent_stats: 0.

CodeHeap 'non-profiled nmethods': size=120000Kb used=540Kb max_used=540Kb free=119459Kb
 bounds [0x000002799c440000, 0x000002799c6b0000, 0x00000279a3970000]
CodeHeap 'profiled nmethods': size=120000Kb used=2993Kb max_used=2993Kb free=117006Kb
 bounds [0x0000027994970000, 0x0000027994c60000, 0x000002799bea0000]
CodeHeap 'non-nmethods': size=5760Kb used=1891Kb max_used=1899Kb free=3868Kb
 bounds [0x000002799bea0000, 0x000002799c110000, 0x000002799c440000]
 total_blobs=2426 nmethods=1718 adapters=619
 compilation: enabled
              stopped_count=0, restarted_count=0
 full_count=0

Compilation events (20 events):
Event: 1.932 Thread 0x00000279a72fcd30 1665       3       java.math.BigInteger::implMulAdd (81 bytes)
Event: 1.932 Thread 0x00000279a72fcd30 nmethod 1665 0x0000027994c35d10 code [0x0000027994c35ea0, 0x0000027994c360f0]
Event: 1.933 Thread 0x00000279a72fcd30 1666       3       java.math.BigInteger::mulAdd (19 bytes)
Event: 1.933 Thread 0x00000279a72fcd30 nmethod 1666 0x0000027994c36290 code [0x0000027994c36420, 0x0000027994c365a8]
Event: 1.933 Thread 0x00000279a72fcd30 1668       3       java.math.BigInteger::addOne (77 bytes)
Event: 1.933 Thread 0x00000279a72fcd30 nmethod 1668 0x0000027994c36690 code [0x0000027994c36840, 0x0000027994c36bb8]
Event: 1.933 Thread 0x00000279a72fcd30 1667       3       java.math.BigInteger::implMulAddCheck (176 bytes)
Event: 1.934 Thread 0x00000279a72fcd30 nmethod 1667 0x0000027994c36d10 code [0x0000027994c37100, 0x0000027994c38888]
Event: 1.934 Thread 0x00000279a72fcd30 1670       3       java.math.BigInteger::shiftLeftImplWorker (43 bytes)
Event: 1.934 Thread 0x00000279a72fcd30 nmethod 1670 0x0000027994c39290 code [0x0000027994c39420, 0x0000027994c39650]
Event: 1.934 Thread 0x00000279a72fcd30 1671       3       java.lang.invoke.VarHandleByteArrayAsInts$ArrayHandle::set (39 bytes)
Event: 1.935 Thread 0x00000279a72fcd30 nmethod 1671 0x0000027994c39810 code [0x0000027994c399c0, 0x0000027994c39de8]
Event: 1.935 Thread 0x00000279a72fcd30 1672       3       jdk.internal.misc.Unsafe::putIntUnaligned (14 bytes)
Event: 1.935 Thread 0x00000279a72fcd30 nmethod 1672 0x0000027994c39f90 code [0x0000027994c3a120, 0x0000027994c3a370]
Event: 1.935 Thread 0x00000279a72fcd30 1673       3       jdk.internal.misc.Unsafe::putIntUnaligned (79 bytes)
Event: 1.935 Thread 0x00000279a72fcd30 nmethod 1673 0x0000027994c3a490 code [0x0000027994c3a640, 0x0000027994c3a9d0]
Event: 1.935 Thread 0x00000279a72fcd30 1675       3       java.nio.ByteBuffer::<init> (47 bytes)
Event: 1.935 Thread 0x00000279a72fcd30 nmethod 1675 0x0000027994c3aa90 code [0x0000027994c3ac20, 0x0000027994c3ae40]
Event: 1.938 Thread 0x00000279a72fcd30 1676       1       java.security.Provider::getName (5 bytes)
Event: 1.938 Thread 0x00000279a72fcd30 nmethod 1676 0x000002799c4c5610 code [0x000002799c4c5780, 0x000002799c4c5848]

GC Heap History (2 events):
Event: 1.318 GC heap before
{Heap before GC invocations=0 (full 0):
 garbage-first heap   total 61440K, used 13312K [0x00000000c4000000, 0x0000000100000000)
  region size 1024K, 13 young (13312K), 0 survivors (0K)
 Metaspace       used 12798K, committed 13056K, reserved 1114112K
  class space    used 1500K, committed 1600K, reserved 1048576K
}
Event: 1.325 GC heap after
{Heap after GC invocations=1 (full 0):
 garbage-first heap   total 61440K, used 3264K [0x00000000c4000000, 0x0000000100000000)
  region size 1024K, 2 young (2048K), 2 survivors (2048K)
 Metaspace       used 12798K, committed 13056K, reserved 1114112K
  class space    used 1500K, committed 1600K, reserved 1048576K
}

Dll operation events (11 events):
Event: 0.009 Loaded shared library C:\Program Files\Java\jdk-20\bin\java.dll
Event: 0.036 Loaded shared library C:\Program Files\Java\jdk-20\bin\jsvml.dll
Event: 0.131 Loaded shared library C:\Program Files\Java\jdk-20\bin\net.dll
Event: 0.136 Loaded shared library C:\Program Files\Java\jdk-20\bin\nio.dll
Event: 0.283 Loaded shared library C:\Program Files\Java\jdk-20\bin\zip.dll
Event: 0.332 Loaded shared library C:\Program Files\Java\jdk-20\bin\jimage.dll
Event: 0.373 Loaded shared library C:\Program Files\Java\jdk-20\bin\awt.dll
Event: 0.581 Loaded shared library C:\Program Files\Java\jdk-20\bin\freetype.dll
Event: 0.582 Loaded shared library C:\Program Files\Java\jdk-20\bin\fontmanager.dll
Event: 1.275 Loaded shared library C:\Program Files\Java\jdk-20\bin\extnet.dll
Event: 1.721 Loaded shared library C:\Program Files\Java\jdk-20\bin\sunmscapi.dll

Deoptimization events (20 events):
Event: 1.897 Thread 0x00000279ec8a5020 Uncommon trap: trap_request=0xffffffde fr.pc=0x000002799c4bccb4 relative=0x0000000000000194
Event: 1.897 Thread 0x00000279ec8a5020 Uncommon trap: reason=class_check action=maybe_recompile pc=0x000002799c4bccb4 method=sun.security.util.math.intpoly.IntegerPolynomial.multByInt([JJ)V @ 26 c2
Event: 1.897 Thread 0x00000279ec8a5020 DEOPT PACKING pc=0x000002799c4bccb4 sp=0x000000ac1b8fd7c0
Event: 1.897 Thread 0x00000279ec8a5020 DEOPT UNPACKING pc=0x000002799bebd2a2 sp=0x000000ac1b8fd790 mode 2
Event: 1.897 Thread 0x00000279ec8a5020 Uncommon trap: trap_request=0xffffffde fr.pc=0x000002799c4bccb4 relative=0x0000000000000194
Event: 1.897 Thread 0x00000279ec8a5020 Uncommon trap: reason=class_check action=maybe_recompile pc=0x000002799c4bccb4 method=sun.security.util.math.intpoly.IntegerPolynomial.multByInt([JJ)V @ 26 c2
Event: 1.897 Thread 0x00000279ec8a5020 DEOPT PACKING pc=0x000002799c4bccb4 sp=0x000000ac1b8fd7c0
Event: 1.897 Thread 0x00000279ec8a5020 DEOPT UNPACKING pc=0x000002799bebd2a2 sp=0x000000ac1b8fd790 mode 2
Event: 1.897 Thread 0x00000279ec8a5020 Uncommon trap: trap_request=0xffffffde fr.pc=0x000002799c4bccb4 relative=0x0000000000000194
Event: 1.897 Thread 0x00000279ec8a5020 Uncommon trap: reason=class_check action=maybe_recompile pc=0x000002799c4bccb4 method=sun.security.util.math.intpoly.IntegerPolynomial.multByInt([JJ)V @ 26 c2
Event: 1.897 Thread 0x00000279ec8a5020 DEOPT PACKING pc=0x000002799c4bccb4 sp=0x000000ac1b8fd7c0
Event: 1.897 Thread 0x00000279ec8a5020 DEOPT UNPACKING pc=0x000002799bebd2a2 sp=0x000000ac1b8fd790 mode 2
Event: 1.906 Thread 0x00000279ec8a5020 Uncommon trap: trap_request=0xffffff45 fr.pc=0x000002799c4a06c4 relative=0x0000000000000144
Event: 1.906 Thread 0x00000279ec8a5020 Uncommon trap: reason=unstable_if action=reinterpret pc=0x000002799c4a06c4 method=java.util.concurrent.locks.ReentrantLock$NonfairSync.initialTryLock()Z @ 10 c2
Event: 1.906 Thread 0x00000279ec8a5020 DEOPT PACKING pc=0x000002799c4a06c4 sp=0x000000ac1b8fdae0
Event: 1.906 Thread 0x00000279ec8a5020 DEOPT UNPACKING pc=0x000002799bebd2a2 sp=0x000000ac1b8fda88 mode 2
Event: 1.907 Thread 0x00000279ec8a5020 Uncommon trap: trap_request=0xffffff45 fr.pc=0x000002799c4a02cc relative=0x00000000000000cc
Event: 1.907 Thread 0x00000279ec8a5020 Uncommon trap: reason=unstable_if action=reinterpret pc=0x000002799c4a02cc method=java.util.concurrent.locks.ReentrantLock$Sync.tryRelease(I)Z @ 26 c2
Event: 1.907 Thread 0x00000279ec8a5020 DEOPT PACKING pc=0x000002799c4a02cc sp=0x000000ac1b8fdae0
Event: 1.907 Thread 0x00000279ec8a5020 DEOPT UNPACKING pc=0x000002799bebd2a2 sp=0x000000ac1b8fda80 mode 2

Classes loaded (20 events):
Event: 1.936 Loading class sun/security/ssl/Finished$VerifyDataGenerator done
Event: 1.936 Loading class sun/security/ssl/Finished$S30VerifyDataGenerator done
Event: 1.936 Loading class sun/security/ssl/Finished$T10VerifyDataGenerator
Event: 1.936 Loading class sun/security/ssl/Finished$T10VerifyDataGenerator done
Event: 1.936 Loading class sun/security/ssl/Finished$T12VerifyDataGenerator
Event: 1.936 Loading class sun/security/ssl/Finished$T12VerifyDataGenerator done
Event: 1.936 Loading class sun/security/ssl/Finished$T13VerifyDataGenerator
Event: 1.936 Loading class sun/security/ssl/Finished$T13VerifyDataGenerator done
Event: 1.936 Loading class sun/security/ssl/Finished$1
Event: 1.936 Loading class sun/security/ssl/Finished$1 done
Event: 1.936 Loading class sun/security/ssl/SSLBasicKeyDerivation
Event: 1.936 Loading class sun/security/ssl/SSLBasicKeyDerivation done
Event: 1.936 Loading class sun/security/ssl/SSLBasicKeyDerivation$SecretSizeSpec
Event: 1.936 Loading class sun/security/ssl/SSLBasicKeyDerivation$SecretSizeSpec done
Event: 1.939 Loading class java/util/stream/DistinctOps
Event: 1.939 Loading class java/util/stream/DistinctOps done
Event: 1.939 Loading class java/util/stream/DistinctOps$1
Event: 1.939 Loading class java/util/stream/ReferencePipeline$StatefulOp
Event: 1.939 Loading class java/util/stream/ReferencePipeline$StatefulOp done
Event: 1.939 Loading class java/util/stream/DistinctOps$1 done

Classes unloaded (0 events):
No events

Classes redefined (0 events):
No events

Internal exceptions (20 events):
Event: 0.638 Thread 0x000002798c8970a0 Exception <a 'java/lang/ClassNotFoundException'{0x00000000c7698aa8}: TreeCell> (0x00000000c7698aa8) 
thrown [s\open\src\hotspot\share\classfile\systemDictionary.cpp, line 305]
Event: 0.639 Thread 0x000002798c8970a0 Exception <a 'java/lang/ClassNotFoundException'{0x00000000c7699250}: RootPane> (0x00000000c7699250) 
thrown [s\open\src\hotspot\share\classfile\systemDictionary.cpp, line 305]
Event: 0.642 Thread 0x000002798c8970a0 Exception <a 'java/lang/ClassNotFoundException'{0x00000000c769bf90}: com/sun/swing/internal/plaf/metal/resources/spi/metalProvider> (0x00000000c769bf90) 
thrown [s\open\src\hotspot\share\classfile\systemDictionary.cpp, line 305]
Event: 0.644 Thread 0x000002798c8970a0 Exception <a 'java/lang/ClassNotFoundException'{0x00000000c769fc40}: com/sun/swing/internal/plaf/basic/resources/spi/basicProvider> (0x00000000c769fc40) 
thrown [s\open\src\hotspot\share\classfile\systemDictionary.cpp, line 305]
Event: 0.678 Thread 0x00000279ec8a5020 Exception <a 'java/lang/ClassNotFoundException'{0x00000000c7514e88}: com/sun/swing/internal/plaf/synth/resources/spi/synthProvider> (0x00000000c7514e88) 
thrown [s\open\src\hotspot\share\classfile\systemDictionary.cpp, line 305]
Event: 0.704 Thread 0x00000279ec8a5020 Exception <a 'java/lang/NoSuchMethodError'{0x00000000c7558100}: 'int java.lang.invoke.Invokers$Holder.invokeExact_MT(java.lang.Object, java.lang.Object)'> (0x00000000c7558100) 
thrown [s\open\src\hotspot\share\interpreter\linkResolver.cpp, line 773]
Event: 0.714 Thread 0x00000279ec8a5020 Exception <a 'java/lang/NoSuchMethodError'{0x00000000c75620d0}: 'java.lang.Object java.lang.invoke.DirectMethodHandle$Holder.newInvokeSpecial(java.lang.Object, java.lang.Object, int)'> (0x00000000c75620d0) 
thrown [s\open\src\hotspot\share\interpreter\linkResolver.cpp, line 773]
Event: 0.715 Thread 0x00000279ec8a5020 Exception <a 'java/lang/NoSuchMethodError'{0x00000000c7566f80}: 'int java.lang.invoke.DirectMethodHandle$Holder.invokeSpecial(java.lang.Object, java.lang.Object, java.lang.Object, int)'> (0x00000000c7566f80) 
thrown [s\open\src\hotspot\share\interpreter\linkResolver.cpp, line 773]
Event: 0.719 Thread 0x00000279ec8a5020 Exception <a 'java/lang/NoSuchMethodError'{0x00000000c75795a0}: 'java.lang.Object java.lang.invoke.DirectMethodHandle$Holder.invokeStatic(java.lang.Object, java.lang.Object, java.lang.Object, java.lang.Object, int)'> (0x00000000c75795a0) 
thrown [s\open\src\hotspot\share\interpreter\linkResolver.cpp, line 773]
Event: 0.721 Thread 0x00000279ec8a5020 Exception <a 'java/lang/NoSuchMethodError'{0x00000000c7584cf0}: 'int java.lang.invoke.DirectMethodHandle$Holder.invokeSpecial(java.lang.Object, java.lang.Object, java.lang.Object)'> (0x00000000c7584cf0) 
thrown [s\open\src\hotspot\share\interpreter\linkResolver.cpp, line 773]
Event: 0.975 Thread 0x00000279ec7e9100 Exception <a 'java/lang/NoSuchMethodError'{0x00000000c770f708}: 'void java.lang.invoke.DirectMethodHandle$Holder.invokeVirtual(java.lang.Object, java.lang.Object)'> (0x00000000c770f708) 
thrown [s\open\src\hotspot\share\interpreter\linkResolver.cpp, line 773]
Event: 1.000 Thread 0x00000279ec8a5020 Exception <a 'java/lang/NoSuchMethodError'{0x00000000c745bfc8}: 'void java.lang.invoke.DirectMethodHandle$Holder.invokeStaticInit(java.lang.Object)'> (0x00000000c745bfc8) 
thrown [s\open\src\hotspot\share\interpreter\linkResolver.cpp, line 773]
Event: 1.152 Thread 0x00000279ec8a5020 Exception <a 'java/lang/NoSuchMethodError'{0x00000000c73a5fb8}: 'java.lang.Object java.lang.invoke.DirectMethodHandle$Holder.invokeInterface(java.lang.Object, java.lang.Object)'> (0x00000000c73a5fb8) 
thrown [s\open\src\hotspot\share\interpreter\linkResolver.cpp, line 773]
Event: 1.175 Thread 0x00000279ec8a5020 Exception <a 'java/lang/NoSuchMethodError'{0x00000000c7221ab8}: 'void java.lang.invoke.DirectMethodHandle$Holder.invokeStatic(java.lang.Object, java.lang.Object, java.lang.Object)'> (0x00000000c7221ab8) 
thrown [s\open\src\hotspot\share\interpreter\linkResolver.cpp, line 773]
Event: 1.181 Thread 0x00000279ec8a5020 Exception <a 'java/lang/NoSuchMethodError'{0x00000000c722b5c8}: 'java.lang.Object java.lang.invoke.DirectMethodHandle$Holder.invokeVirtual(java.lang.Object, java.lang.Object, java.lang.Object)'> (0x00000000c722b5c8) 
thrown [s\open\src\hotspot\share\interpreter\linkResolver.cpp, line 773]
Event: 1.278 Thread 0x00000279ec8a5020 Exception <a 'java/lang/NoSuchMethodError'{0x00000000c6f37af0}: 'void java.lang.invoke.DirectMethodHandle$Holder.invokeStatic(java.lang.Object, java.lang.Object)'> (0x00000000c6f37af0) 
thrown [s\open\src\hotspot\share\interpreter\linkResolver.cpp, line 773]
Event: 1.413 Thread 0x00000279ec8a5020 Exception <a 'java/lang/NoSuchMethodError'{0x00000000c7924fe0}: 'void java.lang.invoke.DirectMethodHandle$Holder.invokeStaticInit(java.lang.Object, java.lang.Object)'> (0x00000000c7924fe0) 
thrown [s\open\src\hotspot\share\interpreter\linkResolver.cpp, line 773]
Event: 1.489 Thread 0x00000279ec8a5020 Exception <a 'sun/nio/fs/WindowsException'{0x00000000c7858e60}> (0x00000000c7858e60) 
thrown [s\open\src\hotspot\share\prims\jni.cpp, line 519]
Event: 1.549 Thread 0x00000279ec8a5020 Exception <a 'java/lang/NoSuchMethodError'{0x00000000c770bee8}: 'java.lang.Object java.lang.invoke.DirectMethodHandle$Holder.invokeStaticInit(java.lang.Object, int, int, int, int)'> (0x00000000c770bee8) 
thrown [s\open\src\hotspot\share\interpreter\linkResolver.cpp, line 773]
Event: 1.684 Thread 0x00000279ec8a5020 Exception <a 'java/lang/NoSuchMethodError'{0x00000000c775c178}: 'java.lang.Object java.lang.invoke.DirectMethodHandle$Holder.invokeStaticInit(java.lang.Object, java.lang.Object, int, int, int, int)'> (0x00000000c775c178) 
thrown [s\open\src\hotspot\share\interpreter\linkResolver.cpp, line 773]

VM Operations (20 events):
Event: 0.420 Executing VM operation: HandshakeAllThreads
Event: 0.420 Executing VM operation: HandshakeAllThreads done
Event: 0.840 Executing VM operation: HandshakeAllThreads
Event: 0.840 Executing VM operation: HandshakeAllThreads done
Event: 0.953 Executing VM operation: HandshakeAllThreads
Event: 0.953 Executing VM operation: HandshakeAllThreads done
Event: 1.132 Executing VM operation: HandshakeAllThreads
Event: 1.132 Executing VM operation: HandshakeAllThreads done
Event: 1.132 Executing VM operation: Cleanup
Event: 1.132 Executing VM operation: Cleanup done
Event: 1.265 Executing VM operation: HandshakeAllThreads
Event: 1.265 Executing VM operation: HandshakeAllThreads done
Event: 1.318 Executing VM operation: G1CollectForAllocation
Event: 1.325 Executing VM operation: G1CollectForAllocation done
Event: 1.429 Executing VM operation: HandshakeAllThreads
Event: 1.429 Executing VM operation: HandshakeAllThreads done
Event: 1.500 Executing VM operation: HandshakeAllThreads
Event: 1.500 Executing VM operation: HandshakeAllThreads done
Event: 1.915 Executing VM operation: HandshakeAllThreads
Event: 1.915 Executing VM operation: HandshakeAllThreads done

Events (18 events):
Event: 0.037 Thread 0x000002798c8970a0 Thread added: 0x000002798c8970a0
Event: 0.054 Thread 0x00000279a7284100 Thread added: 0x00000279a7284100
Event: 0.057 Thread 0x00000279a7284fa0 Thread added: 0x00000279a7284fa0
Event: 0.057 Thread 0x00000279a72897c0 Thread added: 0x00000279a72897c0
Event: 0.057 Thread 0x00000279a728a3f0 Thread added: 0x00000279a728a3f0
Event: 0.058 Thread 0x00000279a728cf50 Thread added: 0x00000279a728cf50
Event: 0.058 Thread 0x00000279a728f8a0 Thread added: 0x00000279a728f8a0
Event: 0.058 Thread 0x00000279a7290510 Thread added: 0x00000279a7290510
Event: 0.067 Thread 0x00000279a72fcd30 Thread added: 0x00000279a72fcd30
Event: 0.105 Thread 0x00000279a726c6f0 Thread added: 0x00000279a726c6f0
Event: 0.202 Thread 0x00000279ec6c0d50 Thread added: 0x00000279ec6c0d50
Event: 0.468 Thread 0x00000279ec7b1be0 Thread added: 0x00000279ec7b1be0
Event: 0.471 Thread 0x00000279ec7e8580 Thread added: 0x00000279ec7e8580
Event: 0.473 Thread 0x00000279ec7e9100 Thread added: 0x00000279ec7e9100
Event: 0.661 Thread 0x00000279ec8a5020 Thread added: 0x00000279ec8a5020
Event: 0.662 Thread 0x000002798c8970a0 Thread exited: 0x000002798c8970a0
Event: 0.662 Thread 0x000002798c8970a0 Thread added: 0x000002798c8970a0
Event: 1.118 Thread 0x00000279ee157210 Thread added: 0x00000279ee157210


Dynamic libraries:
0x00007ff7b59e0000 - 0x00007ff7b59f0000 	C:\Program Files\Java\jdk-20\bin\java.exe
0x00007ffba9d70000 - 0x00007ffba9f87000 	C:\WINDOWS\SYSTEM32\ntdll.dll
0x00007ffba8ec0000 - 0x00007ffba8f84000 	C:\WINDOWS\System32\KERNEL32.DLL
0x00007ffba7530000 - 0x00007ffba78d5000 	C:\WINDOWS\System32\KERNELBASE.dll
0x00007ffba7160000 - 0x00007ffba7271000 	C:\WINDOWS\System32\ucrtbase.dll
0x00007ffb98130000 - 0x00007ffb98149000 	C:\Program Files\Java\jdk-20\bin\jli.dll
0x00007ffba7bd0000 - 0x00007ffba7c81000 	C:\WINDOWS\System32\ADVAPI32.dll
0x00007ffb811c0000 - 0x00007ffb811db000 	C:\Program Files\Java\jdk-20\bin\VCRUNTIME140.dll
0x00007ffba9a20000 - 0x00007ffba9ac7000 	C:\WINDOWS\System32\msvcrt.dll
0x00007ffba8370000 - 0x00007ffba8416000 	C:\WINDOWS\System32\sechost.dll
0x00007ffba8f90000 - 0x00007ffba90a7000 	C:\WINDOWS\System32\RPCRT4.dll
0x00007ffba84a0000 - 0x00007ffba864e000 	C:\WINDOWS\System32\USER32.dll
0x00007ffba7280000 - 0x00007ffba72a6000 	C:\WINDOWS\System32\win32u.dll
0x00007ffba9ad0000 - 0x00007ffba9af9000 	C:\WINDOWS\System32\GDI32.dll
0x00007ffba79a0000 - 0x00007ffba7ab9000 	C:\WINDOWS\System32\gdi32full.dll
0x00007ffba72b0000 - 0x00007ffba734a000 	C:\WINDOWS\System32\msvcp_win.dll
0x00007ffb8d0c0000 - 0x00007ffb8d353000 	C:\WINDOWS\WinSxS\amd64_microsoft.windows.common-controls_6595b64144ccf1df_6.0.22621.2506_none_270c5ae97388e100\COMCTL32.dll
0x00007ffb9ce00000 - 0x00007ffb9ce0a000 	C:\WINDOWS\SYSTEM32\VERSION.dll
0x00007ffba7b20000 - 0x00007ffba7b51000 	C:\WINDOWS\System32\IMM32.DLL
0x00007ffb9aea0000 - 0x00007ffb9aeac000 	C:\Program Files\Java\jdk-20\bin\vcruntime140_1.dll
0x00007ffb734e0000 - 0x00007ffb7356e000 	C:\Program Files\Java\jdk-20\bin\msvcp140.dll
0x00007ffb57000000 - 0x00007ffb57c98000 	C:\Program Files\Java\jdk-20\bin\server\jvm.dll
0x00007ffb9d5b0000 - 0x00007ffb9d5e4000 	C:\WINDOWS\SYSTEM32\WINMM.dll
0x00007ffb9bd80000 - 0x00007ffb9bd89000 	C:\WINDOWS\SYSTEM32\WSOCK32.dll
0x00007ffba9210000 - 0x00007ffba9281000 	C:\WINDOWS\System32\WS2_32.dll
0x00007ffba6080000 - 0x00007ffba6098000 	C:\WINDOWS\SYSTEM32\kernel.appcore.dll
0x00007ffb985f0000 - 0x00007ffb985fa000 	C:\Program Files\Java\jdk-20\bin\jimage.dll
0x00007ffba1960000 - 0x00007ffba1b93000 	C:\WINDOWS\SYSTEM32\DBGHELP.DLL
0x00007ffba7fe0000 - 0x00007ffba8369000 	C:\WINDOWS\System32\combase.dll
0x00007ffba9940000 - 0x00007ffba9a17000 	C:\WINDOWS\System32\OLEAUT32.dll
0x00007ffb9c250000 - 0x00007ffb9c282000 	C:\WINDOWS\SYSTEM32\dbgcore.DLL
0x00007ffba70e0000 - 0x00007ffba715a000 	C:\WINDOWS\System32\bcryptPrimitives.dll
0x00007ffb79910000 - 0x00007ffb79936000 	C:\Program Files\Java\jdk-20\bin\java.dll
0x00007ffb79830000 - 0x00007ffb79907000 	C:\Program Files\Java\jdk-20\bin\jsvml.dll
0x00007ffba8650000 - 0x00007ffba8ea9000 	C:\WINDOWS\System32\SHELL32.dll
0x00007ffba5000000 - 0x00007ffba58f4000 	C:\WINDOWS\SYSTEM32\windows.storage.dll
0x00007ffba4ec0000 - 0x00007ffba4ffe000 	C:\WINDOWS\SYSTEM32\wintypes.dll
0x00007ffba7e30000 - 0x00007ffba7f23000 	C:\WINDOWS\System32\SHCORE.dll
0x00007ffba9740000 - 0x00007ffba979e000 	C:\WINDOWS\System32\shlwapi.dll
0x00007ffba7010000 - 0x00007ffba7036000 	C:\WINDOWS\SYSTEM32\profapi.dll
0x00007ffb7aa70000 - 0x00007ffb7aa83000 	C:\Program Files\Java\jdk-20\bin\net.dll
0x00007ffb9cb60000 - 0x00007ffb9cc97000 	C:\WINDOWS\SYSTEM32\WINHTTP.dll
0x00007ffba6560000 - 0x00007ffba65c9000 	C:\WINDOWS\system32\mswsock.dll
0x00007ffb78340000 - 0x00007ffb78356000 	C:\Program Files\Java\jdk-20\bin\nio.dll
0x00007ffb78320000 - 0x00007ffb78338000 	C:\Program Files\Java\jdk-20\bin\zip.dll
0x00007ffb73570000 - 0x00007ffb73701000 	C:\Program Files\Java\jdk-20\bin\awt.dll
0x00007ffba0c80000 - 0x00007ffba0d17000 	C:\WINDOWS\SYSTEM32\apphelp.dll
0x00007ffba1110000 - 0x00007ffba11bb000 	C:\WINDOWS\system32\uxtheme.dll
0x00007ffba90b0000 - 0x00007ffba91ff000 	C:\WINDOWS\System32\MSCTF.dll
0x00007ffba97a0000 - 0x00007ffba9940000 	C:\WINDOWS\System32\ole32.dll
0x00007ffba1620000 - 0x00007ffba164b000 	C:\WINDOWS\system32\DWMAPI.DLL
0x00007ffb6aac0000 - 0x00007ffb6ab46000 	C:\Program Files\Java\jdk-20\bin\freetype.dll
0x00007ffb62640000 - 0x00007ffb62713000 	C:\Program Files\Java\jdk-20\bin\fontmanager.dll
0x00007ffb79f90000 - 0x00007ffb7a090000 	C:\WINDOWS\system32\opengl32.dll
0x00007ffb8e3b0000 - 0x00007ffb8e3dd000 	C:\WINDOWS\SYSTEM32\GLU32.dll
0x00007ffba11f0000 - 0x00007ffba1226000 	C:\WINDOWS\SYSTEM32\dxcore.dll
0x00007ffba7f30000 - 0x00007ffba7fe0000 	C:\WINDOWS\System32\clbcatq.dll
0x00007ffba0f60000 - 0x00007ffba1110000 	C:\WINDOWS\SYSTEM32\WindowsCodecs.dll
0x00007ffb88be0000 - 0x00007ffb88c3e000 	C:\WINDOWS\system32\dataexchange.dll
0x00007ffb95e70000 - 0x00007ffb960f5000 	C:\WINDOWS\system32\twinapi.appcore.dll
0x00007ffba5bd0000 - 0x00007ffba5cc9000 	C:\WINDOWS\SYSTEM32\DNSAPI.dll
0x00007ffba5b60000 - 0x00007ffba5b8d000 	C:\WINDOWS\SYSTEM32\IPHLPAPI.DLL
0x00007ffba8eb0000 - 0x00007ffba8eb9000 	C:\WINDOWS\System32\NSI.dll
0x00007ffb99bc0000 - 0x00007ffb99bca000 	C:\Windows\System32\rasadhlp.dll
0x00007ffb9c450000 - 0x00007ffb9c4d3000 	C:\WINDOWS\System32\fwpuclnt.dll
0x00007ffb8bb20000 - 0x00007ffb8bb27000 	C:\Program Files\Java\jdk-20\bin\extnet.dll
0x00007ffba67b0000 - 0x00007ffba67cb000 	C:\WINDOWS\SYSTEM32\CRYPTSP.dll
0x00007ffba6040000 - 0x00007ffba6075000 	C:\WINDOWS\system32\rsaenh.dll
0x00007ffba6650000 - 0x00007ffba667c000 	C:\WINDOWS\SYSTEM32\USERENV.dll
0x00007ffba69a0000 - 0x00007ffba69c8000 	C:\WINDOWS\SYSTEM32\bcrypt.dll
0x00007ffba67d0000 - 0x00007ffba67dc000 	C:\WINDOWS\SYSTEM32\CRYPTBASE.dll
0x00007ffb9cb00000 - 0x00007ffb9cb19000 	C:\WINDOWS\SYSTEM32\dhcpcsvc6.DLL
0x00007ffb9ca40000 - 0x00007ffb9ca5f000 	C:\WINDOWS\SYSTEM32\dhcpcsvc.DLL
0x00007ffb9af40000 - 0x00007ffb9af4e000 	C:\Program Files\Java\jdk-20\bin\sunmscapi.dll
0x00007ffba73c0000 - 0x00007ffba7526000 	C:\WINDOWS\System32\CRYPT32.dll
0x00007ffba6970000 - 0x00007ffba699d000 	C:\WINDOWS\SYSTEM32\ncrypt.dll
0x00007ffba6930000 - 0x00007ffba6967000 	C:\WINDOWS\SYSTEM32\NTASN1.dll

dbghelp: loaded successfully - version: 4.0.5 - missing functions: none
symbol engine: initialized successfully - sym options: 0x614 - pdb path: .;C:\Program Files\Java\jdk-20\bin;C:\WINDOWS\SYSTEM32;C:\WINDOWS\WinSxS\amd64_microsoft.windows.common-controls_6595b64144ccf1df_6.0.22621.2506_none_270c5ae97388e100;C:\Program Files\Java\jdk-20\bin\server

VM Arguments:
jvm_args: -Dfile.encoding=UTF-8 --module-path=D:\uni java projects\BookShop\build\classes 
java_command: interfaces.Employee_Accounts
java_class_path (initial): C:\Program Files\NetBeans-15\netbeans\java\modules\ext\AbsoluteLayout.jar;D:\uni java projects\mysql-connector-j-8.1.0\mysql-connector-j-8.1.0\mysql-connector-j-8.1.0.jar;C:\Users\ASUS\Desktop\jcalendar-1.4U\lib\jcalendar-1.4.jar;D:\uni java projects\flatlaf-3.2.5.jar;D:\uni java projects\BookShop\build\classes
Launcher Type: SUN_STANDARD

[Global flags]
     intx CICompilerCount                          = 3                                         {product} {ergonomic}
     uint ConcGCThreads                            = 1                                         {product} {ergonomic}
     uint G1ConcRefinementThreads                  = 4                                         {product} {ergonomic}
   size_t G1HeapRegionSize                         = 1048576                                   {product} {ergonomic}
    uintx GCDrainStackTargetSize                   = 64                                        {product} {ergonomic}
   size_t InitialHeapSize                          = 62914560                                  {product} {ergonomic}
   size_t MarkStackSize                            = 4194304                                   {product} {ergonomic}
   size_t MaxHeapSize                              = 1006632960                                {product} {ergonomic}
   size_t MaxNewSize                               = 603979776                                 {product} {ergonomic}
   size_t MinHeapDeltaBytes                        = 1048576                                   {product} {ergonomic}
   size_t MinHeapSize                              = 8388608                                   {product} {ergonomic}
    uintx NonNMethodCodeHeapSize                   = 5832780                                {pd product} {ergonomic}
    uintx NonProfiledCodeHeapSize                  = 122912730                              {pd product} {ergonomic}
    uintx ProfiledCodeHeapSize                     = 122912730                              {pd product} {ergonomic}
    uintx ReservedCodeCacheSize                    = 251658240                              {pd product} {ergonomic}
     bool SegmentedCodeCache                       = true                                      {product} {ergonomic}
   size_t SoftMaxHeapSize                          = 1006632960                             {manageable} {ergonomic}
     bool UseCompressedClassPointers               = true                           {product lp64_product} {ergonomic}
     bool UseCompressedOops                        = true                           {product lp64_product} {ergonomic}
     bool UseG1GC                                  = true                                      {product} {ergonomic}
     bool UseLargePagesIndividualAllocation        = false                                  {pd product} {ergonomic}

Logging:
Log output configuration:
 #0: stdout all=warning uptime,level,tags foldmultilines=false
 #1: stderr all=off uptime,level,tags foldmultilines=false

Environment Variables:
JAVA_HOME=C:\Program Files\Java\jdk-20
PATH=C:\Program Files\Java\jdk-20\bin;C:\Program Files\CodeBlocks\MinGW\bin;C:\Program Files (x86)\Common Files\Intel\Shared Libraries\redist\intel64\compiler;C:\Program Files\Common Files\Oracle\Java\javapath;C:\WINDOWS\system32;C:\WINDOWS;C:\WINDOWS\System32\Wbem;C:\WINDOWS\System32\WindowsPowerShell\v1.0\;C:\WINDOWS\System32\OpenSSH\;C:\Program Files (x86)\Microsoft SQL Server\160\DTS\Binn\;C:\Program Files\Azure Data Studio\bin;C:\Program Files (x86)\Microsoft SQL Server\160\Tools\Binn\;C:\Program Files\Microsoft SQL Server\160\Tools\Binn\;C:\Program Files\Microsoft SQL Server\Client SDK\ODBC\170\Tools\Binn\;C:\Program Files\Microsoft SQL Server\160\DTS\Binn\;C:\Program Files\Java\jdk-20\bin;C:\Users\ASUS\AppData\Local\Programs\Python\Python310\Scripts\;C:\Users\ASUS\AppData\Local\Programs\Python\Python310\;C:\Users\ASUS\AppData\Local\Microsoft\WindowsApps;;C:\Program Files\Azure Data Studio\bin
USERNAME=ASUS
OS=Windows_NT
PROCESSOR_IDENTIFIER=Intel64 Family 6 Model 126 Stepping 5, GenuineIntel
TMP=C:\Users\ASUS\AppData\Local\Temp
TEMP=C:\Users\ASUS\AppData\Local\Temp




---------------  S Y S T E M  ---------------

OS:
 Windows 11 , 64 bit Build 22621 (10.0.22621.2506)
OS uptime: 4 days 4:33 hours

CPU: total 4 (initial active 4) (2 cores per cpu, 2 threads per core) family 6 model 126 stepping 5 microcode 0x96, cx8, cmov, fxsr, ht, mmx, 3dnowpref, sse, sse2, sse3, ssse3, sse4.1, sse4.2, popcnt, lzcnt, tsc, tscinvbit, avx, avx2, aes, erms, clmul, bmi1, bmi2, adx, avx512f, avx512dq, avx512cd, avx512bw, avx512vl, sha, fma, vzeroupper, avx512_vpopcntdq, avx512_vpclmulqdq, avx512_vaes, avx512_vnni, clflush, clflushopt, avx512_vbmi2, avx512_vbmi, rdtscp, rdpid, fsrm, gfni, avx512_bitalg, f16c, pku, avx512_ifma

Memory: 4k page, system-wide physical 3836M (287M free)
TotalPageFile size 15612M (AvailPageFile size 1M)
current process WorkingSet (physical memory assigned to process): 96M, peak: 96M
current process commit charge ("private bytes"): 166M, peak: 166M

vm_info: Java HotSpot(TM) 64-Bit Server VM (20.0.2+9-78) for windows-amd64 JRE (20.0.2+9-78), built on 2023-06-14T10:08:48Z by "mach5one" with MS VC++ 17.1 (VS2022)

END.
