#
# There is insufficient memory for the Java Runtime Environment to continue.
# Native memory allocation (malloc) failed to allocate 1048576 bytes for AllocateHeap
# Possible reasons:
#   The system is out of physical RAM or swap space
#   The process is running with CompressedOops enabled, and the Java Heap may be blocking the growth of the native heap
# Possible solutions:
#   Reduce memory load on the system
#   Increase physical memory or swap space
#   Check if swap backing store is full
#   Decrease Java heap size (-Xmx/-Xms)
#   Decrease number of Java threads
#   Decrease Java thread stack sizes (-Xss)
#   Set larger code cache with -XX:ReservedCodeCacheSize=
#   JVM is running with Unscaled Compressed Oops mode in which the Java heap is
#     placed in the first 4GB address space. The Java Heap base address is the
#     maximum limit for the native heap growth. Please use -XX:HeapBaseMinAddress
#     to set the Java Heap base and to place the Java Heap above 4GB virtual address.
# This output file may be truncated or incomplete.
#
#  Out of Memory Error (allocation.cpp:44), pid=1488, tid=8420
#
# JRE version:  (20.0.2+9) (build )
# Java VM: Java HotSpot(TM) 64-Bit Server VM (20.0.2+9-78, mixed mode, sharing, tiered, compressed oops, compressed class ptrs, g1 gc, windows-amd64)
# No core dump will be written. Minidumps are not enabled by default on client versions of Windows
#

---------------  S U M M A R Y ------------

Command Line: -Dfile.encoding=UTF-8 --module-path=D:\uni java projects\BookShop\build\classes interfaces.Employee_Accounts

Host: Intel(R) Core(TM) i3-1005G1 CPU @ 1.20GHz, 4 cores, 3G,  Windows 11 , 64 bit Build 22621 (10.0.22621.2506)
Time: Sat Dec  9 03:04:11 2023 Sri Lanka Standard Time elapsed time: 0.037190 seconds (0d 0h 0m 0s)

---------------  T H R E A D  ---------------

Current thread (0x0000010f57c86d60):  JavaThread "Unknown thread" [_thread_in_vm, id=8420, stack(0x00000003fe100000,0x00000003fe200000)]

Stack: [0x00000003fe100000,0x00000003fe200000]
Native frames: (J=compiled Java code, j=interpreted, Vv=VM code, C=native code)
V  [jvm.dll+0x6bc25a]
V  [jvm.dll+0x84971a]
V  [jvm.dll+0x84b315]
V  [jvm.dll+0x84ba13]
V  [jvm.dll+0x280e4f]
V  [jvm.dll+0xbce65]
V  [jvm.dll+0x333ec5]
V  [jvm.dll+0x32c661]
V  [jvm.dll+0x8123df]
V  [jvm.dll+0x3c1261]
V  [jvm.dll+0x7fe103]
V  [jvm.dll+0x44ccaf]
V  [jvm.dll+0x44e621]
C  [jli.dll+0x5287]
C  [ucrtbase.dll+0x29363]
C  [KERNEL32.DLL+0x1257d]
C  [ntdll.dll+0x5aa58]


---------------  P R O C E S S  ---------------

Threads class SMR info:
_java_thread_list=0x00007ffb57b5b118, length=0, elements={
}

Java Threads: ( => current thread )

Other Threads:
  0x0000010f57cc8380 WorkerThread "GC Thread#0" [stack: 0x00000003fe200000,0x00000003fe300000] [id=1164]

[error occurred during error reporting (printing all threads), id 0xc0000005, EXCEPTION_ACCESS_VIOLATION (0xc0000005) at pc=0x00007ffb57338d60]
VM state: not at safepoint (not fully initialized)

VM Mutex/Monitor currently owned by a thread:  ([mutex/lock_event])
[0x0000010f57c84110] Heap_lock - owner thread: 0x0000010f57c86d60

Heap address: 0x00000000c4000000, size: 960 MB, Compressed Oops mode: 32-bit

CDS archive(s) mapped at: [0x0000000000000000-0x0000000000000000-0x0000000000000000), size 0, SharedBaseAddress: 0x0000000800000000, ArchiveRelocationMode: 1.
Narrow klass base: 0x0000000000000000, Narrow klass shift: 0, Narrow klass range: 0x0

GC Precious Log:
 CardTable entry size: 512
 Card Set container configuration: InlinePtr #cards 5 size 8 Array Of Cards #cards 12 size 40 Howl #buckets 4 coarsen threshold 1843 Howl Bitmap #cards 512 size 80 coarsen threshold 460 Card regions per heap region 1 cards per card region 2048

Heap:
 garbage-first heap   total 0K, used 0K [0x00000000c4000000, 0x0000000100000000)
  region size 1024K, 0 young (0K), 0 survivors (0K)

[error occurred during error reporting (printing heap information), id 0xc0000005, EXCEPTION_ACCESS_VIOLATION (0xc0000005) at pc=0x00007ffb577147b9]
GC Heap History (0 events):
No events

Dll operation events (1 events):
Event: 0.027 Loaded shared library C:\Program Files\Java\jdk-20\bin\java.dll

Deoptimization events (0 events):
No events

Classes loaded (0 events):
No events

Classes unloaded (0 events):
No events

Classes redefined (0 events):
No events

Internal exceptions (0 events):
No events

VM Operations (0 events):
No events

Events (0 events):
No events


Dynamic libraries:
0x00007ff7b59e0000 - 0x00007ff7b59f0000 	C:\Program Files\Java\jdk-20\bin\java.exe
0x00007ffba9d70000 - 0x00007ffba9f87000 	C:\WINDOWS\SYSTEM32\ntdll.dll
0x00007ffba8ec0000 - 0x00007ffba8f84000 	C:\WINDOWS\System32\KERNEL32.DLL
0x00007ffba7530000 - 0x00007ffba78d5000 	C:\WINDOWS\System32\KERNELBASE.dll
0x00007ffba7160000 - 0x00007ffba7271000 	C:\WINDOWS\System32\ucrtbase.dll
0x00007ffb811c0000 - 0x00007ffb811db000 	C:\Program Files\Java\jdk-20\bin\VCRUNTIME140.dll
0x00007ffb98130000 - 0x00007ffb98149000 	C:\Program Files\Java\jdk-20\bin\jli.dll
0x00007ffba7bd0000 - 0x00007ffba7c81000 	C:\WINDOWS\System32\ADVAPI32.dll
0x00007ffba9a20000 - 0x00007ffba9ac7000 	C:\WINDOWS\System32\msvcrt.dll
0x00007ffba8370000 - 0x00007ffba8416000 	C:\WINDOWS\System32\sechost.dll
0x00007ffba8f90000 - 0x00007ffba90a7000 	C:\WINDOWS\System32\RPCRT4.dll
0x00007ffba84a0000 - 0x00007ffba864e000 	C:\WINDOWS\System32\USER32.dll
0x00007ffba7280000 - 0x00007ffba72a6000 	C:\WINDOWS\System32\win32u.dll
0x00007ffba9ad0000 - 0x00007ffba9af9000 	C:\WINDOWS\System32\GDI32.dll
0x00007ffba79a0000 - 0x00007ffba7ab9000 	C:\WINDOWS\System32\gdi32full.dll
0x00007ffba72b0000 - 0x00007ffba734a000 	C:\WINDOWS\System32\msvcp_win.dll
0x00007ffb8d0c0000 - 0x00007ffb8d353000 	C:\WINDOWS\WinSxS\amd64_microsoft.windows.common-controls_6595b64144ccf1df_6.0.22621.2506_none_270c5ae97388e100\COMCTL32.dll
0x00007ffb9ce00000 - 0x00007ffb9ce0a000 	C:\WINDOWS\SYSTEM32\VERSION.dll
0x00007ffba7b20000 - 0x00007ffba7b51000 	C:\WINDOWS\System32\IMM32.DLL
0x00007ffb9aea0000 - 0x00007ffb9aeac000 	C:\Program Files\Java\jdk-20\bin\vcruntime140_1.dll
0x00007ffb734e0000 - 0x00007ffb7356e000 	C:\Program Files\Java\jdk-20\bin\msvcp140.dll
0x00007ffb57000000 - 0x00007ffb57c98000 	C:\Program Files\Java\jdk-20\bin\server\jvm.dll
0x00007ffb9bd80000 - 0x00007ffb9bd89000 	C:\WINDOWS\SYSTEM32\WSOCK32.dll
0x00007ffba9210000 - 0x00007ffba9281000 	C:\WINDOWS\System32\WS2_32.dll
0x00007ffb9d5b0000 - 0x00007ffb9d5e4000 	C:\WINDOWS\SYSTEM32\WINMM.dll
0x00007ffba6080000 - 0x00007ffba6098000 	C:\WINDOWS\SYSTEM32\kernel.appcore.dll
0x00007ffb985f0000 - 0x00007ffb985fa000 	C:\Program Files\Java\jdk-20\bin\jimage.dll
0x00007ffba1960000 - 0x00007ffba1b93000 	C:\WINDOWS\SYSTEM32\DBGHELP.DLL
0x00007ffba7fe0000 - 0x00007ffba8369000 	C:\WINDOWS\System32\combase.dll
0x00007ffba9940000 - 0x00007ffba9a17000 	C:\WINDOWS\System32\OLEAUT32.dll
0x00007ffb9c250000 - 0x00007ffb9c282000 	C:\WINDOWS\SYSTEM32\dbgcore.DLL
0x00007ffba70e0000 - 0x00007ffba715a000 	C:\WINDOWS\System32\bcryptPrimitives.dll
0x00007ffb79910000 - 0x00007ffb79936000 	C:\Program Files\Java\jdk-20\bin\java.dll

dbghelp: loaded successfully - version: 4.0.5 - missing functions: none
symbol engine: initialized successfully - sym options: 0x614 - pdb path: .;C:\Program Files\Java\jdk-20\bin;C:\WINDOWS\SYSTEM32;C:\WINDOWS\WinSxS\amd64_microsoft.windows.common-controls_6595b64144ccf1df_6.0.22621.2506_none_270c5ae97388e100;C:\Program Files\Java\jdk-20\bin\server

VM Arguments:
jvm_args: -Dfile.encoding=UTF-8 --module-path=D:\uni java projects\BookShop\build\classes 
java_command: interfaces.Employee_Accounts
java_class_path (initial): C:\Program Files\NetBeans-15\netbeans\java\modules\ext\AbsoluteLayout.jar;D:\uni java projects\mysql-connector-j-8.1.0\mysql-connector-j-8.1.0\mysql-connector-j-8.1.0.jar;C:\Users\ASUS\Desktop\jcalendar-1.4U\lib\jcalendar-1.4.jar;D:\uni java projects\flatlaf-3.2.5.jar;D:\uni java projects\BookShop\build\classes
Launcher Type: SUN_STANDARD

[Global flags]
     intx CICompilerCount                          = 3                                         {product} {ergonomic}
     uint ConcGCThreads                            = 1                                         {product} {ergonomic}
     uint G1ConcRefinementThreads                  = 4                                         {product} {ergonomic}
   size_t G1HeapRegionSize                         = 1048576                                   {product} {ergonomic}
    uintx GCDrainStackTargetSize                   = 64                                        {product} {ergonomic}
   size_t InitialHeapSize                          = 62914560                                  {product} {ergonomic}
   size_t MarkStackSize                            = 4194304                                   {product} {ergonomic}
   size_t MaxHeapSize                              = 1006632960                                {product} {ergonomic}
   size_t MinHeapDeltaBytes                        = 1048576                                   {product} {ergonomic}
   size_t MinHeapSize                              = 8388608                                   {product} {ergonomic}
    uintx NonNMethodCodeHeapSize                   = 5832780                                {pd product} {ergonomic}
    uintx NonProfiledCodeHeapSize                  = 122912730                              {pd product} {ergonomic}
    uintx ProfiledCodeHeapSize                     = 122912730                              {pd product} {ergonomic}
    uintx ReservedCodeCacheSize                    = 251658240                              {pd product} {ergonomic}
     bool SegmentedCodeCache                       = true                                      {product} {ergonomic}
   size_t SoftMaxHeapSize                          = 1006632960                             {manageable} {ergonomic}
     bool UseCompressedClassPointers               = true                           {product lp64_product} {ergonomic}
     bool UseCompressedOops                        = true                           {product lp64_product} {ergonomic}
     bool UseG1GC                                  = true                                      {product} {ergonomic}
     bool UseLargePagesIndividualAllocation        = false                                  {pd product} {ergonomic}

Logging:
Log output configuration:
 #0: stdout all=warning uptime,level,tags foldmultilines=false
 #1: stderr all=off uptime,level,tags foldmultilines=false

Environment Variables:
JAVA_HOME=C:\Program Files\Java\jdk-20
PATH=C:\Program Files\Java\jdk-20\bin;C:\Program Files\CodeBlocks\MinGW\bin;C:\Program Files (x86)\Common Files\Intel\Shared Libraries\redist\intel64\compiler;C:\Program Files\Common Files\Oracle\Java\javapath;C:\WINDOWS\system32;C:\WINDOWS;C:\WINDOWS\System32\Wbem;C:\WINDOWS\System32\WindowsPowerShell\v1.0\;C:\WINDOWS\System32\OpenSSH\;C:\Program Files (x86)\Microsoft SQL Server\160\DTS\Binn\;C:\Program Files\Azure Data Studio\bin;C:\Program Files (x86)\Microsoft SQL Server\160\Tools\Binn\;C:\Program Files\Microsoft SQL Server\160\Tools\Binn\;C:\Program Files\Microsoft SQL Server\Client SDK\ODBC\170\Tools\Binn\;C:\Program Files\Microsoft SQL Server\160\DTS\Binn\;C:\Program Files\Java\jdk-20\bin;C:\Users\ASUS\AppData\Local\Programs\Python\Python310\Scripts\;C:\Users\ASUS\AppData\Local\Programs\Python\Python310\;C:\Users\ASUS\AppData\Local\Microsoft\WindowsApps;;C:\Program Files\Azure Data Studio\bin
USERNAME=ASUS
OS=Windows_NT
PROCESSOR_IDENTIFIER=Intel64 Family 6 Model 126 Stepping 5, GenuineIntel
TMP=C:\Users\ASUS\AppData\Local\Temp
TEMP=C:\Users\ASUS\AppData\Local\Temp




---------------  S Y S T E M  ---------------

OS:
 Windows 11 , 64 bit Build 22621 (10.0.22621.2506)
OS uptime: 4 days 4:37 hours

CPU: total 4 (initial active 4) (2 cores per cpu, 2 threads per core) family 6 model 126 stepping 5 microcode 0x96, cx8, cmov, fxsr, ht, mmx, 3dnowpref, sse, sse2, sse3, ssse3, sse4.1, sse4.2, popcnt, lzcnt, tsc, tscinvbit, avx, avx2, aes, erms, clmul, bmi1, bmi2, adx, avx512f, avx512dq, avx512cd, avx512bw, avx512vl, sha, fma, vzeroupper, avx512_vpopcntdq, avx512_vpclmulqdq, avx512_vaes, avx512_vnni, clflush, clflushopt, avx512_vbmi2, avx512_vbmi, rdtscp, rdpid, fsrm, gfni, avx512_bitalg, f16c, pku, avx512_ifma

Memory: 4k page, system-wide physical 3836M (243M free)
TotalPageFile size 15612M (AvailPageFile size 5M)
current process WorkingSet (physical memory assigned to process): 10M, peak: 10M
current process commit charge ("private bytes"): 47M, peak: 48M

vm_info: Java HotSpot(TM) 64-Bit Server VM (20.0.2+9-78) for windows-amd64 JRE (20.0.2+9-78), built on 2023-06-14T10:08:48Z by "mach5one" with MS VC++ 17.1 (VS2022)

END.
